<?xml version="1.0" encoding="UTF-8"?>
<robot generator="Robot 4.1.2 (Python 3.9.7 on darwin)" generated="20211124 20:23:41.824" rpa="false" schemaversion="2">
<suite id="s1" name="CV-MX-WEB-ACCESO" source="/Users/at/Desktop/AT-auto/robotFramework/auto_py/QC-WEB-MX/QC-WEB-MX/testCases/CV-MX-WEB-ACCESO.robot">
<kw name="-CONFIGURACIÓN INICIAL SUITETEST-" library="common_functionalities" type="SETUP">
<kw name="Set Selenium Timeout" library="SeleniumLibrary">
<arg>10</arg>
<doc>Sets the timeout that is used by various keywords.</doc>
<status status="PASS" starttime="20211124 20:23:42.217" endtime="20211124 20:23:42.218"/>
</kw>
<status status="PASS" starttime="20211124 20:23:42.217" endtime="20211124 20:23:42.218"/>
</kw>
<test id="s1-t1" name="CV-MX-WEB-ACCESO-VALIDAR LOGIN CON USUARIO CORRECTO">
<kw name="-VALIDAR USUARIO VALIDO CV-" library="common_functionalities">
<arg>${email_valido}</arg>
<arg>${pass_valido}</arg>
<kw name="-ABRIR LOGIN PAGE-" library="common_functionalities">
<kw name="Open Browser" library="SeleniumLibrary">
<arg>https://www.clarovideo.com/mexico/login</arg>
<arg>${browser}</arg>
<doc>Opens a new browser instance to the optional ``url``.</doc>
<msg timestamp="20211124 20:23:42.220" level="INFO">Opening browser 'chrome' to base url 'https://www.clarovideo.com/mexico/login'.</msg>
<status status="PASS" starttime="20211124 20:23:42.220" endtime="20211124 20:23:46.741"/>
</kw>
<status status="PASS" starttime="20211124 20:23:42.220" endtime="20211124 20:23:46.741"/>
</kw>
<kw name="-INGRESAR EMAIL PARA LOGIN-" library="common_functionalities">
<arg>${email}</arg>
<kw name="Wait Until Element Is Visible" library="SeleniumLibrary">
<arg>${elementos_login_email['reg_emailtextbox']}</arg>
<doc>Waits until the element ``locator`` is visible.</doc>
<status status="PASS" starttime="20211124 20:23:46.742" endtime="20211124 20:23:46.988"/>
</kw>
<kw name="Input Text" library="SeleniumLibrary">
<arg>${elementos_login_email['reg_emailtextbox']}</arg>
<arg>${email}</arg>
<doc>Types the given ``text`` into the text field identified by ``locator``.</doc>
<msg timestamp="20211124 20:23:46.989" level="INFO">Typing text 's_tamezaa@globalhitss.com' into text field 'xpath=//*[@id="emailLogin"]'.</msg>
<status status="PASS" starttime="20211124 20:23:46.988" endtime="20211124 20:23:47.163"/>
</kw>
<kw name="Click Button" library="SeleniumLibrary">
<arg>${elementos_login_email['log_siguiente']}</arg>
<doc>Clicks the button identified by ``locator``.</doc>
<msg timestamp="20211124 20:23:47.164" level="INFO">Clicking button 'xpath=/html/body/div[2]/div/div[1]/div/div[2]/div/div/div[3]/div/button'.</msg>
<status status="PASS" starttime="20211124 20:23:47.163" endtime="20211124 20:23:47.353"/>
</kw>
<status status="PASS" starttime="20211124 20:23:46.742" endtime="20211124 20:23:47.353"/>
</kw>
<kw name="-INGRESAR PASSWORD PARA LOGIN-" library="common_functionalities">
<arg>${password}</arg>
<kw name="Wait Until Element Is Visible" library="SeleniumLibrary">
<arg>${elementos_login_pass['reg_pass_passtextbox']}</arg>
<doc>Waits until the element ``locator`` is visible.</doc>
<status status="PASS" starttime="20211124 20:23:47.354" endtime="20211124 20:23:47.825"/>
</kw>
<kw name="Input Text" library="SeleniumLibrary">
<arg>${elementos_login_pass['reg_pass_passtextbox']}</arg>
<arg>${password}</arg>
<doc>Types the given ``text`` into the text field identified by ``locator``.</doc>
<msg timestamp="20211124 20:23:47.827" level="INFO">Typing text 'Claro123!' into text field 'xpath=//*[@id="password"]'.</msg>
<status status="PASS" starttime="20211124 20:23:47.825" endtime="20211124 20:23:47.904"/>
</kw>
<kw name="Click Button" library="SeleniumLibrary">
<arg>${elementos_login_pass['log_pass_siguiente']}</arg>
<doc>Clicks the button identified by ``locator``.</doc>
<msg timestamp="20211124 20:23:47.906" level="INFO">Clicking button 'xpath=/html/body/div[2]/div/div[1]/div/div[2]/div/div/div[4]/div/button'.</msg>
<status status="PASS" starttime="20211124 20:23:47.904" endtime="20211124 20:23:47.999"/>
</kw>
<status status="PASS" starttime="20211124 20:23:47.353" endtime="20211124 20:23:48.000"/>
</kw>
<kw name="-CLICK IMAGEN DE PERFIL-" library="common_functionalities">
<kw name="Wait Until Page Contains Element" library="SeleniumLibrary">
<arg>xpath=//div[contains(@class,'image-grid-container')]//div[1]//div[1]//img[1]</arg>
<doc>Waits until the element ``locator`` appears on the current page.</doc>
<status status="PASS" starttime="20211124 20:23:48.000" endtime="20211124 20:23:53.858"/>
</kw>
<kw name="Click Element" library="SeleniumLibrary">
<arg>xpath=//div[contains(@class,'image-grid-container')]//div[1]//div[1]//img[1]</arg>
<doc>Click the element identified by ``locator``.</doc>
<msg timestamp="20211124 20:23:53.858" level="INFO">Clicking element 'xpath=//div[contains(@class,'image-grid-container')]//div[1]//div[1]//img[1]'.</msg>
<status status="PASS" starttime="20211124 20:23:53.858" endtime="20211124 20:23:54.081"/>
</kw>
<status status="PASS" starttime="20211124 20:23:48.000" endtime="20211124 20:23:54.081"/>
</kw>
<kw name="Wait Until Page Contains Element" library="SeleniumLibrary">
<arg>xpath=//i[@name='search']</arg>
<doc>Waits until the element ``locator`` appears on the current page.</doc>
<status status="PASS" starttime="20211124 20:23:54.081" endtime="20211124 20:23:54.162"/>
</kw>
<status status="PASS" starttime="20211124 20:23:42.219" endtime="20211124 20:23:54.162"/>
</kw>
<kw name="-CERRAR TODOS LOS NAVEGADORES-" library="common_functionalities">
<kw name="Close All Browsers" library="SeleniumLibrary">
<doc>Closes all open browsers and resets the browser cache.</doc>
<status status="PASS" starttime="20211124 20:23:54.163" endtime="20211124 20:23:54.282"/>
</kw>
<status status="PASS" starttime="20211124 20:23:54.162" endtime="20211124 20:23:54.283"/>
</kw>
<status status="PASS" starttime="20211124 20:23:42.218" endtime="20211124 20:23:54.283"/>
</test>
<test id="s1-t2" name="CV-MX-WEB-ACCESO-VALIDAR LOGIN CON PASSWORD INCORRECTO">
<kw name="-VALIDAR USUARIO NO VALIDO CV-" library="common_functionalities">
<arg>${email_valido}</arg>
<arg>${pass_novalido}</arg>
<kw name="-ABRIR LOGIN PAGE-" library="common_functionalities">
<kw name="Open Browser" library="SeleniumLibrary">
<arg>https://www.clarovideo.com/mexico/login</arg>
<arg>${browser}</arg>
<doc>Opens a new browser instance to the optional ``url``.</doc>
<msg timestamp="20211124 20:23:54.286" level="INFO">Opening browser 'chrome' to base url 'https://www.clarovideo.com/mexico/login'.</msg>
<status status="PASS" starttime="20211124 20:23:54.286" endtime="20211124 20:23:58.258"/>
</kw>
<status status="PASS" starttime="20211124 20:23:54.285" endtime="20211124 20:23:58.259"/>
</kw>
<kw name="-INGRESAR EMAIL PARA LOGIN-" library="common_functionalities">
<arg>${email}</arg>
<kw name="Wait Until Element Is Visible" library="SeleniumLibrary">
<arg>${elementos_login_email['reg_emailtextbox']}</arg>
<doc>Waits until the element ``locator`` is visible.</doc>
<status status="PASS" starttime="20211124 20:23:58.260" endtime="20211124 20:23:58.652"/>
</kw>
<kw name="Input Text" library="SeleniumLibrary">
<arg>${elementos_login_email['reg_emailtextbox']}</arg>
<arg>${email}</arg>
<doc>Types the given ``text`` into the text field identified by ``locator``.</doc>
<msg timestamp="20211124 20:23:58.653" level="INFO">Typing text 's_tamezaa@globalhitss.com' into text field 'xpath=//*[@id="emailLogin"]'.</msg>
<status status="PASS" starttime="20211124 20:23:58.652" endtime="20211124 20:23:58.798"/>
</kw>
<kw name="Click Button" library="SeleniumLibrary">
<arg>${elementos_login_email['log_siguiente']}</arg>
<doc>Clicks the button identified by ``locator``.</doc>
<msg timestamp="20211124 20:23:58.801" level="INFO">Clicking button 'xpath=/html/body/div[2]/div/div[1]/div/div[2]/div/div/div[3]/div/button'.</msg>
<status status="PASS" starttime="20211124 20:23:58.799" endtime="20211124 20:23:59.022"/>
</kw>
<status status="PASS" starttime="20211124 20:23:58.259" endtime="20211124 20:23:59.023"/>
</kw>
<kw name="-INGRESAR PASSWORD PARA LOGIN-" library="common_functionalities">
<arg>${password}</arg>
<kw name="Wait Until Element Is Visible" library="SeleniumLibrary">
<arg>${elementos_login_pass['reg_pass_passtextbox']}</arg>
<doc>Waits until the element ``locator`` is visible.</doc>
<status status="PASS" starttime="20211124 20:23:59.023" endtime="20211124 20:23:59.255"/>
</kw>
<kw name="Input Text" library="SeleniumLibrary">
<arg>${elementos_login_pass['reg_pass_passtextbox']}</arg>
<arg>${password}</arg>
<doc>Types the given ``text`` into the text field identified by ``locator``.</doc>
<msg timestamp="20211124 20:23:59.257" level="INFO">Typing text 'Claro123' into text field 'xpath=//*[@id="password"]'.</msg>
<status status="PASS" starttime="20211124 20:23:59.256" endtime="20211124 20:23:59.339"/>
</kw>
<kw name="Click Button" library="SeleniumLibrary">
<arg>${elementos_login_pass['log_pass_siguiente']}</arg>
<doc>Clicks the button identified by ``locator``.</doc>
<msg timestamp="20211124 20:23:59.341" level="INFO">Clicking button 'xpath=/html/body/div[2]/div/div[1]/div/div[2]/div/div/div[4]/div/button'.</msg>
<status status="PASS" starttime="20211124 20:23:59.339" endtime="20211124 20:23:59.440"/>
</kw>
<status status="PASS" starttime="20211124 20:23:59.023" endtime="20211124 20:23:59.440"/>
</kw>
<kw name="Wait Until Page Contains Element" library="SeleniumLibrary">
<arg>xpath=//div[@class='_l88cd _2hS3x']</arg>
<doc>Waits until the element ``locator`` appears on the current page.</doc>
<status status="PASS" starttime="20211124 20:23:59.441" endtime="20211124 20:23:59.450"/>
</kw>
<status status="PASS" starttime="20211124 20:23:54.285" endtime="20211124 20:23:59.450"/>
</kw>
<kw name="-CERRAR TODOS LOS NAVEGADORES-" library="common_functionalities">
<kw name="Close All Browsers" library="SeleniumLibrary">
<doc>Closes all open browsers and resets the browser cache.</doc>
<status status="PASS" starttime="20211124 20:23:59.451" endtime="20211124 20:23:59.551"/>
</kw>
<status status="PASS" starttime="20211124 20:23:59.451" endtime="20211124 20:23:59.551"/>
</kw>
<status status="PASS" starttime="20211124 20:23:54.284" endtime="20211124 20:23:59.551"/>
</test>
<test id="s1-t3" name="CV-MX-WEB-ACCESO-VALIDAR LOGOUT">
<kw name="-LOGIN HOME CV-" library="common_functionalities">
<arg>${email_valido}</arg>
<arg>${pass_valido}</arg>
<kw name="-ABRIR LOGIN PAGE-" library="common_functionalities">
<kw name="Open Browser" library="SeleniumLibrary">
<arg>https://www.clarovideo.com/mexico/login</arg>
<arg>${browser}</arg>
<doc>Opens a new browser instance to the optional ``url``.</doc>
<msg timestamp="20211124 20:23:59.554" level="INFO">Opening browser 'chrome' to base url 'https://www.clarovideo.com/mexico/login'.</msg>
<status status="PASS" starttime="20211124 20:23:59.554" endtime="20211124 20:24:04.439"/>
</kw>
<status status="PASS" starttime="20211124 20:23:59.554" endtime="20211124 20:24:04.439"/>
</kw>
<kw name="-INGRESAR EMAIL PARA LOGIN-" library="common_functionalities">
<arg>${email}</arg>
<kw name="Wait Until Element Is Visible" library="SeleniumLibrary">
<arg>${elementos_login_email['reg_emailtextbox']}</arg>
<doc>Waits until the element ``locator`` is visible.</doc>
<status status="PASS" starttime="20211124 20:24:04.440" endtime="20211124 20:24:05.930"/>
</kw>
<kw name="Input Text" library="SeleniumLibrary">
<arg>${elementos_login_email['reg_emailtextbox']}</arg>
<arg>${email}</arg>
<doc>Types the given ``text`` into the text field identified by ``locator``.</doc>
<msg timestamp="20211124 20:24:05.931" level="INFO">Typing text 's_tamezaa@globalhitss.com' into text field 'xpath=//*[@id="emailLogin"]'.</msg>
<status status="PASS" starttime="20211124 20:24:05.930" endtime="20211124 20:24:06.078"/>
</kw>
<kw name="Click Button" library="SeleniumLibrary">
<arg>${elementos_login_email['log_siguiente']}</arg>
<doc>Clicks the button identified by ``locator``.</doc>
<msg timestamp="20211124 20:24:06.079" level="INFO">Clicking button 'xpath=/html/body/div[2]/div/div[1]/div/div[2]/div/div/div[3]/div/button'.</msg>
<status status="PASS" starttime="20211124 20:24:06.078" endtime="20211124 20:24:06.205"/>
</kw>
<status status="PASS" starttime="20211124 20:24:04.440" endtime="20211124 20:24:06.205"/>
</kw>
<kw name="-INGRESAR PASSWORD PARA LOGIN-" library="common_functionalities">
<arg>${password}</arg>
<kw name="Wait Until Element Is Visible" library="SeleniumLibrary">
<arg>${elementos_login_pass['reg_pass_passtextbox']}</arg>
<doc>Waits until the element ``locator`` is visible.</doc>
<status status="PASS" starttime="20211124 20:24:06.206" endtime="20211124 20:24:06.466"/>
</kw>
<kw name="Input Text" library="SeleniumLibrary">
<arg>${elementos_login_pass['reg_pass_passtextbox']}</arg>
<arg>${password}</arg>
<doc>Types the given ``text`` into the text field identified by ``locator``.</doc>
<msg timestamp="20211124 20:24:06.468" level="INFO">Typing text 'Claro123!' into text field 'xpath=//*[@id="password"]'.</msg>
<status status="PASS" starttime="20211124 20:24:06.466" endtime="20211124 20:24:06.537"/>
</kw>
<kw name="Click Button" library="SeleniumLibrary">
<arg>${elementos_login_pass['log_pass_siguiente']}</arg>
<doc>Clicks the button identified by ``locator``.</doc>
<msg timestamp="20211124 20:24:06.539" level="INFO">Clicking button 'xpath=/html/body/div[2]/div/div[1]/div/div[2]/div/div/div[4]/div/button'.</msg>
<status status="PASS" starttime="20211124 20:24:06.537" endtime="20211124 20:24:06.651"/>
</kw>
<status status="PASS" starttime="20211124 20:24:06.205" endtime="20211124 20:24:06.651"/>
</kw>
<kw name="-CLICK IMAGEN DE PERFIL-" library="common_functionalities">
<kw name="Wait Until Page Contains Element" library="SeleniumLibrary">
<arg>xpath=//div[contains(@class,'image-grid-container')]//div[1]//div[1]//img[1]</arg>
<doc>Waits until the element ``locator`` appears on the current page.</doc>
<status status="PASS" starttime="20211124 20:24:06.652" endtime="20211124 20:24:12.692"/>
</kw>
<kw name="Click Element" library="SeleniumLibrary">
<arg>xpath=//div[contains(@class,'image-grid-container')]//div[1]//div[1]//img[1]</arg>
<doc>Click the element identified by ``locator``.</doc>
<msg timestamp="20211124 20:24:12.693" level="INFO">Clicking element 'xpath=//div[contains(@class,'image-grid-container')]//div[1]//div[1]//img[1]'.</msg>
<status status="PASS" starttime="20211124 20:24:12.692" endtime="20211124 20:24:12.986"/>
</kw>
<status status="PASS" starttime="20211124 20:24:06.651" endtime="20211124 20:24:12.987"/>
</kw>
<kw name="Wait Until Page Contains Element" library="SeleniumLibrary">
<arg>xpath=//i[@name='search']</arg>
<doc>Waits until the element ``locator`` appears on the current page.</doc>
<status status="PASS" starttime="20211124 20:24:12.987" endtime="20211124 20:24:13.010"/>
</kw>
<status status="PASS" starttime="20211124 20:23:59.553" endtime="20211124 20:24:13.010"/>
</kw>
<kw name="-LOGOUT HOME CV-" library="common_functionalities">
<kw name="Select From List By Value" library="SeleniumLibrary">
<arg>xpath=//*[@class='nav_profileMenu--span nav_profileMenu--padding']</arg>
<arg>'Cerrar Sesión'</arg>
<doc>Selects options from selection list ``locator`` by ``values``.</doc>
<msg timestamp="20211124 20:24:13.011" level="INFO">Selecting options from selection list 'xpath=//*[@class='nav_profileMenu--span nav_profileMenu--padding']' by value 'Cerrar Sesión'.</msg>
<kw name="Capture Page Screenshot" library="SeleniumLibrary">
<doc>Takes a screenshot of the current page and embeds it into a log file.</doc>
<msg timestamp="20211124 20:24:13.330" level="INFO" html="true">&lt;/td&gt;&lt;/tr&gt;&lt;tr&gt;&lt;td colspan="3"&gt;&lt;a href="selenium-screenshot-1.png"&gt;&lt;img src="selenium-screenshot-1.png" width="800px"&gt;&lt;/a&gt;</msg>
<status status="PASS" starttime="20211124 20:24:13.031" endtime="20211124 20:24:13.330"/>
</kw>
<msg timestamp="20211124 20:24:13.334" level="FAIL">List with locator 'xpath=//*[@class='nav_profileMenu--span nav_profileMenu--padding']' not found.</msg>
<status status="FAIL" starttime="20211124 20:24:13.011" endtime="20211124 20:24:13.334"/>
</kw>
<kw name="Click Element" library="SeleniumLibrary">
<arg>xpath=//a[normalize-space()='Cerrar Sesión']</arg>
<doc>Click the element identified by ``locator``.</doc>
<status status="NOT RUN" starttime="20211124 20:24:13.334" endtime="20211124 20:24:13.334"/>
</kw>
<status status="FAIL" starttime="20211124 20:24:13.010" endtime="20211124 20:24:13.335"/>
</kw>
<status status="FAIL" starttime="20211124 20:23:59.552" endtime="20211124 20:24:13.335">List with locator 'xpath=//*[@class='nav_profileMenu--span nav_profileMenu--padding']' not found.</status>
</test>
<test id="s1-t4" name="CV-MX-WEB-ACCESO-VALIDAR REGISTRO CON CUENTA NUEVA">
<kw name="-ABRIR REGISTER PAGE-" library="common_functionalities">
<kw name="Open Browser" library="SeleniumLibrary">
<arg>https://www.clarovideo.com/mexico/register</arg>
<arg>${browser}</arg>
<doc>Opens a new browser instance to the optional ``url``.</doc>
<msg timestamp="20211124 20:24:13.338" level="INFO">Opening browser 'chrome' to base url 'https://www.clarovideo.com/mexico/register'.</msg>
<status status="PASS" starttime="20211124 20:24:13.338" endtime="20211124 20:24:18.297"/>
</kw>
<status status="PASS" starttime="20211124 20:24:13.337" endtime="20211124 20:24:18.297"/>
</kw>
<kw name="-INGRESAR EMAIL PARA REGISTRO-" library="common_functionalities">
<arg>${email_random1}</arg>
<msg timestamp="20211124 20:24:18.300" level="FAIL">Variable '${email_random1}' not found.</msg>
<status status="FAIL" starttime="20211124 20:24:18.298" endtime="20211124 20:24:18.300"/>
</kw>
<kw name="-INGRESAR PASSWORD PARA REGISTRO-" library="common_functionalities">
<arg>${pass_valido_registro}</arg>
<status status="NOT RUN" starttime="20211124 20:24:18.300" endtime="20211124 20:24:18.300"/>
</kw>
<status status="FAIL" starttime="20211124 20:24:13.336" endtime="20211124 20:24:18.300">Variable '${email_random1}' not found.</status>
</test>
<kw name="-TERMINAR CONFIGURACIÓN SUITETEST-" library="common_functionalities" type="TEARDOWN">
<kw name="-CERRAR TODOS LOS NAVEGADORES-" library="common_functionalities">
<kw name="Close All Browsers" library="SeleniumLibrary">
<doc>Closes all open browsers and resets the browser cache.</doc>
<status status="PASS" starttime="20211124 20:24:18.302" endtime="20211124 20:24:18.543"/>
</kw>
<status status="PASS" starttime="20211124 20:24:18.302" endtime="20211124 20:24:18.543"/>
</kw>
<status status="PASS" starttime="20211124 20:24:18.302" endtime="20211124 20:24:18.543"/>
</kw>
<doc>validar funcionalidades ACCESO (NA_QC)</doc>
<status status="FAIL" starttime="20211124 20:23:41.826" endtime="20211124 20:24:18.543"/>
</suite>
<statistics>
<total>
<stat pass="2" fail="2" skip="0">All Tests</stat>
</total>
<tag>
</tag>
<suite>
<stat pass="2" fail="2" skip="0" id="s1" name="CV-MX-WEB-ACCESO">CV-MX-WEB-ACCESO</stat>
</suite>
</statistics>
<errors>
</errors>
</robot>
