<?xml version="1.0" encoding="UTF-8"?>
<robot generator="Robot 4.1.2 (Python 3.9.7 on darwin)" generated="20211124 19:50:17.328" rpa="false" schemaversion="2">
<suite id="s1" name="Tester" source="/Users/at/Desktop/AT-auto/robotFramework/auto_py/QC-WEB-MX/QC-WEB-MX/testCases/tester.robot">
<kw name="-CONFIGURACIÓN INICIAL SUITETEST-" library="common_functionalities" type="SETUP">
<kw name="Set Selenium Timeout" library="SeleniumLibrary">
<arg>10</arg>
<doc>Sets the timeout that is used by various keywords.</doc>
<status status="PASS" starttime="20211124 19:50:17.694" endtime="20211124 19:50:17.695"/>
</kw>
<status status="PASS" starttime="20211124 19:50:17.694" endtime="20211124 19:50:17.695"/>
</kw>
<test id="s1-t1" name="CV-MX-WEB-ACCESO-VALIDAR ELEMENTOS LANDING PAGE">
<kw name="-ABRIR CHARLES-" library="common_functionalities">
<kw name="Start Charles Proxy In Headless Mode" library="charles_library">
<status status="PASS" starttime="20211124 19:50:17.696" endtime="20211124 19:50:21.701"/>
</kw>
<kw name="Sleep" library="BuiltIn">
<arg>5</arg>
<doc>Pauses the test executed for the given time.</doc>
<msg timestamp="20211124 19:50:26.702" level="INFO">Slept 5 seconds</msg>
<status status="PASS" starttime="20211124 19:50:21.702" endtime="20211124 19:50:26.702"/>
</kw>
<kw name="Start Charles Proxy Session Recording" library="charles_library">
<status status="PASS" starttime="20211124 19:50:26.703" endtime="20211124 19:50:26.734"/>
</kw>
<status status="PASS" starttime="20211124 19:50:17.695" endtime="20211124 19:50:26.734"/>
</kw>
<kw name="-ABRIR LANDIND PAGE-" library="common_functionalities">
<kw name="Open Browser" library="SeleniumLibrary">
<arg>https://www.clarovideo.com/mexico/landing</arg>
<arg>${browser}</arg>
<doc>Opens a new browser instance to the optional ``url``.</doc>
<msg timestamp="20211124 19:50:26.736" level="INFO">Opening browser 'chrome' to base url 'https://www.clarovideo.com/mexico/landing'.</msg>
<status status="PASS" starttime="20211124 19:50:26.735" endtime="20211124 19:50:32.957"/>
</kw>
<status status="PASS" starttime="20211124 19:50:26.735" endtime="20211124 19:50:32.957"/>
</kw>
<kw name="-VALIDAR TEXTOS Y ELEMENTOS-" library="common_functionalities">
<arg>${elementos_landing_anonimo}</arg>
<arg>${textos_landing_anonimo}</arg>
<for flavor="IN">
<var>${element}</var>
<value>@{a1}</value>
<iter>
<var name="${element}">as_t1</var>
<kw name="Scroll Element Into View" library="SeleniumLibrary">
<arg>${a1['${element}']}</arg>
<doc>Scrolls the element identified by ``locator`` into view.</doc>
<status status="PASS" starttime="20211124 19:50:32.959" endtime="20211124 19:50:33.244"/>
</kw>
<kw name="Run Keyword And Continue On Failure" library="BuiltIn">
<arg>Wait Until Element is Visible</arg>
<arg>${a1['${element}']}</arg>
<doc>Runs the keyword and continues execution even if a failure occurs.</doc>
<kw name="Wait Until Element Is Visible" library="SeleniumLibrary">
<arg>${a1['${element}']}</arg>
<doc>Waits until the element ``locator`` is visible.</doc>
<status status="PASS" starttime="20211124 19:50:33.245" endtime="20211124 19:50:33.264"/>
</kw>
<status status="PASS" starttime="20211124 19:50:33.245" endtime="20211124 19:50:33.264"/>
</kw>
<kw name="Run Keyword And Continue On Failure" library="BuiltIn">
<arg>element text should be</arg>
<arg>${a1['${element}']}</arg>
<arg>${a2['${element}']}</arg>
<doc>Runs the keyword and continues execution even if a failure occurs.</doc>
<kw name="Element Text Should Be" library="SeleniumLibrary">
<arg>${a1['${element}']}</arg>
<arg>${a2['${element}']}</arg>
<doc>Verifies that element ``locator`` contains exact the text ``expected``.</doc>
<msg timestamp="20211124 19:50:33.267" level="INFO">Verifying element 'xpath=/html/body/div[2]/div/div[1]/div/div[2]/div/div/div[2]' contains exact text '¡Todo lo que te gusta en un sólo lugar!'.</msg>
<status status="PASS" starttime="20211124 19:50:33.265" endtime="20211124 19:50:33.284"/>
</kw>
<status status="PASS" starttime="20211124 19:50:33.264" endtime="20211124 19:50:33.284"/>
</kw>
<status status="PASS" starttime="20211124 19:50:32.959" endtime="20211124 19:50:33.284"/>
</iter>
<iter>
<var name="${element}">as_t2</var>
<kw name="Scroll Element Into View" library="SeleniumLibrary">
<arg>${a1['${element}']}</arg>
<doc>Scrolls the element identified by ``locator`` into view.</doc>
<status status="PASS" starttime="20211124 19:50:33.284" endtime="20211124 19:50:33.565"/>
</kw>
<kw name="Run Keyword And Continue On Failure" library="BuiltIn">
<arg>Wait Until Element is Visible</arg>
<arg>${a1['${element}']}</arg>
<doc>Runs the keyword and continues execution even if a failure occurs.</doc>
<kw name="Wait Until Element Is Visible" library="SeleniumLibrary">
<arg>${a1['${element}']}</arg>
<doc>Waits until the element ``locator`` is visible.</doc>
<status status="PASS" starttime="20211124 19:50:33.565" endtime="20211124 19:50:33.584"/>
</kw>
<status status="PASS" starttime="20211124 19:50:33.565" endtime="20211124 19:50:33.584"/>
</kw>
<kw name="Run Keyword And Continue On Failure" library="BuiltIn">
<arg>element text should be</arg>
<arg>${a1['${element}']}</arg>
<arg>${a2['${element}']}</arg>
<doc>Runs the keyword and continues execution even if a failure occurs.</doc>
<kw name="Element Text Should Be" library="SeleniumLibrary">
<arg>${a1['${element}']}</arg>
<arg>${a2['${element}']}</arg>
<doc>Verifies that element ``locator`` contains exact the text ``expected``.</doc>
<msg timestamp="20211124 19:50:33.586" level="INFO">Verifying element 'xpath=/html/body/div[2]/div/div[1]/div/div[2]/div/div/div[3]' contains exact text 'El mejor contenido, canales de TV, películas y series.'.</msg>
<status status="PASS" starttime="20211124 19:50:33.584" endtime="20211124 19:50:33.602"/>
</kw>
<status status="PASS" starttime="20211124 19:50:33.584" endtime="20211124 19:50:33.602"/>
</kw>
<status status="PASS" starttime="20211124 19:50:33.284" endtime="20211124 19:50:33.602"/>
</iter>
<iter>
<var name="${element}">as_reg</var>
<kw name="Scroll Element Into View" library="SeleniumLibrary">
<arg>${a1['${element}']}</arg>
<doc>Scrolls the element identified by ``locator`` into view.</doc>
<status status="PASS" starttime="20211124 19:50:33.603" endtime="20211124 19:50:33.942"/>
</kw>
<kw name="Run Keyword And Continue On Failure" library="BuiltIn">
<arg>Wait Until Element is Visible</arg>
<arg>${a1['${element}']}</arg>
<doc>Runs the keyword and continues execution even if a failure occurs.</doc>
<kw name="Wait Until Element Is Visible" library="SeleniumLibrary">
<arg>${a1['${element}']}</arg>
<doc>Waits until the element ``locator`` is visible.</doc>
<status status="PASS" starttime="20211124 19:50:33.943" endtime="20211124 19:50:33.958"/>
</kw>
<status status="PASS" starttime="20211124 19:50:33.943" endtime="20211124 19:50:33.958"/>
</kw>
<kw name="Run Keyword And Continue On Failure" library="BuiltIn">
<arg>element text should be</arg>
<arg>${a1['${element}']}</arg>
<arg>${a2['${element}']}</arg>
<doc>Runs the keyword and continues execution even if a failure occurs.</doc>
<kw name="Element Text Should Be" library="SeleniumLibrary">
<arg>${a1['${element}']}</arg>
<arg>${a2['${element}']}</arg>
<doc>Verifies that element ``locator`` contains exact the text ``expected``.</doc>
<msg timestamp="20211124 19:50:33.960" level="INFO">Verifying element 'xpath=/html/body/div[2]/div/div[1]/div/div[2]/div/div/div[4]/div/button' contains exact text 'REGÍSTRATE'.</msg>
<status status="PASS" starttime="20211124 19:50:33.958" endtime="20211124 19:50:33.975"/>
</kw>
<status status="PASS" starttime="20211124 19:50:33.958" endtime="20211124 19:50:33.975"/>
</kw>
<status status="PASS" starttime="20211124 19:50:33.602" endtime="20211124 19:50:33.975"/>
</iter>
<iter>
<var name="${element}">as_sesion</var>
<kw name="Scroll Element Into View" library="SeleniumLibrary">
<arg>${a1['${element}']}</arg>
<doc>Scrolls the element identified by ``locator`` into view.</doc>
<status status="PASS" starttime="20211124 19:50:33.975" endtime="20211124 19:50:34.280"/>
</kw>
<kw name="Run Keyword And Continue On Failure" library="BuiltIn">
<arg>Wait Until Element is Visible</arg>
<arg>${a1['${element}']}</arg>
<doc>Runs the keyword and continues execution even if a failure occurs.</doc>
<kw name="Wait Until Element Is Visible" library="SeleniumLibrary">
<arg>${a1['${element}']}</arg>
<doc>Waits until the element ``locator`` is visible.</doc>
<status status="PASS" starttime="20211124 19:50:34.281" endtime="20211124 19:50:34.299"/>
</kw>
<status status="PASS" starttime="20211124 19:50:34.281" endtime="20211124 19:50:34.299"/>
</kw>
<kw name="Run Keyword And Continue On Failure" library="BuiltIn">
<arg>element text should be</arg>
<arg>${a1['${element}']}</arg>
<arg>${a2['${element}']}</arg>
<doc>Runs the keyword and continues execution even if a failure occurs.</doc>
<kw name="Element Text Should Be" library="SeleniumLibrary">
<arg>${a1['${element}']}</arg>
<arg>${a2['${element}']}</arg>
<doc>Verifies that element ``locator`` contains exact the text ``expected``.</doc>
<msg timestamp="20211124 19:50:34.302" level="INFO">Verifying element 'xpath=/html/body/div[2]/div/div[1]/div/div[2]/div/div/div[5]/div/button' contains exact text 'INICIA SESIÓN'.</msg>
<status status="PASS" starttime="20211124 19:50:34.299" endtime="20211124 19:50:34.319"/>
</kw>
<status status="PASS" starttime="20211124 19:50:34.299" endtime="20211124 19:50:34.319"/>
</kw>
<status status="PASS" starttime="20211124 19:50:33.975" endtime="20211124 19:50:34.319"/>
</iter>
<iter>
<var name="${element}">as_gratis</var>
<kw name="Scroll Element Into View" library="SeleniumLibrary">
<arg>${a1['${element}']}</arg>
<doc>Scrolls the element identified by ``locator`` into view.</doc>
<status status="PASS" starttime="20211124 19:50:34.319" endtime="20211124 19:50:34.587"/>
</kw>
<kw name="Run Keyword And Continue On Failure" library="BuiltIn">
<arg>Wait Until Element is Visible</arg>
<arg>${a1['${element}']}</arg>
<doc>Runs the keyword and continues execution even if a failure occurs.</doc>
<kw name="Wait Until Element Is Visible" library="SeleniumLibrary">
<arg>${a1['${element}']}</arg>
<doc>Waits until the element ``locator`` is visible.</doc>
<status status="PASS" starttime="20211124 19:50:34.588" endtime="20211124 19:50:34.605"/>
</kw>
<status status="PASS" starttime="20211124 19:50:34.587" endtime="20211124 19:50:34.605"/>
</kw>
<kw name="Run Keyword And Continue On Failure" library="BuiltIn">
<arg>element text should be</arg>
<arg>${a1['${element}']}</arg>
<arg>${a2['${element}']}</arg>
<doc>Runs the keyword and continues execution even if a failure occurs.</doc>
<kw name="Element Text Should Be" library="SeleniumLibrary">
<arg>${a1['${element}']}</arg>
<arg>${a2['${element}']}</arg>
<doc>Verifies that element ``locator`` contains exact the text ``expected``.</doc>
<msg timestamp="20211124 19:50:34.608" level="INFO">Verifying element 'xpath=/html/body/div[2]/div/div[1]/div/div[2]/div/div/div[6]/div/button' contains exact text 'VER GRATIS'.</msg>
<status status="PASS" starttime="20211124 19:50:34.605" endtime="20211124 19:50:34.625"/>
</kw>
<status status="PASS" starttime="20211124 19:50:34.605" endtime="20211124 19:50:34.625"/>
</kw>
<status status="PASS" starttime="20211124 19:50:34.319" endtime="20211124 19:50:34.625"/>
</iter>
<status status="PASS" starttime="20211124 19:50:32.958" endtime="20211124 19:50:34.625"/>
</for>
<status status="PASS" starttime="20211124 19:50:32.957" endtime="20211124 19:50:34.626"/>
</kw>
<kw name="-CERRAR TODOS LOS NAVEGADORES-" library="common_functionalities">
<kw name="Close All Browsers" library="SeleniumLibrary">
<doc>Closes all open browsers and resets the browser cache.</doc>
<status status="PASS" starttime="20211124 19:50:34.626" endtime="20211124 19:50:34.765"/>
</kw>
<status status="PASS" starttime="20211124 19:50:34.626" endtime="20211124 19:50:34.765"/>
</kw>
<kw name="-TERMINAR CHARLES-" library="common_functionalities">
<kw name="Download Charles Proxy Session Recording" library="charles_library">
<status status="PASS" starttime="20211124 19:50:34.766" endtime="20211124 19:50:34.990"/>
</kw>
<kw name="Stop Charles Proxy Session Recording" library="charles_library">
<status status="PASS" starttime="20211124 19:50:34.990" endtime="20211124 19:50:35.003"/>
</kw>
<kw name="Sleep" library="BuiltIn">
<arg>8</arg>
<doc>Pauses the test executed for the given time.</doc>
<msg timestamp="20211124 19:50:43.004" level="INFO">Slept 8 seconds</msg>
<status status="PASS" starttime="20211124 19:50:35.004" endtime="20211124 19:50:43.005"/>
</kw>
<kw name="Terminate All Charles Proxy Sessions" library="charles_library">
<status status="PASS" starttime="20211124 19:50:43.005" endtime="20211124 19:50:43.207"/>
</kw>
<status status="PASS" starttime="20211124 19:50:34.765" endtime="20211124 19:50:43.208"/>
</kw>
<status status="PASS" starttime="20211124 19:50:17.695" endtime="20211124 19:50:43.208"/>
</test>
<kw name="-TERMINAR CONFIGURACIÓN SUITETEST-" library="common_functionalities" type="TEARDOWN">
<kw name="-CERRAR TODOS LOS NAVEGADORES-" library="common_functionalities">
<kw name="Close All Browsers" library="SeleniumLibrary">
<doc>Closes all open browsers and resets the browser cache.</doc>
<status status="PASS" starttime="20211124 19:50:43.209" endtime="20211124 19:50:43.209"/>
</kw>
<status status="PASS" starttime="20211124 19:50:43.209" endtime="20211124 19:50:43.209"/>
</kw>
<status status="PASS" starttime="20211124 19:50:43.209" endtime="20211124 19:50:43.210"/>
</kw>
<doc>validar funcionalidades ACCESO (NA_QC)</doc>
<status status="PASS" starttime="20211124 19:50:17.330" endtime="20211124 19:50:43.210"/>
</suite>
<statistics>
<total>
<stat pass="1" fail="0" skip="0">All Tests</stat>
</total>
<tag>
</tag>
<suite>
<stat pass="1" fail="0" skip="0" id="s1" name="Tester">Tester</stat>
</suite>
</statistics>
<errors>
</errors>
</robot>
