<?xml version="1.0" encoding="UTF-8"?>
<robot generator="Robot 4.0.3 (Python 3.9.5 on darwin)" generated="20210831 18:49:19.982" rpa="false" schemaversion="2">
<suite id="s1" name="Suites">
<suite id="s1-s1" name="CV-MX-WEB-LOGIN PAGES" source="/Users/at/Desktop/AT-auto/robotFramework/auto_py/QC-WEB-MX/testCases/CV-MX-WEB-LOGIN_PAGES.robot">
<kw name="Iniciar configuracion suitetest" library="sharedkeywords" type="SETUP">
<kw name="run charles and record" library="sharedkeywords">
<kw name="Start Charles Proxy In Headless Mode" library="charles_library">
<status status="PASS" starttime="20210831 18:49:20.190" endtime="20210831 18:49:24.199"/>
</kw>
<kw name="Start Charles Proxy Session Recording" library="charles_library">
<status status="PASS" starttime="20210831 18:49:24.200" endtime="20210831 18:49:24.226"/>
</kw>
<status status="PASS" starttime="20210831 18:49:20.190" endtime="20210831 18:49:24.227"/>
</kw>
<status status="PASS" starttime="20210831 18:49:20.190" endtime="20210831 18:49:24.227"/>
</kw>
<test id="s1-s1-t1" name="CV-WEB-MX- VALIDAR ELEMENTOS Y TEXTOS LOGIN PAGE-EMAIL PAGE">
<kw name="Iniciar configuracion test" library="sharedkeywords" type="SETUP">
<kw name="Configurar Directorio screenshots" library="sharedkeywords">
<kw name="Set Screenshot Directory" library="SeleniumLibrary">
<arg>${screenshots}</arg>
<doc>Sets the directory for captured screenshots.</doc>
<status status="PASS" starttime="20210831 18:49:24.229" endtime="20210831 18:49:24.229"/>
</kw>
<status status="PASS" starttime="20210831 18:49:24.228" endtime="20210831 18:49:24.229"/>
</kw>
<status status="PASS" starttime="20210831 18:49:24.228" endtime="20210831 18:49:24.230"/>
</kw>
<kw name="Abrir login page" library="sharedkeywords">
<kw name="Open Browser" library="SeleniumLibrary">
<arg>https://www.clarovideo.com/mexico/login</arg>
<arg>${browser}</arg>
<doc>Opens a new browser instance to the optional ``url``.</doc>
<msg timestamp="20210831 18:49:24.231" level="INFO">Opening browser 'chrome' to base url 'https://www.clarovideo.com/mexico/login'.</msg>
<status status="PASS" starttime="20210831 18:49:24.230" endtime="20210831 18:49:31.883"/>
</kw>
<status status="PASS" starttime="20210831 18:49:24.230" endtime="20210831 18:49:31.884"/>
</kw>
<kw name="Validar textos y elementos" library="sharedkeywords">
<arg>${elementos_login_email}</arg>
<arg>${textos_elementos_login_email}</arg>
<for flavor="IN">
<var>${element}</var>
<value>@{e1}</value>
<iter>
<var name="${element}">log_title</var>
<kw name="Run Keyword And Continue On Failure" library="BuiltIn">
<arg>Wait Until Element is Visible</arg>
<arg>${e1['${element}']}</arg>
<doc>Runs the keyword and continues execution even if a failure occurs.</doc>
<kw name="Wait Until Element Is Visible" library="SeleniumLibrary">
<arg>${e1['${element}']}</arg>
<doc>Waits until the element ``locator`` is visible.</doc>
<status status="PASS" starttime="20210831 18:49:31.887" endtime="20210831 18:49:31.930"/>
</kw>
<status status="PASS" starttime="20210831 18:49:31.886" endtime="20210831 18:49:31.931"/>
</kw>
<kw name="Run Keyword And Continue On Failure" library="BuiltIn">
<arg>element text should be</arg>
<arg>${e1['${element}']}</arg>
<arg>${e2['${element}']}</arg>
<doc>Runs the keyword and continues execution even if a failure occurs.</doc>
<kw name="Element Text Should Be" library="SeleniumLibrary">
<arg>${e1['${element}']}</arg>
<arg>${e2['${element}']}</arg>
<doc>Verifies that element ``locator`` contains exact the text ``expected``.</doc>
<msg timestamp="20210831 18:49:31.934" level="INFO">Verifying element 'xpath=/html/body/div[2]/div/div[1]/div/div[2]/div/div/div[1]' contains exact text 'Inicia sesión'.</msg>
<status status="PASS" starttime="20210831 18:49:31.931" endtime="20210831 18:49:31.953"/>
</kw>
<status status="PASS" starttime="20210831 18:49:31.931" endtime="20210831 18:49:31.953"/>
</kw>
<kw name="Run Keyword And Continue On Failure" library="BuiltIn">
<arg>capture element screenshot</arg>
<arg>${e1['${element}']}</arg>
<doc>Runs the keyword and continues execution even if a failure occurs.</doc>
<kw name="Capture Element Screenshot" library="SeleniumLibrary">
<arg>${e1['${element}']}</arg>
<doc>Captures a screenshot from the element identified by ``locator`` and embeds it into log file.</doc>
<msg timestamp="20210831 18:49:32.070" level="INFO" html="true">&lt;/td&gt;&lt;/tr&gt;&lt;tr&gt;&lt;td colspan="3"&gt;&lt;a href="../../../screenshots/selenium-element-screenshot-409.png"&gt;&lt;img src="../../../screenshots/selenium-element-screenshot-409.png" width="400px"&gt;&lt;/a&gt;</msg>
<status status="PASS" starttime="20210831 18:49:31.954" endtime="20210831 18:49:32.070"/>
</kw>
<status status="PASS" starttime="20210831 18:49:31.954" endtime="20210831 18:49:32.071"/>
</kw>
<status status="PASS" starttime="20210831 18:49:31.886" endtime="20210831 18:49:32.071"/>
</iter>
<iter>
<var name="${element}">log_correoText</var>
<kw name="Run Keyword And Continue On Failure" library="BuiltIn">
<arg>Wait Until Element is Visible</arg>
<arg>${e1['${element}']}</arg>
<doc>Runs the keyword and continues execution even if a failure occurs.</doc>
<kw name="Wait Until Element Is Visible" library="SeleniumLibrary">
<arg>${e1['${element}']}</arg>
<doc>Waits until the element ``locator`` is visible.</doc>
<status status="PASS" starttime="20210831 18:49:32.073" endtime="20210831 18:49:32.100"/>
</kw>
<status status="PASS" starttime="20210831 18:49:32.072" endtime="20210831 18:49:32.100"/>
</kw>
<kw name="Run Keyword And Continue On Failure" library="BuiltIn">
<arg>element text should be</arg>
<arg>${e1['${element}']}</arg>
<arg>${e2['${element}']}</arg>
<doc>Runs the keyword and continues execution even if a failure occurs.</doc>
<kw name="Element Text Should Be" library="SeleniumLibrary">
<arg>${e1['${element}']}</arg>
<arg>${e2['${element}']}</arg>
<doc>Verifies that element ``locator`` contains exact the text ``expected``.</doc>
<msg timestamp="20210831 18:49:32.103" level="INFO">Verifying element 'xpath=/html/body/div[2]/div/div[1]/div/div[2]/div/div/div[2]/div[1]/span' contains exact text '¿Cuál es tu correo electrónico?'.</msg>
<status status="PASS" starttime="20210831 18:49:32.101" endtime="20210831 18:49:32.125"/>
</kw>
<status status="PASS" starttime="20210831 18:49:32.100" endtime="20210831 18:49:32.125"/>
</kw>
<kw name="Run Keyword And Continue On Failure" library="BuiltIn">
<arg>capture element screenshot</arg>
<arg>${e1['${element}']}</arg>
<doc>Runs the keyword and continues execution even if a failure occurs.</doc>
<kw name="Capture Element Screenshot" library="SeleniumLibrary">
<arg>${e1['${element}']}</arg>
<doc>Captures a screenshot from the element identified by ``locator`` and embeds it into log file.</doc>
<msg timestamp="20210831 18:49:32.221" level="INFO" html="true">&lt;/td&gt;&lt;/tr&gt;&lt;tr&gt;&lt;td colspan="3"&gt;&lt;a href="../../../screenshots/selenium-element-screenshot-410.png"&gt;&lt;img src="../../../screenshots/selenium-element-screenshot-410.png" width="400px"&gt;&lt;/a&gt;</msg>
<status status="PASS" starttime="20210831 18:49:32.125" endtime="20210831 18:49:32.221"/>
</kw>
<status status="PASS" starttime="20210831 18:49:32.125" endtime="20210831 18:49:32.221"/>
</kw>
<status status="PASS" starttime="20210831 18:49:32.071" endtime="20210831 18:49:32.221"/>
</iter>
<iter>
<var name="${element}">reg_emailtextbox</var>
<kw name="Run Keyword And Continue On Failure" library="BuiltIn">
<arg>Wait Until Element is Visible</arg>
<arg>${e1['${element}']}</arg>
<doc>Runs the keyword and continues execution even if a failure occurs.</doc>
<kw name="Wait Until Element Is Visible" library="SeleniumLibrary">
<arg>${e1['${element}']}</arg>
<doc>Waits until the element ``locator`` is visible.</doc>
<status status="PASS" starttime="20210831 18:49:32.222" endtime="20210831 18:49:32.255"/>
</kw>
<status status="PASS" starttime="20210831 18:49:32.222" endtime="20210831 18:49:32.255"/>
</kw>
<kw name="Run Keyword And Continue On Failure" library="BuiltIn">
<arg>element text should be</arg>
<arg>${e1['${element}']}</arg>
<arg>${e2['${element}']}</arg>
<doc>Runs the keyword and continues execution even if a failure occurs.</doc>
<kw name="Element Text Should Be" library="SeleniumLibrary">
<arg>${e1['${element}']}</arg>
<arg>${e2['${element}']}</arg>
<doc>Verifies that element ``locator`` contains exact the text ``expected``.</doc>
<msg timestamp="20210831 18:49:32.260" level="INFO">Verifying element 'xpath=//*[@id="emailLogin"]' contains exact text ''.</msg>
<status status="PASS" starttime="20210831 18:49:32.256" endtime="20210831 18:49:32.281"/>
</kw>
<status status="PASS" starttime="20210831 18:49:32.256" endtime="20210831 18:49:32.281"/>
</kw>
<kw name="Run Keyword And Continue On Failure" library="BuiltIn">
<arg>capture element screenshot</arg>
<arg>${e1['${element}']}</arg>
<doc>Runs the keyword and continues execution even if a failure occurs.</doc>
<kw name="Capture Element Screenshot" library="SeleniumLibrary">
<arg>${e1['${element}']}</arg>
<doc>Captures a screenshot from the element identified by ``locator`` and embeds it into log file.</doc>
<msg timestamp="20210831 18:49:32.335" level="INFO" html="true">&lt;/td&gt;&lt;/tr&gt;&lt;tr&gt;&lt;td colspan="3"&gt;&lt;a href="../../../screenshots/selenium-element-screenshot-411.png"&gt;&lt;img src="../../../screenshots/selenium-element-screenshot-411.png" width="400px"&gt;&lt;/a&gt;</msg>
<status status="PASS" starttime="20210831 18:49:32.282" endtime="20210831 18:49:32.335"/>
</kw>
<status status="PASS" starttime="20210831 18:49:32.282" endtime="20210831 18:49:32.336"/>
</kw>
<status status="PASS" starttime="20210831 18:49:32.221" endtime="20210831 18:49:32.336"/>
</iter>
<iter>
<var name="${element}">log_siguiente</var>
<kw name="Run Keyword And Continue On Failure" library="BuiltIn">
<arg>Wait Until Element is Visible</arg>
<arg>${e1['${element}']}</arg>
<doc>Runs the keyword and continues execution even if a failure occurs.</doc>
<kw name="Wait Until Element Is Visible" library="SeleniumLibrary">
<arg>${e1['${element}']}</arg>
<doc>Waits until the element ``locator`` is visible.</doc>
<status status="PASS" starttime="20210831 18:49:32.336" endtime="20210831 18:49:32.354"/>
</kw>
<status status="PASS" starttime="20210831 18:49:32.336" endtime="20210831 18:49:32.354"/>
</kw>
<kw name="Run Keyword And Continue On Failure" library="BuiltIn">
<arg>element text should be</arg>
<arg>${e1['${element}']}</arg>
<arg>${e2['${element}']}</arg>
<doc>Runs the keyword and continues execution even if a failure occurs.</doc>
<kw name="Element Text Should Be" library="SeleniumLibrary">
<arg>${e1['${element}']}</arg>
<arg>${e2['${element}']}</arg>
<doc>Verifies that element ``locator`` contains exact the text ``expected``.</doc>
<msg timestamp="20210831 18:49:32.356" level="INFO">Verifying element 'xpath=/html/body/div[2]/div/div[1]/div/div[2]/div/div/div[3]/div/button' contains exact text 'SIGUIENTE'.</msg>
<status status="PASS" starttime="20210831 18:49:32.354" endtime="20210831 18:49:32.377"/>
</kw>
<status status="PASS" starttime="20210831 18:49:32.354" endtime="20210831 18:49:32.377"/>
</kw>
<kw name="Run Keyword And Continue On Failure" library="BuiltIn">
<arg>capture element screenshot</arg>
<arg>${e1['${element}']}</arg>
<doc>Runs the keyword and continues execution even if a failure occurs.</doc>
<kw name="Capture Element Screenshot" library="SeleniumLibrary">
<arg>${e1['${element}']}</arg>
<doc>Captures a screenshot from the element identified by ``locator`` and embeds it into log file.</doc>
<msg timestamp="20210831 18:49:32.419" level="INFO" html="true">&lt;/td&gt;&lt;/tr&gt;&lt;tr&gt;&lt;td colspan="3"&gt;&lt;a href="../../../screenshots/selenium-element-screenshot-412.png"&gt;&lt;img src="../../../screenshots/selenium-element-screenshot-412.png" width="400px"&gt;&lt;/a&gt;</msg>
<status status="PASS" starttime="20210831 18:49:32.378" endtime="20210831 18:49:32.419"/>
</kw>
<status status="PASS" starttime="20210831 18:49:32.377" endtime="20210831 18:49:32.419"/>
</kw>
<status status="PASS" starttime="20210831 18:49:32.336" endtime="20210831 18:49:32.419"/>
</iter>
<iter>
<var name="${element}">log_cancelar</var>
<kw name="Run Keyword And Continue On Failure" library="BuiltIn">
<arg>Wait Until Element is Visible</arg>
<arg>${e1['${element}']}</arg>
<doc>Runs the keyword and continues execution even if a failure occurs.</doc>
<kw name="Wait Until Element Is Visible" library="SeleniumLibrary">
<arg>${e1['${element}']}</arg>
<doc>Waits until the element ``locator`` is visible.</doc>
<status status="PASS" starttime="20210831 18:49:32.421" endtime="20210831 18:49:32.440"/>
</kw>
<status status="PASS" starttime="20210831 18:49:32.420" endtime="20210831 18:49:32.440"/>
</kw>
<kw name="Run Keyword And Continue On Failure" library="BuiltIn">
<arg>element text should be</arg>
<arg>${e1['${element}']}</arg>
<arg>${e2['${element}']}</arg>
<doc>Runs the keyword and continues execution even if a failure occurs.</doc>
<kw name="Element Text Should Be" library="SeleniumLibrary">
<arg>${e1['${element}']}</arg>
<arg>${e2['${element}']}</arg>
<doc>Verifies that element ``locator`` contains exact the text ``expected``.</doc>
<msg timestamp="20210831 18:49:32.443" level="INFO">Verifying element 'xpath=/html/body/div[2]/div/div[1]/div/div[2]/div/div/div[4]/div/button' contains exact text 'CANCELAR'.</msg>
<status status="PASS" starttime="20210831 18:49:32.441" endtime="20210831 18:49:32.458"/>
</kw>
<status status="PASS" starttime="20210831 18:49:32.440" endtime="20210831 18:49:32.458"/>
</kw>
<kw name="Run Keyword And Continue On Failure" library="BuiltIn">
<arg>capture element screenshot</arg>
<arg>${e1['${element}']}</arg>
<doc>Runs the keyword and continues execution even if a failure occurs.</doc>
<kw name="Capture Element Screenshot" library="SeleniumLibrary">
<arg>${e1['${element}']}</arg>
<doc>Captures a screenshot from the element identified by ``locator`` and embeds it into log file.</doc>
<msg timestamp="20210831 18:49:32.517" level="INFO" html="true">&lt;/td&gt;&lt;/tr&gt;&lt;tr&gt;&lt;td colspan="3"&gt;&lt;a href="../../../screenshots/selenium-element-screenshot-413.png"&gt;&lt;img src="../../../screenshots/selenium-element-screenshot-413.png" width="400px"&gt;&lt;/a&gt;</msg>
<status status="PASS" starttime="20210831 18:49:32.459" endtime="20210831 18:49:32.518"/>
</kw>
<status status="PASS" starttime="20210831 18:49:32.458" endtime="20210831 18:49:32.518"/>
</kw>
<status status="PASS" starttime="20210831 18:49:32.420" endtime="20210831 18:49:32.518"/>
</iter>
<iter>
<var name="${element}">log_continuaFB</var>
<kw name="Run Keyword And Continue On Failure" library="BuiltIn">
<arg>Wait Until Element is Visible</arg>
<arg>${e1['${element}']}</arg>
<doc>Runs the keyword and continues execution even if a failure occurs.</doc>
<kw name="Wait Until Element Is Visible" library="SeleniumLibrary">
<arg>${e1['${element}']}</arg>
<doc>Waits until the element ``locator`` is visible.</doc>
<status status="PASS" starttime="20210831 18:49:32.518" endtime="20210831 18:49:32.535"/>
</kw>
<status status="PASS" starttime="20210831 18:49:32.518" endtime="20210831 18:49:32.535"/>
</kw>
<kw name="Run Keyword And Continue On Failure" library="BuiltIn">
<arg>element text should be</arg>
<arg>${e1['${element}']}</arg>
<arg>${e2['${element}']}</arg>
<doc>Runs the keyword and continues execution even if a failure occurs.</doc>
<kw name="Element Text Should Be" library="SeleniumLibrary">
<arg>${e1['${element}']}</arg>
<arg>${e2['${element}']}</arg>
<doc>Verifies that element ``locator`` contains exact the text ``expected``.</doc>
<msg timestamp="20210831 18:49:32.537" level="INFO">Verifying element 'xpath=/html/body/div[2]/div/div[1]/div/div[2]/div/div/div[5]/div/button' contains exact text 'CONTINÚA CON FACEBOOK'.</msg>
<status status="PASS" starttime="20210831 18:49:32.535" endtime="20210831 18:49:32.552"/>
</kw>
<status status="PASS" starttime="20210831 18:49:32.535" endtime="20210831 18:49:32.552"/>
</kw>
<kw name="Run Keyword And Continue On Failure" library="BuiltIn">
<arg>capture element screenshot</arg>
<arg>${e1['${element}']}</arg>
<doc>Runs the keyword and continues execution even if a failure occurs.</doc>
<kw name="Capture Element Screenshot" library="SeleniumLibrary">
<arg>${e1['${element}']}</arg>
<doc>Captures a screenshot from the element identified by ``locator`` and embeds it into log file.</doc>
<msg timestamp="20210831 18:49:32.602" level="INFO" html="true">&lt;/td&gt;&lt;/tr&gt;&lt;tr&gt;&lt;td colspan="3"&gt;&lt;a href="../../../screenshots/selenium-element-screenshot-414.png"&gt;&lt;img src="../../../screenshots/selenium-element-screenshot-414.png" width="400px"&gt;&lt;/a&gt;</msg>
<status status="PASS" starttime="20210831 18:49:32.552" endtime="20210831 18:49:32.602"/>
</kw>
<status status="PASS" starttime="20210831 18:49:32.552" endtime="20210831 18:49:32.602"/>
</kw>
<status status="PASS" starttime="20210831 18:49:32.518" endtime="20210831 18:49:32.602"/>
</iter>
<iter>
<var name="${element}">log_sesionAPPLE</var>
<kw name="Run Keyword And Continue On Failure" library="BuiltIn">
<arg>Wait Until Element is Visible</arg>
<arg>${e1['${element}']}</arg>
<doc>Runs the keyword and continues execution even if a failure occurs.</doc>
<kw name="Wait Until Element Is Visible" library="SeleniumLibrary">
<arg>${e1['${element}']}</arg>
<doc>Waits until the element ``locator`` is visible.</doc>
<status status="PASS" starttime="20210831 18:49:32.603" endtime="20210831 18:49:32.640"/>
</kw>
<status status="PASS" starttime="20210831 18:49:32.603" endtime="20210831 18:49:32.641"/>
</kw>
<kw name="Run Keyword And Continue On Failure" library="BuiltIn">
<arg>element text should be</arg>
<arg>${e1['${element}']}</arg>
<arg>${e2['${element}']}</arg>
<doc>Runs the keyword and continues execution even if a failure occurs.</doc>
<kw name="Element Text Should Be" library="SeleniumLibrary">
<arg>${e1['${element}']}</arg>
<arg>${e2['${element}']}</arg>
<doc>Verifies that element ``locator`` contains exact the text ``expected``.</doc>
<msg timestamp="20210831 18:49:32.644" level="INFO">Verifying element 'xpath=/html/body/div[2]/div/div[1]/div/div[2]/div/div/div[6]/div/button' contains exact text 'INICIAR SESIÓN CON APPLE'.</msg>
<status status="PASS" starttime="20210831 18:49:32.642" endtime="20210831 18:49:32.660"/>
</kw>
<status status="PASS" starttime="20210831 18:49:32.641" endtime="20210831 18:49:32.660"/>
</kw>
<kw name="Run Keyword And Continue On Failure" library="BuiltIn">
<arg>capture element screenshot</arg>
<arg>${e1['${element}']}</arg>
<doc>Runs the keyword and continues execution even if a failure occurs.</doc>
<kw name="Capture Element Screenshot" library="SeleniumLibrary">
<arg>${e1['${element}']}</arg>
<doc>Captures a screenshot from the element identified by ``locator`` and embeds it into log file.</doc>
<msg timestamp="20210831 18:49:32.735" level="INFO" html="true">&lt;/td&gt;&lt;/tr&gt;&lt;tr&gt;&lt;td colspan="3"&gt;&lt;a href="../../../screenshots/selenium-element-screenshot-415.png"&gt;&lt;img src="../../../screenshots/selenium-element-screenshot-415.png" width="400px"&gt;&lt;/a&gt;</msg>
<status status="PASS" starttime="20210831 18:49:32.661" endtime="20210831 18:49:32.735"/>
</kw>
<status status="PASS" starttime="20210831 18:49:32.661" endtime="20210831 18:49:32.735"/>
</kw>
<status status="PASS" starttime="20210831 18:49:32.602" endtime="20210831 18:49:32.735"/>
</iter>
<iter>
<var name="${element}">log_nuevo?</var>
<kw name="Run Keyword And Continue On Failure" library="BuiltIn">
<arg>Wait Until Element is Visible</arg>
<arg>${e1['${element}']}</arg>
<doc>Runs the keyword and continues execution even if a failure occurs.</doc>
<kw name="Wait Until Element Is Visible" library="SeleniumLibrary">
<arg>${e1['${element}']}</arg>
<doc>Waits until the element ``locator`` is visible.</doc>
<status status="PASS" starttime="20210831 18:49:32.736" endtime="20210831 18:49:32.752"/>
</kw>
<status status="PASS" starttime="20210831 18:49:32.736" endtime="20210831 18:49:32.752"/>
</kw>
<kw name="Run Keyword And Continue On Failure" library="BuiltIn">
<arg>element text should be</arg>
<arg>${e1['${element}']}</arg>
<arg>${e2['${element}']}</arg>
<doc>Runs the keyword and continues execution even if a failure occurs.</doc>
<kw name="Element Text Should Be" library="SeleniumLibrary">
<arg>${e1['${element}']}</arg>
<arg>${e2['${element}']}</arg>
<doc>Verifies that element ``locator`` contains exact the text ``expected``.</doc>
<msg timestamp="20210831 18:49:32.754" level="INFO">Verifying element 'xpath=/html/body/div[2]/div/div[1]/div/div[2]/div/div/div[7]/span' contains exact text '¿Nuevo en Claro video? Registrate'.</msg>
<status status="PASS" starttime="20210831 18:49:32.752" endtime="20210831 18:49:32.768"/>
</kw>
<status status="PASS" starttime="20210831 18:49:32.752" endtime="20210831 18:49:32.769"/>
</kw>
<kw name="Run Keyword And Continue On Failure" library="BuiltIn">
<arg>capture element screenshot</arg>
<arg>${e1['${element}']}</arg>
<doc>Runs the keyword and continues execution even if a failure occurs.</doc>
<kw name="Capture Element Screenshot" library="SeleniumLibrary">
<arg>${e1['${element}']}</arg>
<doc>Captures a screenshot from the element identified by ``locator`` and embeds it into log file.</doc>
<msg timestamp="20210831 18:49:32.801" level="INFO" html="true">&lt;/td&gt;&lt;/tr&gt;&lt;tr&gt;&lt;td colspan="3"&gt;&lt;a href="../../../screenshots/selenium-element-screenshot-416.png"&gt;&lt;img src="../../../screenshots/selenium-element-screenshot-416.png" width="400px"&gt;&lt;/a&gt;</msg>
<status status="PASS" starttime="20210831 18:49:32.769" endtime="20210831 18:49:32.801"/>
</kw>
<status status="PASS" starttime="20210831 18:49:32.769" endtime="20210831 18:49:32.801"/>
</kw>
<status status="PASS" starttime="20210831 18:49:32.735" endtime="20210831 18:49:32.802"/>
</iter>
<iter>
<var name="${element}">log_RegLink</var>
<kw name="Run Keyword And Continue On Failure" library="BuiltIn">
<arg>Wait Until Element is Visible</arg>
<arg>${e1['${element}']}</arg>
<doc>Runs the keyword and continues execution even if a failure occurs.</doc>
<kw name="Wait Until Element Is Visible" library="SeleniumLibrary">
<arg>${e1['${element}']}</arg>
<doc>Waits until the element ``locator`` is visible.</doc>
<status status="PASS" starttime="20210831 18:49:32.802" endtime="20210831 18:49:32.835"/>
</kw>
<status status="PASS" starttime="20210831 18:49:32.802" endtime="20210831 18:49:32.835"/>
</kw>
<kw name="Run Keyword And Continue On Failure" library="BuiltIn">
<arg>element text should be</arg>
<arg>${e1['${element}']}</arg>
<arg>${e2['${element}']}</arg>
<doc>Runs the keyword and continues execution even if a failure occurs.</doc>
<kw name="Element Text Should Be" library="SeleniumLibrary">
<arg>${e1['${element}']}</arg>
<arg>${e2['${element}']}</arg>
<doc>Verifies that element ``locator`` contains exact the text ``expected``.</doc>
<msg timestamp="20210831 18:49:32.838" level="INFO">Verifying element 'xpath=//*[@id="app"]/div/div[1]/div/div[2]/div/div/div[7]/span/a' contains exact text 'Registrate'.</msg>
<status status="PASS" starttime="20210831 18:49:32.836" endtime="20210831 18:49:32.852"/>
</kw>
<status status="PASS" starttime="20210831 18:49:32.835" endtime="20210831 18:49:32.852"/>
</kw>
<kw name="Run Keyword And Continue On Failure" library="BuiltIn">
<arg>capture element screenshot</arg>
<arg>${e1['${element}']}</arg>
<doc>Runs the keyword and continues execution even if a failure occurs.</doc>
<kw name="Capture Element Screenshot" library="SeleniumLibrary">
<arg>${e1['${element}']}</arg>
<doc>Captures a screenshot from the element identified by ``locator`` and embeds it into log file.</doc>
<msg timestamp="20210831 18:49:32.901" level="INFO" html="true">&lt;/td&gt;&lt;/tr&gt;&lt;tr&gt;&lt;td colspan="3"&gt;&lt;a href="../../../screenshots/selenium-element-screenshot-417.png"&gt;&lt;img src="../../../screenshots/selenium-element-screenshot-417.png" width="400px"&gt;&lt;/a&gt;</msg>
<status status="PASS" starttime="20210831 18:49:32.853" endtime="20210831 18:49:32.901"/>
</kw>
<status status="PASS" starttime="20210831 18:49:32.852" endtime="20210831 18:49:32.901"/>
</kw>
<status status="PASS" starttime="20210831 18:49:32.802" endtime="20210831 18:49:32.901"/>
</iter>
<status status="PASS" starttime="20210831 18:49:31.885" endtime="20210831 18:49:32.901"/>
</for>
<status status="PASS" starttime="20210831 18:49:31.884" endtime="20210831 18:49:32.901"/>
</kw>
<kw name="Terminar configuracion test" library="sharedkeywords" type="TEARDOWN">
<kw name="Capture Page Screenshot" library="SeleniumLibrary">
<doc>Takes a screenshot of the current page and embeds it into a log file.</doc>
<msg timestamp="20210831 18:49:33.335" level="INFO" html="true">&lt;/td&gt;&lt;/tr&gt;&lt;tr&gt;&lt;td colspan="3"&gt;&lt;a href="../../../screenshots/selenium-screenshot-141.png"&gt;&lt;img src="../../../screenshots/selenium-screenshot-141.png" width="800px"&gt;&lt;/a&gt;</msg>
<status status="PASS" starttime="20210831 18:49:32.902" endtime="20210831 18:49:33.336"/>
</kw>
<kw name="Cerrar Browser" library="sharedkeywords">
<kw name="Close Browser" library="SeleniumLibrary">
<doc>Closes the current browser.</doc>
<status status="PASS" starttime="20210831 18:49:33.336" endtime="20210831 18:49:33.425"/>
</kw>
<status status="PASS" starttime="20210831 18:49:33.336" endtime="20210831 18:49:33.425"/>
</kw>
<status status="PASS" starttime="20210831 18:49:32.902" endtime="20210831 18:49:33.425"/>
</kw>
<status status="PASS" starttime="20210831 18:49:24.227" endtime="20210831 18:49:33.425"/>
</test>
<test id="s1-s1-t2" name="CV-WEB-MX- VALIDAR ELEMENTOS Y TEXTOS LOGIN PAGE-PASSWORD PAGE">
<kw name="Iniciar configuracion test" library="sharedkeywords" type="SETUP">
<kw name="Configurar Directorio screenshots" library="sharedkeywords">
<kw name="Set Screenshot Directory" library="SeleniumLibrary">
<arg>${screenshots}</arg>
<doc>Sets the directory for captured screenshots.</doc>
<status status="PASS" starttime="20210831 18:49:33.428" endtime="20210831 18:49:33.428"/>
</kw>
<status status="PASS" starttime="20210831 18:49:33.427" endtime="20210831 18:49:33.428"/>
</kw>
<status status="PASS" starttime="20210831 18:49:33.427" endtime="20210831 18:49:33.429"/>
</kw>
<kw name="Abrir login page" library="sharedkeywords">
<kw name="Open Browser" library="SeleniumLibrary">
<arg>https://www.clarovideo.com/mexico/login</arg>
<arg>${browser}</arg>
<doc>Opens a new browser instance to the optional ``url``.</doc>
<msg timestamp="20210831 18:49:33.429" level="INFO">Opening browser 'chrome' to base url 'https://www.clarovideo.com/mexico/login'.</msg>
<status status="PASS" starttime="20210831 18:49:33.429" endtime="20210831 18:49:38.090"/>
</kw>
<status status="PASS" starttime="20210831 18:49:33.429" endtime="20210831 18:49:38.091"/>
</kw>
<kw name="Ingresar email para login" library="sharedkeywords">
<arg>testqc01_990@gmail.com</arg>
<kw name="Wait Until Element Is Visible" library="SeleniumLibrary">
<arg>${elementos_login_email['reg_emailtextbox']}</arg>
<doc>Waits until the element ``locator`` is visible.</doc>
<status status="PASS" starttime="20210831 18:49:38.093" endtime="20210831 18:49:39.048"/>
</kw>
<kw name="Input Text" library="SeleniumLibrary">
<arg>${elementos_login_email['reg_emailtextbox']}</arg>
<arg>${email}</arg>
<doc>Types the given ``text`` into the text field identified by ``locator``.</doc>
<msg timestamp="20210831 18:49:39.049" level="INFO">Typing text 'testqc01_990@gmail.com' into text field 'xpath=//*[@id="emailLogin"]'.</msg>
<status status="PASS" starttime="20210831 18:49:39.048" endtime="20210831 18:49:39.310"/>
</kw>
<kw name="Click Button" library="SeleniumLibrary">
<arg>${elementos_login_email['log_siguiente']}</arg>
<doc>Clicks the button identified by ``locator``.</doc>
<msg timestamp="20210831 18:49:39.311" level="INFO">Clicking button 'xpath=/html/body/div[2]/div/div[1]/div/div[2]/div/div/div[3]/div/button'.</msg>
<status status="PASS" starttime="20210831 18:49:39.310" endtime="20210831 18:49:39.430"/>
</kw>
<status status="PASS" starttime="20210831 18:49:38.092" endtime="20210831 18:49:39.431"/>
</kw>
<kw name="Validar textos y elementos" library="sharedkeywords">
<arg>${elementos_login_pass}</arg>
<arg>${textos_elementos_login_pass}</arg>
<for flavor="IN">
<var>${element}</var>
<value>@{e1}</value>
<iter>
<var name="${element}">log_pass_title</var>
<kw name="Run Keyword And Continue On Failure" library="BuiltIn">
<arg>Wait Until Element is Visible</arg>
<arg>${e1['${element}']}</arg>
<doc>Runs the keyword and continues execution even if a failure occurs.</doc>
<kw name="Wait Until Element Is Visible" library="SeleniumLibrary">
<arg>${e1['${element}']}</arg>
<doc>Waits until the element ``locator`` is visible.</doc>
<status status="PASS" starttime="20210831 18:49:39.433" endtime="20210831 18:49:39.453"/>
</kw>
<status status="PASS" starttime="20210831 18:49:39.433" endtime="20210831 18:49:39.453"/>
</kw>
<kw name="Run Keyword And Continue On Failure" library="BuiltIn">
<arg>element text should be</arg>
<arg>${e1['${element}']}</arg>
<arg>${e2['${element}']}</arg>
<doc>Runs the keyword and continues execution even if a failure occurs.</doc>
<kw name="Element Text Should Be" library="SeleniumLibrary">
<arg>${e1['${element}']}</arg>
<arg>${e2['${element}']}</arg>
<doc>Verifies that element ``locator`` contains exact the text ``expected``.</doc>
<msg timestamp="20210831 18:49:39.455" level="INFO">Verifying element 'xpath=/html/body/div[2]/div/div[1]/div/div[2]/div/div/div[1]/span' contains exact text 'Inicia sesión'.</msg>
<status status="PASS" starttime="20210831 18:49:39.454" endtime="20210831 18:49:39.472"/>
</kw>
<status status="PASS" starttime="20210831 18:49:39.453" endtime="20210831 18:49:39.472"/>
</kw>
<kw name="Run Keyword And Continue On Failure" library="BuiltIn">
<arg>capture element screenshot</arg>
<arg>${e1['${element}']}</arg>
<doc>Runs the keyword and continues execution even if a failure occurs.</doc>
<kw name="Capture Element Screenshot" library="SeleniumLibrary">
<arg>${e1['${element}']}</arg>
<doc>Captures a screenshot from the element identified by ``locator`` and embeds it into log file.</doc>
<msg timestamp="20210831 18:49:39.546" level="INFO" html="true">&lt;/td&gt;&lt;/tr&gt;&lt;tr&gt;&lt;td colspan="3"&gt;&lt;a href="../../../screenshots/selenium-element-screenshot-418.png"&gt;&lt;img src="../../../screenshots/selenium-element-screenshot-418.png" width="400px"&gt;&lt;/a&gt;</msg>
<status status="PASS" starttime="20210831 18:49:39.473" endtime="20210831 18:49:39.546"/>
</kw>
<status status="PASS" starttime="20210831 18:49:39.473" endtime="20210831 18:49:39.546"/>
</kw>
<status status="PASS" starttime="20210831 18:49:39.433" endtime="20210831 18:49:39.546"/>
</iter>
<iter>
<var name="${element}">log_pass_passText</var>
<kw name="Run Keyword And Continue On Failure" library="BuiltIn">
<arg>Wait Until Element is Visible</arg>
<arg>${e1['${element}']}</arg>
<doc>Runs the keyword and continues execution even if a failure occurs.</doc>
<kw name="Wait Until Element Is Visible" library="SeleniumLibrary">
<arg>${e1['${element}']}</arg>
<doc>Waits until the element ``locator`` is visible.</doc>
<status status="PASS" starttime="20210831 18:49:39.547" endtime="20210831 18:49:39.807"/>
</kw>
<status status="PASS" starttime="20210831 18:49:39.547" endtime="20210831 18:49:39.807"/>
</kw>
<kw name="Run Keyword And Continue On Failure" library="BuiltIn">
<arg>element text should be</arg>
<arg>${e1['${element}']}</arg>
<arg>${e2['${element}']}</arg>
<doc>Runs the keyword and continues execution even if a failure occurs.</doc>
<kw name="Element Text Should Be" library="SeleniumLibrary">
<arg>${e1['${element}']}</arg>
<arg>${e2['${element}']}</arg>
<doc>Verifies that element ``locator`` contains exact the text ``expected``.</doc>
<msg timestamp="20210831 18:49:39.811" level="INFO">Verifying element 'xpath=/html/body/div[2]/div/div[1]/div/div[2]/div/div/div[2]/span' contains exact text 'Contraseña'.</msg>
<status status="PASS" starttime="20210831 18:49:39.808" endtime="20210831 18:49:39.826"/>
</kw>
<status status="PASS" starttime="20210831 18:49:39.807" endtime="20210831 18:49:39.826"/>
</kw>
<kw name="Run Keyword And Continue On Failure" library="BuiltIn">
<arg>capture element screenshot</arg>
<arg>${e1['${element}']}</arg>
<doc>Runs the keyword and continues execution even if a failure occurs.</doc>
<kw name="Capture Element Screenshot" library="SeleniumLibrary">
<arg>${e1['${element}']}</arg>
<doc>Captures a screenshot from the element identified by ``locator`` and embeds it into log file.</doc>
<msg timestamp="20210831 18:49:39.867" level="INFO" html="true">&lt;/td&gt;&lt;/tr&gt;&lt;tr&gt;&lt;td colspan="3"&gt;&lt;a href="../../../screenshots/selenium-element-screenshot-419.png"&gt;&lt;img src="../../../screenshots/selenium-element-screenshot-419.png" width="400px"&gt;&lt;/a&gt;</msg>
<status status="PASS" starttime="20210831 18:49:39.827" endtime="20210831 18:49:39.867"/>
</kw>
<status status="PASS" starttime="20210831 18:49:39.827" endtime="20210831 18:49:39.867"/>
</kw>
<status status="PASS" starttime="20210831 18:49:39.546" endtime="20210831 18:49:39.867"/>
</iter>
<iter>
<var name="${element}">reg_pass_passtextbox</var>
<kw name="Run Keyword And Continue On Failure" library="BuiltIn">
<arg>Wait Until Element is Visible</arg>
<arg>${e1['${element}']}</arg>
<doc>Runs the keyword and continues execution even if a failure occurs.</doc>
<kw name="Wait Until Element Is Visible" library="SeleniumLibrary">
<arg>${e1['${element}']}</arg>
<doc>Waits until the element ``locator`` is visible.</doc>
<status status="PASS" starttime="20210831 18:49:39.868" endtime="20210831 18:49:39.885"/>
</kw>
<status status="PASS" starttime="20210831 18:49:39.868" endtime="20210831 18:49:39.885"/>
</kw>
<kw name="Run Keyword And Continue On Failure" library="BuiltIn">
<arg>element text should be</arg>
<arg>${e1['${element}']}</arg>
<arg>${e2['${element}']}</arg>
<doc>Runs the keyword and continues execution even if a failure occurs.</doc>
<kw name="Element Text Should Be" library="SeleniumLibrary">
<arg>${e1['${element}']}</arg>
<arg>${e2['${element}']}</arg>
<doc>Verifies that element ``locator`` contains exact the text ``expected``.</doc>
<msg timestamp="20210831 18:49:39.887" level="INFO">Verifying element 'xpath=//*[@id="password"]' contains exact text ''.</msg>
<status status="PASS" starttime="20210831 18:49:39.886" endtime="20210831 18:49:39.901"/>
</kw>
<status status="PASS" starttime="20210831 18:49:39.885" endtime="20210831 18:49:39.901"/>
</kw>
<kw name="Run Keyword And Continue On Failure" library="BuiltIn">
<arg>capture element screenshot</arg>
<arg>${e1['${element}']}</arg>
<doc>Runs the keyword and continues execution even if a failure occurs.</doc>
<kw name="Capture Element Screenshot" library="SeleniumLibrary">
<arg>${e1['${element}']}</arg>
<doc>Captures a screenshot from the element identified by ``locator`` and embeds it into log file.</doc>
<msg timestamp="20210831 18:49:39.959" level="INFO" html="true">&lt;/td&gt;&lt;/tr&gt;&lt;tr&gt;&lt;td colspan="3"&gt;&lt;a href="../../../screenshots/selenium-element-screenshot-420.png"&gt;&lt;img src="../../../screenshots/selenium-element-screenshot-420.png" width="400px"&gt;&lt;/a&gt;</msg>
<status status="PASS" starttime="20210831 18:49:39.901" endtime="20210831 18:49:39.959"/>
</kw>
<status status="PASS" starttime="20210831 18:49:39.901" endtime="20210831 18:49:39.959"/>
</kw>
<status status="PASS" starttime="20210831 18:49:39.867" endtime="20210831 18:49:39.959"/>
</iter>
<iter>
<var name="${element}">log_pass_siguiente</var>
<kw name="Run Keyword And Continue On Failure" library="BuiltIn">
<arg>Wait Until Element is Visible</arg>
<arg>${e1['${element}']}</arg>
<doc>Runs the keyword and continues execution even if a failure occurs.</doc>
<kw name="Wait Until Element Is Visible" library="SeleniumLibrary">
<arg>${e1['${element}']}</arg>
<doc>Waits until the element ``locator`` is visible.</doc>
<status status="PASS" starttime="20210831 18:49:39.961" endtime="20210831 18:49:39.979"/>
</kw>
<status status="PASS" starttime="20210831 18:49:39.960" endtime="20210831 18:49:39.979"/>
</kw>
<kw name="Run Keyword And Continue On Failure" library="BuiltIn">
<arg>element text should be</arg>
<arg>${e1['${element}']}</arg>
<arg>${e2['${element}']}</arg>
<doc>Runs the keyword and continues execution even if a failure occurs.</doc>
<kw name="Element Text Should Be" library="SeleniumLibrary">
<arg>${e1['${element}']}</arg>
<arg>${e2['${element}']}</arg>
<doc>Verifies that element ``locator`` contains exact the text ``expected``.</doc>
<msg timestamp="20210831 18:49:39.981" level="INFO">Verifying element 'xpath=/html/body/div[2]/div/div[1]/div/div[2]/div/div/div[4]/div/button' contains exact text 'SIGUIENTE'.</msg>
<status status="PASS" starttime="20210831 18:49:39.980" endtime="20210831 18:49:39.995"/>
</kw>
<status status="PASS" starttime="20210831 18:49:39.980" endtime="20210831 18:49:39.995"/>
</kw>
<kw name="Run Keyword And Continue On Failure" library="BuiltIn">
<arg>capture element screenshot</arg>
<arg>${e1['${element}']}</arg>
<doc>Runs the keyword and continues execution even if a failure occurs.</doc>
<kw name="Capture Element Screenshot" library="SeleniumLibrary">
<arg>${e1['${element}']}</arg>
<doc>Captures a screenshot from the element identified by ``locator`` and embeds it into log file.</doc>
<msg timestamp="20210831 18:49:40.034" level="INFO" html="true">&lt;/td&gt;&lt;/tr&gt;&lt;tr&gt;&lt;td colspan="3"&gt;&lt;a href="../../../screenshots/selenium-element-screenshot-421.png"&gt;&lt;img src="../../../screenshots/selenium-element-screenshot-421.png" width="400px"&gt;&lt;/a&gt;</msg>
<status status="PASS" starttime="20210831 18:49:39.996" endtime="20210831 18:49:40.035"/>
</kw>
<status status="PASS" starttime="20210831 18:49:39.995" endtime="20210831 18:49:40.035"/>
</kw>
<status status="PASS" starttime="20210831 18:49:39.960" endtime="20210831 18:49:40.035"/>
</iter>
<iter>
<var name="${element}">log_pass_cancelar</var>
<kw name="Run Keyword And Continue On Failure" library="BuiltIn">
<arg>Wait Until Element is Visible</arg>
<arg>${e1['${element}']}</arg>
<doc>Runs the keyword and continues execution even if a failure occurs.</doc>
<kw name="Wait Until Element Is Visible" library="SeleniumLibrary">
<arg>${e1['${element}']}</arg>
<doc>Waits until the element ``locator`` is visible.</doc>
<status status="PASS" starttime="20210831 18:49:40.036" endtime="20210831 18:49:40.052"/>
</kw>
<status status="PASS" starttime="20210831 18:49:40.035" endtime="20210831 18:49:40.052"/>
</kw>
<kw name="Run Keyword And Continue On Failure" library="BuiltIn">
<arg>element text should be</arg>
<arg>${e1['${element}']}</arg>
<arg>${e2['${element}']}</arg>
<doc>Runs the keyword and continues execution even if a failure occurs.</doc>
<kw name="Element Text Should Be" library="SeleniumLibrary">
<arg>${e1['${element}']}</arg>
<arg>${e2['${element}']}</arg>
<doc>Verifies that element ``locator`` contains exact the text ``expected``.</doc>
<msg timestamp="20210831 18:49:40.054" level="INFO">Verifying element 'xpath=/html/body/div[2]/div/div[1]/div/div[2]/div/div/div[5]/div/button' contains exact text 'CANCELAR'.</msg>
<status status="PASS" starttime="20210831 18:49:40.052" endtime="20210831 18:49:40.068"/>
</kw>
<status status="PASS" starttime="20210831 18:49:40.052" endtime="20210831 18:49:40.068"/>
</kw>
<kw name="Run Keyword And Continue On Failure" library="BuiltIn">
<arg>capture element screenshot</arg>
<arg>${e1['${element}']}</arg>
<doc>Runs the keyword and continues execution even if a failure occurs.</doc>
<kw name="Capture Element Screenshot" library="SeleniumLibrary">
<arg>${e1['${element}']}</arg>
<doc>Captures a screenshot from the element identified by ``locator`` and embeds it into log file.</doc>
<msg timestamp="20210831 18:49:40.100" level="INFO" html="true">&lt;/td&gt;&lt;/tr&gt;&lt;tr&gt;&lt;td colspan="3"&gt;&lt;a href="../../../screenshots/selenium-element-screenshot-422.png"&gt;&lt;img src="../../../screenshots/selenium-element-screenshot-422.png" width="400px"&gt;&lt;/a&gt;</msg>
<status status="PASS" starttime="20210831 18:49:40.068" endtime="20210831 18:49:40.100"/>
</kw>
<status status="PASS" starttime="20210831 18:49:40.068" endtime="20210831 18:49:40.100"/>
</kw>
<status status="PASS" starttime="20210831 18:49:40.035" endtime="20210831 18:49:40.101"/>
</iter>
<iter>
<var name="${element}">log_pass_olvidoPass</var>
<kw name="Run Keyword And Continue On Failure" library="BuiltIn">
<arg>Wait Until Element is Visible</arg>
<arg>${e1['${element}']}</arg>
<doc>Runs the keyword and continues execution even if a failure occurs.</doc>
<kw name="Wait Until Element Is Visible" library="SeleniumLibrary">
<arg>${e1['${element}']}</arg>
<doc>Waits until the element ``locator`` is visible.</doc>
<status status="PASS" starttime="20210831 18:49:40.101" endtime="20210831 18:49:40.118"/>
</kw>
<status status="PASS" starttime="20210831 18:49:40.101" endtime="20210831 18:49:40.118"/>
</kw>
<kw name="Run Keyword And Continue On Failure" library="BuiltIn">
<arg>element text should be</arg>
<arg>${e1['${element}']}</arg>
<arg>${e2['${element}']}</arg>
<doc>Runs the keyword and continues execution even if a failure occurs.</doc>
<kw name="Element Text Should Be" library="SeleniumLibrary">
<arg>${e1['${element}']}</arg>
<arg>${e2['${element}']}</arg>
<doc>Verifies that element ``locator`` contains exact the text ``expected``.</doc>
<msg timestamp="20210831 18:49:40.120" level="INFO">Verifying element 'xpath=/html/body/div[2]/div/div[1]/div/div[2]/div/div/div[6]/div/button' contains exact text '¿OLVIDASTE TU CONTRASEÑA?'.</msg>
<status status="PASS" starttime="20210831 18:49:40.119" endtime="20210831 18:49:40.134"/>
</kw>
<status status="PASS" starttime="20210831 18:49:40.118" endtime="20210831 18:49:40.134"/>
</kw>
<kw name="Run Keyword And Continue On Failure" library="BuiltIn">
<arg>capture element screenshot</arg>
<arg>${e1['${element}']}</arg>
<doc>Runs the keyword and continues execution even if a failure occurs.</doc>
<kw name="Capture Element Screenshot" library="SeleniumLibrary">
<arg>${e1['${element}']}</arg>
<doc>Captures a screenshot from the element identified by ``locator`` and embeds it into log file.</doc>
<msg timestamp="20210831 18:49:40.167" level="INFO" html="true">&lt;/td&gt;&lt;/tr&gt;&lt;tr&gt;&lt;td colspan="3"&gt;&lt;a href="../../../screenshots/selenium-element-screenshot-423.png"&gt;&lt;img src="../../../screenshots/selenium-element-screenshot-423.png" width="400px"&gt;&lt;/a&gt;</msg>
<status status="PASS" starttime="20210831 18:49:40.135" endtime="20210831 18:49:40.167"/>
</kw>
<status status="PASS" starttime="20210831 18:49:40.134" endtime="20210831 18:49:40.167"/>
</kw>
<status status="PASS" starttime="20210831 18:49:40.101" endtime="20210831 18:49:40.167"/>
</iter>
<status status="PASS" starttime="20210831 18:49:39.432" endtime="20210831 18:49:40.168"/>
</for>
<status status="PASS" starttime="20210831 18:49:39.431" endtime="20210831 18:49:40.168"/>
</kw>
<kw name="Terminar configuracion test" library="sharedkeywords" type="TEARDOWN">
<kw name="Capture Page Screenshot" library="SeleniumLibrary">
<doc>Takes a screenshot of the current page and embeds it into a log file.</doc>
<msg timestamp="20210831 18:49:40.518" level="INFO" html="true">&lt;/td&gt;&lt;/tr&gt;&lt;tr&gt;&lt;td colspan="3"&gt;&lt;a href="../../../screenshots/selenium-screenshot-142.png"&gt;&lt;img src="../../../screenshots/selenium-screenshot-142.png" width="800px"&gt;&lt;/a&gt;</msg>
<status status="PASS" starttime="20210831 18:49:40.169" endtime="20210831 18:49:40.518"/>
</kw>
<kw name="Cerrar Browser" library="sharedkeywords">
<kw name="Close Browser" library="SeleniumLibrary">
<doc>Closes the current browser.</doc>
<status status="PASS" starttime="20210831 18:49:40.519" endtime="20210831 18:49:40.604"/>
</kw>
<status status="PASS" starttime="20210831 18:49:40.518" endtime="20210831 18:49:40.604"/>
</kw>
<status status="PASS" starttime="20210831 18:49:40.168" endtime="20210831 18:49:40.605"/>
</kw>
<status status="PASS" starttime="20210831 18:49:33.426" endtime="20210831 18:49:40.605"/>
</test>
<test id="s1-s1-t3" name="CV-WEB-MX- VALIDAR FUNCION LOGIN">
<kw name="Iniciar configuracion test" library="sharedkeywords" type="SETUP">
<kw name="Configurar Directorio screenshots" library="sharedkeywords">
<kw name="Set Screenshot Directory" library="SeleniumLibrary">
<arg>${screenshots}</arg>
<doc>Sets the directory for captured screenshots.</doc>
<status status="PASS" starttime="20210831 18:49:40.607" endtime="20210831 18:49:40.608"/>
</kw>
<status status="PASS" starttime="20210831 18:49:40.607" endtime="20210831 18:49:40.608"/>
</kw>
<status status="PASS" starttime="20210831 18:49:40.606" endtime="20210831 18:49:40.608"/>
</kw>
<kw name="Abrir login page" library="sharedkeywords">
<kw name="Open Browser" library="SeleniumLibrary">
<arg>https://www.clarovideo.com/mexico/login</arg>
<arg>${browser}</arg>
<doc>Opens a new browser instance to the optional ``url``.</doc>
<msg timestamp="20210831 18:49:40.609" level="INFO">Opening browser 'chrome' to base url 'https://www.clarovideo.com/mexico/login'.</msg>
<status status="PASS" starttime="20210831 18:49:40.609" endtime="20210831 18:49:45.059"/>
</kw>
<status status="PASS" starttime="20210831 18:49:40.608" endtime="20210831 18:49:45.060"/>
</kw>
<kw name="login CV mx" library="sharedkeywords">
<arg>testqc01_990@gmail.com</arg>
<arg>Claro123</arg>
<kw name="Open Browser" library="SeleniumLibrary">
<arg>https://www.clarovideo.com/mexico/login</arg>
<arg>${browser}</arg>
<doc>Opens a new browser instance to the optional ``url``.</doc>
<msg timestamp="20210831 18:49:45.062" level="INFO">Opening browser 'chrome' to base url 'https://www.clarovideo.com/mexico/login'.</msg>
<status status="PASS" starttime="20210831 18:49:45.061" endtime="20210831 18:49:49.497"/>
</kw>
<kw name="Ingresar email para login" library="sharedkeywords">
<arg>${email}</arg>
<kw name="Wait Until Element Is Visible" library="SeleniumLibrary">
<arg>${elementos_login_email['reg_emailtextbox']}</arg>
<doc>Waits until the element ``locator`` is visible.</doc>
<status status="PASS" starttime="20210831 18:49:49.499" endtime="20210831 18:49:50.577"/>
</kw>
<kw name="Input Text" library="SeleniumLibrary">
<arg>${elementos_login_email['reg_emailtextbox']}</arg>
<arg>${email}</arg>
<doc>Types the given ``text`` into the text field identified by ``locator``.</doc>
<msg timestamp="20210831 18:49:50.578" level="INFO">Typing text 'testqc01_990@gmail.com' into text field 'xpath=//*[@id="emailLogin"]'.</msg>
<status status="PASS" starttime="20210831 18:49:50.577" endtime="20210831 18:49:50.742"/>
</kw>
<kw name="Click Button" library="SeleniumLibrary">
<arg>${elementos_login_email['log_siguiente']}</arg>
<doc>Clicks the button identified by ``locator``.</doc>
<msg timestamp="20210831 18:49:50.744" level="INFO">Clicking button 'xpath=/html/body/div[2]/div/div[1]/div/div[2]/div/div/div[3]/div/button'.</msg>
<status status="PASS" starttime="20210831 18:49:50.742" endtime="20210831 18:49:50.868"/>
</kw>
<status status="PASS" starttime="20210831 18:49:49.498" endtime="20210831 18:49:50.868"/>
</kw>
<kw name="Ingresar password para login" library="sharedkeywords">
<arg>${password}</arg>
<kw name="Wait Until Element Is Visible" library="SeleniumLibrary">
<arg>${elementos_login_pass['reg_pass_passtextbox']}</arg>
<doc>Waits until the element ``locator`` is visible.</doc>
<status status="PASS" starttime="20210831 18:49:50.869" endtime="20210831 18:49:51.097"/>
</kw>
<kw name="Input Text" library="SeleniumLibrary">
<arg>${elementos_login_pass['reg_pass_passtextbox']}</arg>
<arg>${password}</arg>
<doc>Types the given ``text`` into the text field identified by ``locator``.</doc>
<msg timestamp="20210831 18:49:51.099" level="INFO">Typing text 'Claro123' into text field 'xpath=//*[@id="password"]'.</msg>
<status status="PASS" starttime="20210831 18:49:51.098" endtime="20210831 18:49:51.165"/>
</kw>
<kw name="Click Button" library="SeleniumLibrary">
<arg>${elementos_login_pass['log_pass_siguiente']}</arg>
<doc>Clicks the button identified by ``locator``.</doc>
<msg timestamp="20210831 18:49:51.166" level="INFO">Clicking button 'xpath=/html/body/div[2]/div/div[1]/div/div[2]/div/div/div[4]/div/button'.</msg>
<status status="PASS" starttime="20210831 18:49:51.166" endtime="20210831 18:49:51.264"/>
</kw>
<status status="PASS" starttime="20210831 18:49:50.869" endtime="20210831 18:49:51.264"/>
</kw>
<status status="PASS" starttime="20210831 18:49:45.061" endtime="20210831 18:49:51.264"/>
</kw>
<kw name="click imagen perfil ir a Home page cv" library="sharedkeywords">
<kw name="Wait Until Page Contains Element" library="SeleniumLibrary">
<arg>xpath=//img[@class='img-icon hover ']</arg>
<doc>Waits until the element ``locator`` appears on the current page.</doc>
<kw name="Capture Page Screenshot" library="SeleniumLibrary">
<doc>Takes a screenshot of the current page and embeds it into a log file.</doc>
<msg timestamp="20210831 18:49:57.101" level="INFO" html="true">&lt;/td&gt;&lt;/tr&gt;&lt;tr&gt;&lt;td colspan="3"&gt;&lt;a href="../../../screenshots/selenium-screenshot-143.png"&gt;&lt;img src="../../../screenshots/selenium-screenshot-143.png" width="800px"&gt;&lt;/a&gt;</msg>
<status status="PASS" starttime="20210831 18:49:56.539" endtime="20210831 18:49:57.102"/>
</kw>
<msg timestamp="20210831 18:49:57.105" level="FAIL">Element 'xpath=//img[@class='img-icon hover ']' did not appear in 5 seconds.</msg>
<status status="FAIL" starttime="20210831 18:49:51.265" endtime="20210831 18:49:57.105"/>
</kw>
<kw name="Click Element" library="SeleniumLibrary">
<arg>xpath=//img[@class='img-icon hover ']</arg>
<doc>Click the element identified by ``locator``.</doc>
<status status="NOT RUN" starttime="20210831 18:49:57.105" endtime="20210831 18:49:57.106"/>
</kw>
<status status="FAIL" starttime="20210831 18:49:51.265" endtime="20210831 18:49:57.107"/>
</kw>
<kw name="Terminar configuracion test" library="sharedkeywords" type="TEARDOWN">
<kw name="Capture Page Screenshot" library="SeleniumLibrary">
<doc>Takes a screenshot of the current page and embeds it into a log file.</doc>
<msg timestamp="20210831 18:49:57.524" level="INFO" html="true">&lt;/td&gt;&lt;/tr&gt;&lt;tr&gt;&lt;td colspan="3"&gt;&lt;a href="../../../screenshots/selenium-screenshot-144.png"&gt;&lt;img src="../../../screenshots/selenium-screenshot-144.png" width="800px"&gt;&lt;/a&gt;</msg>
<status status="PASS" starttime="20210831 18:49:57.108" endtime="20210831 18:49:57.524"/>
</kw>
<kw name="Cerrar Browser" library="sharedkeywords">
<kw name="Close Browser" library="SeleniumLibrary">
<doc>Closes the current browser.</doc>
<status status="PASS" starttime="20210831 18:49:57.524" endtime="20210831 18:49:57.632"/>
</kw>
<status status="PASS" starttime="20210831 18:49:57.524" endtime="20210831 18:49:57.632"/>
</kw>
<status status="PASS" starttime="20210831 18:49:57.108" endtime="20210831 18:49:57.632"/>
</kw>
<status status="FAIL" starttime="20210831 18:49:40.606" endtime="20210831 18:49:57.633">Element 'xpath=//img[@class='img-icon hover ']' did not appear in 5 seconds.</status>
</test>
<test id="s1-s1-t4" name="CV-WEB-MX- VALIDAR ELEMENTOS Y TEXTOS LOGIN PAGE-ANONYMOUS PAGE">
<kw name="Iniciar configuracion test" library="sharedkeywords" type="SETUP">
<kw name="Configurar Directorio screenshots" library="sharedkeywords">
<kw name="Set Screenshot Directory" library="SeleniumLibrary">
<arg>${screenshots}</arg>
<doc>Sets the directory for captured screenshots.</doc>
<status status="PASS" starttime="20210831 18:49:57.635" endtime="20210831 18:49:57.635"/>
</kw>
<status status="PASS" starttime="20210831 18:49:57.634" endtime="20210831 18:49:57.635"/>
</kw>
<status status="PASS" starttime="20210831 18:49:57.634" endtime="20210831 18:49:57.636"/>
</kw>
<kw name="Abrir landing page" library="sharedkeywords">
<kw name="Open Browser" library="SeleniumLibrary">
<arg>https://www.clarovideo.com/mexico/landing</arg>
<arg>${browser}</arg>
<doc>Opens a new browser instance to the optional ``url``.</doc>
<msg timestamp="20210831 18:49:57.636" level="INFO">Opening browser 'chrome' to base url 'https://www.clarovideo.com/mexico/landing'.</msg>
<status status="PASS" starttime="20210831 18:49:57.636" endtime="20210831 18:50:02.307"/>
</kw>
<status status="PASS" starttime="20210831 18:49:57.636" endtime="20210831 18:50:02.307"/>
</kw>
<kw name="Validar textos y elementos" library="sharedkeywords">
<arg>${elementos_landing_anonimo}</arg>
<arg>${textos_landing_anonimo}</arg>
<for flavor="IN">
<var>${element}</var>
<value>@{e1}</value>
<iter>
<var name="${element}">as_t1</var>
<kw name="Run Keyword And Continue On Failure" library="BuiltIn">
<arg>Wait Until Element is Visible</arg>
<arg>${e1['${element}']}</arg>
<doc>Runs the keyword and continues execution even if a failure occurs.</doc>
<kw name="Wait Until Element Is Visible" library="SeleniumLibrary">
<arg>${e1['${element}']}</arg>
<doc>Waits until the element ``locator`` is visible.</doc>
<status status="PASS" starttime="20210831 18:50:02.311" endtime="20210831 18:50:02.795"/>
</kw>
<status status="PASS" starttime="20210831 18:50:02.310" endtime="20210831 18:50:02.796"/>
</kw>
<kw name="Run Keyword And Continue On Failure" library="BuiltIn">
<arg>element text should be</arg>
<arg>${e1['${element}']}</arg>
<arg>${e2['${element}']}</arg>
<doc>Runs the keyword and continues execution even if a failure occurs.</doc>
<kw name="Element Text Should Be" library="SeleniumLibrary">
<arg>${e1['${element}']}</arg>
<arg>${e2['${element}']}</arg>
<doc>Verifies that element ``locator`` contains exact the text ``expected``.</doc>
<msg timestamp="20210831 18:50:02.799" level="INFO">Verifying element 'xpath=/html/body/div[2]/div/div[1]/div/div[2]/div/div/div[2]' contains exact text '¡Todo lo que te gusta en un sólo lugar!'.</msg>
<status status="PASS" starttime="20210831 18:50:02.797" endtime="20210831 18:50:02.819"/>
</kw>
<status status="PASS" starttime="20210831 18:50:02.796" endtime="20210831 18:50:02.819"/>
</kw>
<kw name="Run Keyword And Continue On Failure" library="BuiltIn">
<arg>capture element screenshot</arg>
<arg>${e1['${element}']}</arg>
<doc>Runs the keyword and continues execution even if a failure occurs.</doc>
<kw name="Capture Element Screenshot" library="SeleniumLibrary">
<arg>${e1['${element}']}</arg>
<doc>Captures a screenshot from the element identified by ``locator`` and embeds it into log file.</doc>
<msg timestamp="20210831 18:50:02.936" level="INFO" html="true">&lt;/td&gt;&lt;/tr&gt;&lt;tr&gt;&lt;td colspan="3"&gt;&lt;a href="../../../screenshots/selenium-element-screenshot-424.png"&gt;&lt;img src="../../../screenshots/selenium-element-screenshot-424.png" width="400px"&gt;&lt;/a&gt;</msg>
<status status="PASS" starttime="20210831 18:50:02.819" endtime="20210831 18:50:02.936"/>
</kw>
<status status="PASS" starttime="20210831 18:50:02.819" endtime="20210831 18:50:02.936"/>
</kw>
<status status="PASS" starttime="20210831 18:50:02.310" endtime="20210831 18:50:02.936"/>
</iter>
<iter>
<var name="${element}">as_t2</var>
<kw name="Run Keyword And Continue On Failure" library="BuiltIn">
<arg>Wait Until Element is Visible</arg>
<arg>${e1['${element}']}</arg>
<doc>Runs the keyword and continues execution even if a failure occurs.</doc>
<kw name="Wait Until Element Is Visible" library="SeleniumLibrary">
<arg>${e1['${element}']}</arg>
<doc>Waits until the element ``locator`` is visible.</doc>
<status status="PASS" starttime="20210831 18:50:02.937" endtime="20210831 18:50:02.957"/>
</kw>
<status status="PASS" starttime="20210831 18:50:02.937" endtime="20210831 18:50:02.957"/>
</kw>
<kw name="Run Keyword And Continue On Failure" library="BuiltIn">
<arg>element text should be</arg>
<arg>${e1['${element}']}</arg>
<arg>${e2['${element}']}</arg>
<doc>Runs the keyword and continues execution even if a failure occurs.</doc>
<kw name="Element Text Should Be" library="SeleniumLibrary">
<arg>${e1['${element}']}</arg>
<arg>${e2['${element}']}</arg>
<doc>Verifies that element ``locator`` contains exact the text ``expected``.</doc>
<msg timestamp="20210831 18:50:02.960" level="INFO">Verifying element 'xpath=/html/body/div[2]/div/div[1]/div/div[2]/div/div/div[3]' contains exact text 'El mejor contenido, canales de TV, películas y series.'.</msg>
<status status="PASS" starttime="20210831 18:50:02.958" endtime="20210831 18:50:02.974"/>
</kw>
<status status="PASS" starttime="20210831 18:50:02.957" endtime="20210831 18:50:02.974"/>
</kw>
<kw name="Run Keyword And Continue On Failure" library="BuiltIn">
<arg>capture element screenshot</arg>
<arg>${e1['${element}']}</arg>
<doc>Runs the keyword and continues execution even if a failure occurs.</doc>
<kw name="Capture Element Screenshot" library="SeleniumLibrary">
<arg>${e1['${element}']}</arg>
<doc>Captures a screenshot from the element identified by ``locator`` and embeds it into log file.</doc>
<msg timestamp="20210831 18:50:03.035" level="INFO" html="true">&lt;/td&gt;&lt;/tr&gt;&lt;tr&gt;&lt;td colspan="3"&gt;&lt;a href="../../../screenshots/selenium-element-screenshot-425.png"&gt;&lt;img src="../../../screenshots/selenium-element-screenshot-425.png" width="400px"&gt;&lt;/a&gt;</msg>
<status status="PASS" starttime="20210831 18:50:02.975" endtime="20210831 18:50:03.035"/>
</kw>
<status status="PASS" starttime="20210831 18:50:02.974" endtime="20210831 18:50:03.035"/>
</kw>
<status status="PASS" starttime="20210831 18:50:02.937" endtime="20210831 18:50:03.035"/>
</iter>
<iter>
<var name="${element}">as_reg</var>
<kw name="Run Keyword And Continue On Failure" library="BuiltIn">
<arg>Wait Until Element is Visible</arg>
<arg>${e1['${element}']}</arg>
<doc>Runs the keyword and continues execution even if a failure occurs.</doc>
<kw name="Wait Until Element Is Visible" library="SeleniumLibrary">
<arg>${e1['${element}']}</arg>
<doc>Waits until the element ``locator`` is visible.</doc>
<status status="PASS" starttime="20210831 18:50:03.036" endtime="20210831 18:50:03.056"/>
</kw>
<status status="PASS" starttime="20210831 18:50:03.036" endtime="20210831 18:50:03.056"/>
</kw>
<kw name="Run Keyword And Continue On Failure" library="BuiltIn">
<arg>element text should be</arg>
<arg>${e1['${element}']}</arg>
<arg>${e2['${element}']}</arg>
<doc>Runs the keyword and continues execution even if a failure occurs.</doc>
<kw name="Element Text Should Be" library="SeleniumLibrary">
<arg>${e1['${element}']}</arg>
<arg>${e2['${element}']}</arg>
<doc>Verifies that element ``locator`` contains exact the text ``expected``.</doc>
<msg timestamp="20210831 18:50:03.060" level="INFO">Verifying element 'xpath=/html/body/div[2]/div/div[1]/div/div[2]/div/div/div[4]/div/button' contains exact text 'REGÍSTRATE'.</msg>
<status status="PASS" starttime="20210831 18:50:03.057" endtime="20210831 18:50:03.161"/>
</kw>
<status status="PASS" starttime="20210831 18:50:03.057" endtime="20210831 18:50:03.161"/>
</kw>
<kw name="Run Keyword And Continue On Failure" library="BuiltIn">
<arg>capture element screenshot</arg>
<arg>${e1['${element}']}</arg>
<doc>Runs the keyword and continues execution even if a failure occurs.</doc>
<kw name="Capture Element Screenshot" library="SeleniumLibrary">
<arg>${e1['${element}']}</arg>
<doc>Captures a screenshot from the element identified by ``locator`` and embeds it into log file.</doc>
<msg timestamp="20210831 18:50:03.216" level="INFO" html="true">&lt;/td&gt;&lt;/tr&gt;&lt;tr&gt;&lt;td colspan="3"&gt;&lt;a href="../../../screenshots/selenium-element-screenshot-426.png"&gt;&lt;img src="../../../screenshots/selenium-element-screenshot-426.png" width="400px"&gt;&lt;/a&gt;</msg>
<status status="PASS" starttime="20210831 18:50:03.161" endtime="20210831 18:50:03.216"/>
</kw>
<status status="PASS" starttime="20210831 18:50:03.161" endtime="20210831 18:50:03.216"/>
</kw>
<status status="PASS" starttime="20210831 18:50:03.036" endtime="20210831 18:50:03.216"/>
</iter>
<iter>
<var name="${element}">as_sesion</var>
<kw name="Run Keyword And Continue On Failure" library="BuiltIn">
<arg>Wait Until Element is Visible</arg>
<arg>${e1['${element}']}</arg>
<doc>Runs the keyword and continues execution even if a failure occurs.</doc>
<kw name="Wait Until Element Is Visible" library="SeleniumLibrary">
<arg>${e1['${element}']}</arg>
<doc>Waits until the element ``locator`` is visible.</doc>
<status status="PASS" starttime="20210831 18:50:03.217" endtime="20210831 18:50:03.234"/>
</kw>
<status status="PASS" starttime="20210831 18:50:03.216" endtime="20210831 18:50:03.234"/>
</kw>
<kw name="Run Keyword And Continue On Failure" library="BuiltIn">
<arg>element text should be</arg>
<arg>${e1['${element}']}</arg>
<arg>${e2['${element}']}</arg>
<doc>Runs the keyword and continues execution even if a failure occurs.</doc>
<kw name="Element Text Should Be" library="SeleniumLibrary">
<arg>${e1['${element}']}</arg>
<arg>${e2['${element}']}</arg>
<doc>Verifies that element ``locator`` contains exact the text ``expected``.</doc>
<msg timestamp="20210831 18:50:03.236" level="INFO">Verifying element 'xpath=/html/body/div[2]/div/div[1]/div/div[2]/div/div/div[5]/div/button' contains exact text 'INICIA SESIÓN'.</msg>
<status status="PASS" starttime="20210831 18:50:03.234" endtime="20210831 18:50:03.250"/>
</kw>
<status status="PASS" starttime="20210831 18:50:03.234" endtime="20210831 18:50:03.250"/>
</kw>
<kw name="Run Keyword And Continue On Failure" library="BuiltIn">
<arg>capture element screenshot</arg>
<arg>${e1['${element}']}</arg>
<doc>Runs the keyword and continues execution even if a failure occurs.</doc>
<kw name="Capture Element Screenshot" library="SeleniumLibrary">
<arg>${e1['${element}']}</arg>
<doc>Captures a screenshot from the element identified by ``locator`` and embeds it into log file.</doc>
<msg timestamp="20210831 18:50:03.300" level="INFO" html="true">&lt;/td&gt;&lt;/tr&gt;&lt;tr&gt;&lt;td colspan="3"&gt;&lt;a href="../../../screenshots/selenium-element-screenshot-427.png"&gt;&lt;img src="../../../screenshots/selenium-element-screenshot-427.png" width="400px"&gt;&lt;/a&gt;</msg>
<status status="PASS" starttime="20210831 18:50:03.250" endtime="20210831 18:50:03.300"/>
</kw>
<status status="PASS" starttime="20210831 18:50:03.250" endtime="20210831 18:50:03.300"/>
</kw>
<status status="PASS" starttime="20210831 18:50:03.216" endtime="20210831 18:50:03.300"/>
</iter>
<iter>
<var name="${element}">as_gratis</var>
<kw name="Run Keyword And Continue On Failure" library="BuiltIn">
<arg>Wait Until Element is Visible</arg>
<arg>${e1['${element}']}</arg>
<doc>Runs the keyword and continues execution even if a failure occurs.</doc>
<kw name="Wait Until Element Is Visible" library="SeleniumLibrary">
<arg>${e1['${element}']}</arg>
<doc>Waits until the element ``locator`` is visible.</doc>
<status status="PASS" starttime="20210831 18:50:03.301" endtime="20210831 18:50:03.321"/>
</kw>
<status status="PASS" starttime="20210831 18:50:03.301" endtime="20210831 18:50:03.321"/>
</kw>
<kw name="Run Keyword And Continue On Failure" library="BuiltIn">
<arg>element text should be</arg>
<arg>${e1['${element}']}</arg>
<arg>${e2['${element}']}</arg>
<doc>Runs the keyword and continues execution even if a failure occurs.</doc>
<kw name="Element Text Should Be" library="SeleniumLibrary">
<arg>${e1['${element}']}</arg>
<arg>${e2['${element}']}</arg>
<doc>Verifies that element ``locator`` contains exact the text ``expected``.</doc>
<msg timestamp="20210831 18:50:03.323" level="INFO">Verifying element 'xpath=/html/body/div[2]/div/div[1]/div/div[2]/div/div/div[6]/div/button' contains exact text 'VER GRATIS'.</msg>
<status status="PASS" starttime="20210831 18:50:03.321" endtime="20210831 18:50:03.337"/>
</kw>
<status status="PASS" starttime="20210831 18:50:03.321" endtime="20210831 18:50:03.338"/>
</kw>
<kw name="Run Keyword And Continue On Failure" library="BuiltIn">
<arg>capture element screenshot</arg>
<arg>${e1['${element}']}</arg>
<doc>Runs the keyword and continues execution even if a failure occurs.</doc>
<kw name="Capture Element Screenshot" library="SeleniumLibrary">
<arg>${e1['${element}']}</arg>
<doc>Captures a screenshot from the element identified by ``locator`` and embeds it into log file.</doc>
<msg timestamp="20210831 18:50:03.399" level="INFO" html="true">&lt;/td&gt;&lt;/tr&gt;&lt;tr&gt;&lt;td colspan="3"&gt;&lt;a href="../../../screenshots/selenium-element-screenshot-428.png"&gt;&lt;img src="../../../screenshots/selenium-element-screenshot-428.png" width="400px"&gt;&lt;/a&gt;</msg>
<status status="PASS" starttime="20210831 18:50:03.338" endtime="20210831 18:50:03.399"/>
</kw>
<status status="PASS" starttime="20210831 18:50:03.338" endtime="20210831 18:50:03.399"/>
</kw>
<status status="PASS" starttime="20210831 18:50:03.301" endtime="20210831 18:50:03.399"/>
</iter>
<status status="PASS" starttime="20210831 18:50:02.309" endtime="20210831 18:50:03.400"/>
</for>
<status status="PASS" starttime="20210831 18:50:02.308" endtime="20210831 18:50:03.400"/>
</kw>
<kw name="Terminar configuracion test" library="sharedkeywords" type="TEARDOWN">
<kw name="Capture Page Screenshot" library="SeleniumLibrary">
<doc>Takes a screenshot of the current page and embeds it into a log file.</doc>
<msg timestamp="20210831 18:50:04.819" level="INFO" html="true">&lt;/td&gt;&lt;/tr&gt;&lt;tr&gt;&lt;td colspan="3"&gt;&lt;a href="../../../screenshots/selenium-screenshot-145.png"&gt;&lt;img src="../../../screenshots/selenium-screenshot-145.png" width="800px"&gt;&lt;/a&gt;</msg>
<status status="PASS" starttime="20210831 18:50:03.401" endtime="20210831 18:50:04.819"/>
</kw>
<kw name="Cerrar Browser" library="sharedkeywords">
<kw name="Close Browser" library="SeleniumLibrary">
<doc>Closes the current browser.</doc>
<status status="PASS" starttime="20210831 18:50:04.820" endtime="20210831 18:50:04.911"/>
</kw>
<status status="PASS" starttime="20210831 18:50:04.820" endtime="20210831 18:50:04.912"/>
</kw>
<status status="PASS" starttime="20210831 18:50:03.400" endtime="20210831 18:50:04.912"/>
</kw>
<status status="PASS" starttime="20210831 18:49:57.633" endtime="20210831 18:50:04.912"/>
</test>
<kw name="Terminar configuracion suitetest" library="sharedkeywords" type="TEARDOWN">
<kw name="download charles .chls and close it" library="sharedkeywords">
<kw name="Stop Charles Proxy Session Recording" library="charles_library">
<status status="PASS" starttime="20210831 18:50:04.914" endtime="20210831 18:50:04.922"/>
</kw>
<kw name="Download Charles Proxy Session Recording" library="charles_library">
<status status="PASS" starttime="20210831 18:50:04.922" endtime="20210831 18:50:04.930"/>
</kw>
<kw name="Terminate All Charles Proxy Sessions" library="charles_library">
<status status="PASS" starttime="20210831 18:50:04.931" endtime="20210831 18:50:05.099"/>
</kw>
<status status="PASS" starttime="20210831 18:50:04.914" endtime="20210831 18:50:05.099"/>
</kw>
<kw name="Cerrar todos los navegadores" library="sharedkeywords">
<kw name="Close All Browsers" library="SeleniumLibrary">
<doc>Closes all open browsers and resets the browser cache.</doc>
<status status="PASS" starttime="20210831 18:50:05.100" endtime="20210831 18:50:05.155"/>
</kw>
<status status="PASS" starttime="20210831 18:50:05.099" endtime="20210831 18:50:05.155"/>
</kw>
<status status="PASS" starttime="20210831 18:50:04.914" endtime="20210831 18:50:05.155"/>
</kw>
<doc>validar presencia de elementos y textos de cada elemento en LANDING PAGE, LOGIN PAGE, ANONYMOUS PAGE</doc>
<status status="FAIL" starttime="20210831 18:49:20.012" endtime="20210831 18:50:05.155"/>
</suite>
<status status="FAIL" starttime="20210831 18:49:19.993" endtime="20210831 18:50:05.159"/>
</suite>
<statistics>
<total>
<stat pass="3" fail="1" skip="0">All Tests</stat>
</total>
<tag>
</tag>
<suite>
<stat pass="3" fail="1" skip="0" id="s1" name="Suites">Suites</stat>
<stat pass="3" fail="1" skip="0" id="s1-s1" name="CV-MX-WEB-LOGIN PAGES">Suites.CV-MX-WEB-LOGIN PAGES</stat>
</suite>
</statistics>
<errors>
<msg timestamp="20210831 18:49:20.020" level="ERROR">Error in resource file '/Users/at/Desktop/AT-auto/robotFramework/auto_py/QC-WEB-MX/resources/keywords/sharedkeywords.robot': Creating keyword 'validador de texto con txt' failed: Invalid argument specification: Invalid argument syntax '${e1['${element}']'.</msg>
<msg timestamp="20210831 18:49:20.189" level="ERROR">Error in file '/Users/at/Desktop/AT-auto/robotFramework/auto_py/QC-WEB-MX/resources/keywords/sharedkeywords.robot' on line 25: Variable file '/Users/at/Desktop/AT-auto/robotFramework/auto_py/QC-WEB-MX/resources/CV-POM/EC-brf-6744/Licencia_usuario_final.py' does not exist.</msg>
<msg timestamp="20210831 18:49:20.189" level="ERROR">Error in file '/Users/at/Desktop/AT-auto/robotFramework/auto_py/QC-WEB-MX/resources/keywords/sharedkeywords.robot' on line 26: Variable file '/Users/at/Desktop/AT-auto/robotFramework/auto_py/QC-WEB-MX/resources/CV-POM/EC-brf-6744/politicas_de_privacidad.py' does not exist.</msg>
</errors>
</robot>
