<?xml version="1.0" encoding="UTF-8"?>
<robot generator="Robot 4.1.3 (Python 3.9.10 on darwin)" generated="20220315 13:46:18.842" rpa="false" schemaversion="2">
<suite id="s1" name="CV-MX-WEB-NA" source="/Users/at/Desktop/AT-auto/robotFramework/auto_py/QC-WEB-MX/QC-WEB-MX/testCases/CV-MX-WEB-NA.robot">
<kw name="-CONFIGURACIÓN INICIAL SUITETEST-" library="libraries_keywords" type="SETUP">
<kw name="-ABRIR CHARLES-" library="libraries_keywords">
<kw name="Start Charles Proxy In Headless Mode" library="charles_library">
<status status="PASS" starttime="20220315 13:46:19.217" endtime="20220315 13:46:23.224"/>
</kw>
<kw name="Sleep" library="BuiltIn">
<arg>4</arg>
<doc>Pauses the test executed for the given time.</doc>
<msg timestamp="20220315 13:46:27.225" level="INFO">Slept 4 seconds</msg>
<status status="PASS" starttime="20220315 13:46:23.224" endtime="20220315 13:46:27.226"/>
</kw>
<status status="PASS" starttime="20220315 13:46:19.217" endtime="20220315 13:46:27.226"/>
</kw>
<kw name="-INICIAR GRABACION CHARLES-" library="libraries_keywords">
<kw name="Start Charles Proxy Session Recording" library="charles_library">
<status status="PASS" starttime="20220315 13:46:27.227" endtime="20220315 13:47:42.685"/>
</kw>
<status status="PASS" starttime="20220315 13:46:27.226" endtime="20220315 13:47:42.686"/>
</kw>
<status status="PASS" starttime="20220315 13:46:19.217" endtime="20220315 13:47:42.686"/>
</kw>
<test id="s1-t1" name="CV-WEB-NAVEGACION-VALIDAR ELEMENTOS LANDING PAGE">
<kw name="-CONFIGURACIÓN TESTCASE-" library="libraries_keywords" type="SETUP">
<kw name="-CONFIGURAR DIRECTORIO SCREENSHOTS-" library="libraries_keywords">
<kw name="Set Screenshot Directory" library="Selenium2Library">
<arg>${screenshots-folder}</arg>
<doc>Sets the directory for captured screenshots.</doc>
<status status="PASS" starttime="20220315 13:47:42.688" endtime="20220315 13:47:42.688"/>
</kw>
<status status="PASS" starttime="20220315 13:47:42.687" endtime="20220315 13:47:42.689"/>
</kw>
<status status="PASS" starttime="20220315 13:47:42.687" endtime="20220315 13:47:42.689"/>
</kw>
<kw name="-ABRIR LANDIND PAGE-" library="tests_keywords">
<kw name="Open Browser" library="Selenium2Library">
<arg>${url_landing_page}</arg>
<arg>${browser}</arg>
<doc>Opens a new browser instance to the optional ``url``.</doc>
<msg timestamp="20220315 13:47:42.690" level="INFO">Opening browser 'chrome' to base url 'https://www.clarovideo.com/mexico/landing'.</msg>
<status status="PASS" starttime="20220315 13:47:42.689" endtime="20220315 13:47:54.312"/>
</kw>
<status status="PASS" starttime="20220315 13:47:42.689" endtime="20220315 13:47:54.313"/>
</kw>
<kw name="-VALIDAR TEXTOS Y ELEMENTOS-" library="libraries_keywords">
<arg>${elementos_landing_anonimo}</arg>
<arg>${textos_landing_anonimo}</arg>
<for flavor="IN">
<var>${element}</var>
<value>@{a1}</value>
<iter>
<var name="${element}">as_t1</var>
<kw name="Run Keyword And Continue On Failure" library="BuiltIn">
<arg>Wait Until Element is Visible</arg>
<arg>${a1['${element}']}</arg>
<doc>Runs the keyword and continues execution even if a failure occurs.</doc>
<kw name="Wait Until Element Is Visible" library="Selenium2Library">
<arg>${a1['${element}']}</arg>
<doc>Waits until the element ``locator`` is visible.</doc>
<status status="PASS" starttime="20220315 13:47:54.314" endtime="20220315 13:47:54.349"/>
</kw>
<status status="PASS" starttime="20220315 13:47:54.314" endtime="20220315 13:47:54.349"/>
</kw>
<kw name="Run Keyword And Continue On Failure" library="BuiltIn">
<arg>element text should be</arg>
<arg>${a1['${element}']}</arg>
<arg>${a2['${element}']}</arg>
<doc>Runs the keyword and continues execution even if a failure occurs.</doc>
<kw name="Element Text Should Be" library="Selenium2Library">
<arg>${a1['${element}']}</arg>
<arg>${a2['${element}']}</arg>
<doc>Verifies that element ``locator`` contains exact the text ``expected``.</doc>
<msg timestamp="20220315 13:47:54.352" level="INFO">Verifying element 'xpath=/html/body/div[2]/div/div[1]/div/div[2]/div/div/div[2]' contains exact text '¡Todo lo que te gusta en un sólo lugar!'.</msg>
<status status="PASS" starttime="20220315 13:47:54.350" endtime="20220315 13:47:54.368"/>
</kw>
<status status="PASS" starttime="20220315 13:47:54.350" endtime="20220315 13:47:54.368"/>
</kw>
<kw name="Run Keyword And Continue On Failure" library="BuiltIn">
<arg>capture element screenshot</arg>
<arg>${a1['${element}']}</arg>
<doc>Runs the keyword and continues execution even if a failure occurs.</doc>
<kw name="Capture Element Screenshot" library="Selenium2Library">
<arg>${a1['${element}']}</arg>
<doc>Captures a screenshot from the element identified by ``locator`` and embeds it into log file.</doc>
<msg timestamp="20220315 13:47:55.128" level="INFO" html="true">&lt;/td&gt;&lt;/tr&gt;&lt;tr&gt;&lt;td colspan="3"&gt;&lt;a href="../screenshots/selenium-element-screenshot-101.png"&gt;&lt;img src="../screenshots/selenium-element-screenshot-101.png" width="400px"&gt;&lt;/a&gt;</msg>
<status status="PASS" starttime="20220315 13:47:54.369" endtime="20220315 13:47:55.128"/>
</kw>
<status status="PASS" starttime="20220315 13:47:54.368" endtime="20220315 13:47:55.128"/>
</kw>
<status status="PASS" starttime="20220315 13:47:54.314" endtime="20220315 13:47:55.129"/>
</iter>
<iter>
<var name="${element}">as_t2</var>
<kw name="Run Keyword And Continue On Failure" library="BuiltIn">
<arg>Wait Until Element is Visible</arg>
<arg>${a1['${element}']}</arg>
<doc>Runs the keyword and continues execution even if a failure occurs.</doc>
<kw name="Wait Until Element Is Visible" library="Selenium2Library">
<arg>${a1['${element}']}</arg>
<doc>Waits until the element ``locator`` is visible.</doc>
<status status="PASS" starttime="20220315 13:47:55.129" endtime="20220315 13:47:55.151"/>
</kw>
<status status="PASS" starttime="20220315 13:47:55.129" endtime="20220315 13:47:55.151"/>
</kw>
<kw name="Run Keyword And Continue On Failure" library="BuiltIn">
<arg>element text should be</arg>
<arg>${a1['${element}']}</arg>
<arg>${a2['${element}']}</arg>
<doc>Runs the keyword and continues execution even if a failure occurs.</doc>
<kw name="Element Text Should Be" library="Selenium2Library">
<arg>${a1['${element}']}</arg>
<arg>${a2['${element}']}</arg>
<doc>Verifies that element ``locator`` contains exact the text ``expected``.</doc>
<msg timestamp="20220315 13:47:55.154" level="INFO">Verifying element 'xpath=/html/body/div[2]/div/div[1]/div/div[2]/div/div/div[3]' contains exact text 'El mejor contenido, canales de TV, películas y series.'.</msg>
<status status="PASS" starttime="20220315 13:47:55.152" endtime="20220315 13:47:55.173"/>
</kw>
<status status="PASS" starttime="20220315 13:47:55.151" endtime="20220315 13:47:55.173"/>
</kw>
<kw name="Run Keyword And Continue On Failure" library="BuiltIn">
<arg>capture element screenshot</arg>
<arg>${a1['${element}']}</arg>
<doc>Runs the keyword and continues execution even if a failure occurs.</doc>
<kw name="Capture Element Screenshot" library="Selenium2Library">
<arg>${a1['${element}']}</arg>
<doc>Captures a screenshot from the element identified by ``locator`` and embeds it into log file.</doc>
<msg timestamp="20220315 13:47:55.223" level="INFO" html="true">&lt;/td&gt;&lt;/tr&gt;&lt;tr&gt;&lt;td colspan="3"&gt;&lt;a href="../screenshots/selenium-element-screenshot-102.png"&gt;&lt;img src="../screenshots/selenium-element-screenshot-102.png" width="400px"&gt;&lt;/a&gt;</msg>
<status status="PASS" starttime="20220315 13:47:55.174" endtime="20220315 13:47:55.223"/>
</kw>
<status status="PASS" starttime="20220315 13:47:55.173" endtime="20220315 13:47:55.223"/>
</kw>
<status status="PASS" starttime="20220315 13:47:55.129" endtime="20220315 13:47:55.223"/>
</iter>
<iter>
<var name="${element}">as_reg</var>
<kw name="Run Keyword And Continue On Failure" library="BuiltIn">
<arg>Wait Until Element is Visible</arg>
<arg>${a1['${element}']}</arg>
<doc>Runs the keyword and continues execution even if a failure occurs.</doc>
<kw name="Wait Until Element Is Visible" library="Selenium2Library">
<arg>${a1['${element}']}</arg>
<doc>Waits until the element ``locator`` is visible.</doc>
<status status="PASS" starttime="20220315 13:47:55.223" endtime="20220315 13:47:55.242"/>
</kw>
<status status="PASS" starttime="20220315 13:47:55.223" endtime="20220315 13:47:55.242"/>
</kw>
<kw name="Run Keyword And Continue On Failure" library="BuiltIn">
<arg>element text should be</arg>
<arg>${a1['${element}']}</arg>
<arg>${a2['${element}']}</arg>
<doc>Runs the keyword and continues execution even if a failure occurs.</doc>
<kw name="Element Text Should Be" library="Selenium2Library">
<arg>${a1['${element}']}</arg>
<arg>${a2['${element}']}</arg>
<doc>Verifies that element ``locator`` contains exact the text ``expected``.</doc>
<msg timestamp="20220315 13:47:55.244" level="INFO">Verifying element 'xpath=/html/body/div[2]/div/div[1]/div/div[2]/div/div/div[4]/div/button' contains exact text 'REGÍSTRATE'.</msg>
<status status="PASS" starttime="20220315 13:47:55.242" endtime="20220315 13:47:55.260"/>
</kw>
<status status="PASS" starttime="20220315 13:47:55.242" endtime="20220315 13:47:55.261"/>
</kw>
<kw name="Run Keyword And Continue On Failure" library="BuiltIn">
<arg>capture element screenshot</arg>
<arg>${a1['${element}']}</arg>
<doc>Runs the keyword and continues execution even if a failure occurs.</doc>
<kw name="Capture Element Screenshot" library="Selenium2Library">
<arg>${a1['${element}']}</arg>
<doc>Captures a screenshot from the element identified by ``locator`` and embeds it into log file.</doc>
<msg timestamp="20220315 13:47:55.338" level="INFO" html="true">&lt;/td&gt;&lt;/tr&gt;&lt;tr&gt;&lt;td colspan="3"&gt;&lt;a href="../screenshots/selenium-element-screenshot-103.png"&gt;&lt;img src="../screenshots/selenium-element-screenshot-103.png" width="400px"&gt;&lt;/a&gt;</msg>
<status status="PASS" starttime="20220315 13:47:55.261" endtime="20220315 13:47:55.338"/>
</kw>
<status status="PASS" starttime="20220315 13:47:55.261" endtime="20220315 13:47:55.338"/>
</kw>
<status status="PASS" starttime="20220315 13:47:55.223" endtime="20220315 13:47:55.338"/>
</iter>
<iter>
<var name="${element}">as_sesion</var>
<kw name="Run Keyword And Continue On Failure" library="BuiltIn">
<arg>Wait Until Element is Visible</arg>
<arg>${a1['${element}']}</arg>
<doc>Runs the keyword and continues execution even if a failure occurs.</doc>
<kw name="Wait Until Element Is Visible" library="Selenium2Library">
<arg>${a1['${element}']}</arg>
<doc>Waits until the element ``locator`` is visible.</doc>
<status status="PASS" starttime="20220315 13:47:55.338" endtime="20220315 13:47:55.357"/>
</kw>
<status status="PASS" starttime="20220315 13:47:55.338" endtime="20220315 13:47:55.357"/>
</kw>
<kw name="Run Keyword And Continue On Failure" library="BuiltIn">
<arg>element text should be</arg>
<arg>${a1['${element}']}</arg>
<arg>${a2['${element}']}</arg>
<doc>Runs the keyword and continues execution even if a failure occurs.</doc>
<kw name="Element Text Should Be" library="Selenium2Library">
<arg>${a1['${element}']}</arg>
<arg>${a2['${element}']}</arg>
<doc>Verifies that element ``locator`` contains exact the text ``expected``.</doc>
<msg timestamp="20220315 13:47:55.359" level="INFO">Verifying element 'xpath=/html/body/div[2]/div/div[1]/div/div[2]/div/div/div[5]/div/button' contains exact text 'INICIA SESIÓN'.</msg>
<status status="PASS" starttime="20220315 13:47:55.357" endtime="20220315 13:47:55.376"/>
</kw>
<status status="PASS" starttime="20220315 13:47:55.357" endtime="20220315 13:47:55.376"/>
</kw>
<kw name="Run Keyword And Continue On Failure" library="BuiltIn">
<arg>capture element screenshot</arg>
<arg>${a1['${element}']}</arg>
<doc>Runs the keyword and continues execution even if a failure occurs.</doc>
<kw name="Capture Element Screenshot" library="Selenium2Library">
<arg>${a1['${element}']}</arg>
<doc>Captures a screenshot from the element identified by ``locator`` and embeds it into log file.</doc>
<msg timestamp="20220315 13:47:55.439" level="INFO" html="true">&lt;/td&gt;&lt;/tr&gt;&lt;tr&gt;&lt;td colspan="3"&gt;&lt;a href="../screenshots/selenium-element-screenshot-104.png"&gt;&lt;img src="../screenshots/selenium-element-screenshot-104.png" width="400px"&gt;&lt;/a&gt;</msg>
<status status="PASS" starttime="20220315 13:47:55.376" endtime="20220315 13:47:55.439"/>
</kw>
<status status="PASS" starttime="20220315 13:47:55.376" endtime="20220315 13:47:55.439"/>
</kw>
<status status="PASS" starttime="20220315 13:47:55.338" endtime="20220315 13:47:55.439"/>
</iter>
<iter>
<var name="${element}">as_gratis</var>
<kw name="Run Keyword And Continue On Failure" library="BuiltIn">
<arg>Wait Until Element is Visible</arg>
<arg>${a1['${element}']}</arg>
<doc>Runs the keyword and continues execution even if a failure occurs.</doc>
<kw name="Wait Until Element Is Visible" library="Selenium2Library">
<arg>${a1['${element}']}</arg>
<doc>Waits until the element ``locator`` is visible.</doc>
<status status="PASS" starttime="20220315 13:47:55.440" endtime="20220315 13:47:55.458"/>
</kw>
<status status="PASS" starttime="20220315 13:47:55.440" endtime="20220315 13:47:55.458"/>
</kw>
<kw name="Run Keyword And Continue On Failure" library="BuiltIn">
<arg>element text should be</arg>
<arg>${a1['${element}']}</arg>
<arg>${a2['${element}']}</arg>
<doc>Runs the keyword and continues execution even if a failure occurs.</doc>
<kw name="Element Text Should Be" library="Selenium2Library">
<arg>${a1['${element}']}</arg>
<arg>${a2['${element}']}</arg>
<doc>Verifies that element ``locator`` contains exact the text ``expected``.</doc>
<msg timestamp="20220315 13:47:55.461" level="INFO">Verifying element 'xpath=/html/body/div[2]/div/div[1]/div/div[2]/div/div/div[6]/div/button' contains exact text 'VER GRATIS'.</msg>
<status status="PASS" starttime="20220315 13:47:55.458" endtime="20220315 13:47:55.506"/>
</kw>
<status status="PASS" starttime="20220315 13:47:55.458" endtime="20220315 13:47:55.506"/>
</kw>
<kw name="Run Keyword And Continue On Failure" library="BuiltIn">
<arg>capture element screenshot</arg>
<arg>${a1['${element}']}</arg>
<doc>Runs the keyword and continues execution even if a failure occurs.</doc>
<kw name="Capture Element Screenshot" library="Selenium2Library">
<arg>${a1['${element}']}</arg>
<doc>Captures a screenshot from the element identified by ``locator`` and embeds it into log file.</doc>
<msg timestamp="20220315 13:47:55.588" level="INFO" html="true">&lt;/td&gt;&lt;/tr&gt;&lt;tr&gt;&lt;td colspan="3"&gt;&lt;a href="../screenshots/selenium-element-screenshot-105.png"&gt;&lt;img src="../screenshots/selenium-element-screenshot-105.png" width="400px"&gt;&lt;/a&gt;</msg>
<status status="PASS" starttime="20220315 13:47:55.506" endtime="20220315 13:47:55.588"/>
</kw>
<status status="PASS" starttime="20220315 13:47:55.506" endtime="20220315 13:47:55.588"/>
</kw>
<status status="PASS" starttime="20220315 13:47:55.439" endtime="20220315 13:47:55.588"/>
</iter>
<status status="PASS" starttime="20220315 13:47:54.314" endtime="20220315 13:47:55.588"/>
</for>
<status status="PASS" starttime="20220315 13:47:54.313" endtime="20220315 13:47:55.588"/>
</kw>
<kw name="-CERRAR TODOS LOS NAVEGADORES-" library="libraries_keywords">
<kw name="Close All Browsers" library="Selenium2Library">
<doc>Closes all open browsers and resets the browser cache.</doc>
<status status="PASS" starttime="20220315 13:47:55.589" endtime="20220315 13:47:55.673"/>
</kw>
<status status="PASS" starttime="20220315 13:47:55.589" endtime="20220315 13:47:55.673"/>
</kw>
<kw name="-TERMINAR CONFIGURACIÓN TESTCASE-" library="libraries_keywords" type="TEARDOWN">
<kw name="Capture Page Screenshot" library="Selenium2Library">
<doc>Takes a screenshot of the current page and embeds it into a log file.</doc>
<msg timestamp="20220315 13:47:55.674" level="INFO">Cannot capture screenshot because no browser is open.</msg>
<status status="PASS" starttime="20220315 13:47:55.674" endtime="20220315 13:47:55.674"/>
</kw>
<status status="PASS" starttime="20220315 13:47:55.673" endtime="20220315 13:47:55.674"/>
</kw>
<status status="PASS" starttime="20220315 13:47:42.686" endtime="20220315 13:47:55.674"/>
</test>
<test id="s1-t2" name="CV-WEB-NAVEGACION-VALIDAR ELEMENTOS LOGIN PAGE">
