<?xml version="1.0" encoding="UTF-8"?>
<robot generator="Robot 4.1 (Python 3.9.7 on darwin)" generated="20211013 18:43:50.326" rpa="false" schemaversion="2">
<suite id="s1" name="CV-MX-WEB-ACCESO &amp; CV-MX-WEB-NAVEGACION">
<suite id="s1-s1" name="CV-MX-WEB-ACCESO" source="/Users/at/Desktop/AT-auto/robotFramework/auto_py/QC-WEB-MX/testCases/CV-MX-WEB-ACCESO.robot">
<kw name="-CONFIGURACIÓN INICIAL SUITETEST-" library="common_functionalities" type="SETUP">
<kw name="Set Selenium Timeout" library="SeleniumLibrary">
<arg>10</arg>
<doc>Sets the timeout that is used by various keywords.</doc>
<status status="PASS" starttime="20211013 18:43:50.506" endtime="20211013 18:43:50.507"/>
</kw>
<status status="PASS" starttime="20211013 18:43:50.506" endtime="20211013 18:43:50.507"/>
</kw>
<test id="s1-s1-t1" name="CV-MX-WEB-ACCESO-VALIDAR LOGIN CON USUARIO CORRECTO">
<kw name="-VALIDAR USUARIO VALIDO CV-" library="common_functionalities">
<arg>${email_valido}</arg>
<arg>${pass_valido}</arg>
<kw name="-ABRIR LOGIN PAGE-" library="common_functionalities">
<kw name="Open Browser" library="SeleniumLibrary">
<arg>https://www.clarovideo.com/mexico/login</arg>
<arg>${browser}</arg>
<doc>Opens a new browser instance to the optional ``url``.</doc>
<msg timestamp="20211013 18:43:50.508" level="INFO">Opening browser 'chrome' to base url 'https://www.clarovideo.com/mexico/login'.</msg>
<status status="PASS" starttime="20211013 18:43:50.508" endtime="20211013 18:43:57.531"/>
</kw>
<status status="PASS" starttime="20211013 18:43:50.508" endtime="20211013 18:43:57.531"/>
</kw>
<kw name="-INGRESAR EMAIL PARA LOGIN-" library="common_functionalities">
<arg>${email}</arg>
<kw name="Wait Until Element Is Visible" library="SeleniumLibrary">
<arg>${elementos_login_email['reg_emailtextbox']}</arg>
<doc>Waits until the element ``locator`` is visible.</doc>
<status status="PASS" starttime="20211013 18:43:57.532" endtime="20211013 18:44:01.649"/>
</kw>
<kw name="Input Text" library="SeleniumLibrary">
<arg>${elementos_login_email['reg_emailtextbox']}</arg>
<arg>${email}</arg>
<doc>Types the given ``text`` into the text field identified by ``locator``.</doc>
<msg timestamp="20211013 18:44:01.650" level="INFO">Typing text 's_tamezaa@globalhitss.com' into text field 'xpath=//*[@id="emailLogin"]'.</msg>
<status status="PASS" starttime="20211013 18:44:01.649" endtime="20211013 18:44:01.781"/>
</kw>
<kw name="Click Button" library="SeleniumLibrary">
<arg>${elementos_login_email['log_siguiente']}</arg>
<doc>Clicks the button identified by ``locator``.</doc>
<msg timestamp="20211013 18:44:01.783" level="INFO">Clicking button 'xpath=/html/body/div[2]/div/div[1]/div/div[2]/div/div/div[3]/div/button'.</msg>
<status status="PASS" starttime="20211013 18:44:01.781" endtime="20211013 18:44:01.884"/>
</kw>
<status status="PASS" starttime="20211013 18:43:57.531" endtime="20211013 18:44:01.884"/>
</kw>
<kw name="-INGRESAR PASSWORD PARA LOGIN-" library="common_functionalities">
<arg>${password}</arg>
<kw name="Wait Until Element Is Visible" library="SeleniumLibrary">
<arg>${elementos_login_pass['reg_pass_passtextbox']}</arg>
<doc>Waits until the element ``locator`` is visible.</doc>
<status status="PASS" starttime="20211013 18:44:01.885" endtime="20211013 18:44:02.308"/>
</kw>
<kw name="Input Text" library="SeleniumLibrary">
<arg>${elementos_login_pass['reg_pass_passtextbox']}</arg>
<arg>${password}</arg>
<doc>Types the given ``text`` into the text field identified by ``locator``.</doc>
<msg timestamp="20211013 18:44:02.309" level="INFO">Typing text 'Claro123!' into text field 'xpath=//*[@id="password"]'.</msg>
<status status="PASS" starttime="20211013 18:44:02.308" endtime="20211013 18:44:02.379"/>
</kw>
<kw name="Click Button" library="SeleniumLibrary">
<arg>${elementos_login_pass['log_pass_siguiente']}</arg>
<doc>Clicks the button identified by ``locator``.</doc>
<msg timestamp="20211013 18:44:02.381" level="INFO">Clicking button 'xpath=/html/body/div[2]/div/div[1]/div/div[2]/div/div/div[4]/div/button'.</msg>
<status status="PASS" starttime="20211013 18:44:02.379" endtime="20211013 18:44:02.476"/>
</kw>
<status status="PASS" starttime="20211013 18:44:01.884" endtime="20211013 18:44:02.476"/>
</kw>
<kw name="-CLICK IMAGEN DE PERFIL-" library="common_functionalities">
<kw name="Wait Until Page Contains Element" library="SeleniumLibrary">
<arg>xpath=//div[contains(@class,'image-grid-container')]//div[1]//div[1]//img[1]</arg>
<doc>Waits until the element ``locator`` appears on the current page.</doc>
<status status="PASS" starttime="20211013 18:44:02.477" endtime="20211013 18:44:12.361"/>
</kw>
<kw name="Click Element" library="SeleniumLibrary">
<arg>xpath=//div[contains(@class,'image-grid-container')]//div[1]//div[1]//img[1]</arg>
<doc>Click the element identified by ``locator``.</doc>
<msg timestamp="20211013 18:44:12.361" level="INFO">Clicking element 'xpath=//div[contains(@class,'image-grid-container')]//div[1]//div[1]//img[1]'.</msg>
<status status="PASS" starttime="20211013 18:44:12.361" endtime="20211013 18:44:12.402"/>
</kw>
<status status="PASS" starttime="20211013 18:44:02.476" endtime="20211013 18:44:12.402"/>
</kw>
<kw name="Wait Until Page Contains Element" library="SeleniumLibrary">
<arg>xpath=//i[@name='search']</arg>
<doc>Waits until the element ``locator`` appears on the current page.</doc>
<kw name="Capture Page Screenshot" library="SeleniumLibrary">
<doc>Takes a screenshot of the current page and embeds it into a log file.</doc>
<msg timestamp="20211013 18:44:22.961" level="INFO" html="true">&lt;/td&gt;&lt;/tr&gt;&lt;tr&gt;&lt;td colspan="3"&gt;&lt;a href="selenium-screenshot-1.png"&gt;&lt;img src="selenium-screenshot-1.png" width="800px"&gt;&lt;/a&gt;</msg>
<status status="PASS" starttime="20211013 18:44:22.636" endtime="20211013 18:44:22.961"/>
</kw>
<msg timestamp="20211013 18:44:22.971" level="FAIL">Element 'xpath=//i[@name='search']' did not appear in 10 seconds.</msg>
<status status="FAIL" starttime="20211013 18:44:12.403" endtime="20211013 18:44:22.971"/>
</kw>
<status status="FAIL" starttime="20211013 18:43:50.507" endtime="20211013 18:44:22.972"/>
</kw>
<kw name="-CERRAR TODOS LOS NAVEGADORES-" library="common_functionalities">
<status status="NOT RUN" starttime="20211013 18:44:22.972" endtime="20211013 18:44:22.972"/>
</kw>
<status status="FAIL" starttime="20211013 18:43:50.507" endtime="20211013 18:44:22.973">Element 'xpath=//i[@name='search']' did not appear in 10 seconds.</status>
</test>
<test id="s1-s1-t2" name="CV-MX-WEB-ACCESO-VALIDAR LOGIN CON PASSWORD INCORRECTO">
<kw name="-VALIDAR USUARIO NO VALIDO CV-" library="common_functionalities">
<arg>${email_valido}</arg>
<arg>${pass_novalido}</arg>
<kw name="-ABRIR LOGIN PAGE-" library="common_functionalities">
<kw name="Open Browser" library="SeleniumLibrary">
<arg>https://www.clarovideo.com/mexico/login</arg>
<arg>${browser}</arg>
<doc>Opens a new browser instance to the optional ``url``.</doc>
<msg timestamp="20211013 18:44:22.975" level="INFO">Opening browser 'chrome' to base url 'https://www.clarovideo.com/mexico/login'.</msg>
<status status="PASS" starttime="20211013 18:44:22.975" endtime="20211013 18:44:30.292"/>
</kw>
<status status="PASS" starttime="20211013 18:44:22.974" endtime="20211013 18:44:30.292"/>
</kw>
<kw name="-INGRESAR EMAIL PARA LOGIN-" library="common_functionalities">
<arg>${email}</arg>
<kw name="Wait Until Element Is Visible" library="SeleniumLibrary">
<arg>${elementos_login_email['reg_emailtextbox']}</arg>
<doc>Waits until the element ``locator`` is visible.</doc>
<status status="PASS" starttime="20211013 18:44:30.293" endtime="20211013 18:44:30.870"/>
</kw>
<kw name="Input Text" library="SeleniumLibrary">
<arg>${elementos_login_email['reg_emailtextbox']}</arg>
<arg>${email}</arg>
<doc>Types the given ``text`` into the text field identified by ``locator``.</doc>
<msg timestamp="20211013 18:44:30.871" level="INFO">Typing text 's_tamezaa@globalhitss.com' into text field 'xpath=//*[@id="emailLogin"]'.</msg>
<status status="PASS" starttime="20211013 18:44:30.870" endtime="20211013 18:44:31.017"/>
</kw>
<kw name="Click Button" library="SeleniumLibrary">
<arg>${elementos_login_email['log_siguiente']}</arg>
<doc>Clicks the button identified by ``locator``.</doc>
<msg timestamp="20211013 18:44:31.018" level="INFO">Clicking button 'xpath=/html/body/div[2]/div/div[1]/div/div[2]/div/div/div[3]/div/button'.</msg>
<status status="PASS" starttime="20211013 18:44:31.017" endtime="20211013 18:44:31.145"/>
</kw>
<status status="PASS" starttime="20211013 18:44:30.292" endtime="20211013 18:44:31.145"/>
</kw>
<kw name="-INGRESAR PASSWORD PARA LOGIN-" library="common_functionalities">
<arg>${password}</arg>
<kw name="Wait Until Element Is Visible" library="SeleniumLibrary">
<arg>${elementos_login_pass['reg_pass_passtextbox']}</arg>
<doc>Waits until the element ``locator`` is visible.</doc>
<status status="PASS" starttime="20211013 18:44:31.146" endtime="20211013 18:44:31.483"/>
</kw>
<kw name="Input Text" library="SeleniumLibrary">
<arg>${elementos_login_pass['reg_pass_passtextbox']}</arg>
<arg>${password}</arg>
<doc>Types the given ``text`` into the text field identified by ``locator``.</doc>
<msg timestamp="20211013 18:44:31.484" level="INFO">Typing text 'Claro123' into text field 'xpath=//*[@id="password"]'.</msg>
<status status="PASS" starttime="20211013 18:44:31.483" endtime="20211013 18:44:31.551"/>
</kw>
<kw name="Click Button" library="SeleniumLibrary">
<arg>${elementos_login_pass['log_pass_siguiente']}</arg>
<doc>Clicks the button identified by ``locator``.</doc>
<msg timestamp="20211013 18:44:31.552" level="INFO">Clicking button 'xpath=/html/body/div[2]/div/div[1]/div/div[2]/div/div/div[4]/div/button'.</msg>
<status status="PASS" starttime="20211013 18:44:31.551" endtime="20211013 18:44:31.644"/>
</kw>
<status status="PASS" starttime="20211013 18:44:31.146" endtime="20211013 18:44:31.644"/>
</kw>
<kw name="Wait Until Page Contains Element" library="SeleniumLibrary">
<arg>xpath=//div[@class='_l88cd _2hS3x']</arg>
<doc>Waits until the element ``locator`` appears on the current page.</doc>
<status status="PASS" starttime="20211013 18:44:31.645" endtime="20211013 18:44:31.654"/>
</kw>
<status status="PASS" starttime="20211013 18:44:22.974" endtime="20211013 18:44:31.654"/>
</kw>
<kw name="-CERRAR TODOS LOS NAVEGADORES-" library="common_functionalities">
<kw name="Close All Browsers" library="SeleniumLibrary">
<doc>Closes all open browsers and resets the browser cache.</doc>
<status status="PASS" starttime="20211013 18:44:31.654" endtime="20211013 18:44:31.849"/>
</kw>
<status status="PASS" starttime="20211013 18:44:31.654" endtime="20211013 18:44:31.849"/>
</kw>
<status status="PASS" starttime="20211013 18:44:22.973" endtime="20211013 18:44:31.850"/>
</test>
<test id="s1-s1-t3" name="CV-MX-WEB-ACCESO-VALIDAR LOGOUT">
<kw name="-LOGIN HOME CV-" library="common_functionalities">
<arg>${email_valido}</arg>
<arg>${pass_valido}</arg>
<kw name="-ABRIR LOGIN PAGE-" library="common_functionalities">
<kw name="Open Browser" library="SeleniumLibrary">
<arg>https://www.clarovideo.com/mexico/login</arg>
<arg>${browser}</arg>
<doc>Opens a new browser instance to the optional ``url``.</doc>
<msg timestamp="20211013 18:44:31.854" level="INFO">Opening browser 'chrome' to base url 'https://www.clarovideo.com/mexico/login'.</msg>
<status status="PASS" starttime="20211013 18:44:31.854" endtime="20211013 18:44:35.879"/>
</kw>
<status status="PASS" starttime="20211013 18:44:31.853" endtime="20211013 18:44:35.879"/>
</kw>
<kw name="-INGRESAR EMAIL PARA LOGIN-" library="common_functionalities">
<arg>${email}</arg>
<kw name="Wait Until Element Is Visible" library="SeleniumLibrary">
<arg>${elementos_login_email['reg_emailtextbox']}</arg>
<doc>Waits until the element ``locator`` is visible.</doc>
<status status="PASS" starttime="20211013 18:44:35.880" endtime="20211013 18:44:38.075"/>
</kw>
<kw name="Input Text" library="SeleniumLibrary">
<arg>${elementos_login_email['reg_emailtextbox']}</arg>
<arg>${email}</arg>
<doc>Types the given ``text`` into the text field identified by ``locator``.</doc>
<msg timestamp="20211013 18:44:38.076" level="INFO">Typing text 's_tamezaa@globalhitss.com' into text field 'xpath=//*[@id="emailLogin"]'.</msg>
<status status="PASS" starttime="20211013 18:44:38.075" endtime="20211013 18:44:38.256"/>
</kw>
<kw name="Click Button" library="SeleniumLibrary">
<arg>${elementos_login_email['log_siguiente']}</arg>
<doc>Clicks the button identified by ``locator``.</doc>
<msg timestamp="20211013 18:44:38.257" level="INFO">Clicking button 'xpath=/html/body/div[2]/div/div[1]/div/div[2]/div/div/div[3]/div/button'.</msg>
<status status="PASS" starttime="20211013 18:44:38.256" endtime="20211013 18:44:38.346"/>
</kw>
<status status="PASS" starttime="20211013 18:44:35.879" endtime="20211013 18:44:38.346"/>
</kw>
<kw name="-INGRESAR PASSWORD PARA LOGIN-" library="common_functionalities">
<arg>${password}</arg>
<kw name="Wait Until Element Is Visible" library="SeleniumLibrary">
<arg>${elementos_login_pass['reg_pass_passtextbox']}</arg>
<doc>Waits until the element ``locator`` is visible.</doc>
<status status="PASS" starttime="20211013 18:44:38.346" endtime="20211013 18:44:38.655"/>
</kw>
<kw name="Input Text" library="SeleniumLibrary">
<arg>${elementos_login_pass['reg_pass_passtextbox']}</arg>
<arg>${password}</arg>
<doc>Types the given ``text`` into the text field identified by ``locator``.</doc>
<msg timestamp="20211013 18:44:38.657" level="INFO">Typing text 'Claro123!' into text field 'xpath=//*[@id="password"]'.</msg>
<status status="PASS" starttime="20211013 18:44:38.656" endtime="20211013 18:44:38.724"/>
</kw>
<kw name="Click Button" library="SeleniumLibrary">
<arg>${elementos_login_pass['log_pass_siguiente']}</arg>
<doc>Clicks the button identified by ``locator``.</doc>
<msg timestamp="20211013 18:44:38.725" level="INFO">Clicking button 'xpath=/html/body/div[2]/div/div[1]/div/div[2]/div/div/div[4]/div/button'.</msg>
<status status="PASS" starttime="20211013 18:44:38.724" endtime="20211013 18:44:38.814"/>
</kw>
<status status="PASS" starttime="20211013 18:44:38.346" endtime="20211013 18:44:38.814"/>
</kw>
<kw name="-CLICK IMAGEN DE PERFIL-" library="common_functionalities">
<kw name="Wait Until Page Contains Element" library="SeleniumLibrary">
<arg>xpath=//div[contains(@class,'image-grid-container')]//div[1]//div[1]//img[1]</arg>
<doc>Waits until the element ``locator`` appears on the current page.</doc>
<status status="PASS" starttime="20211013 18:44:38.815" endtime="20211013 18:44:47.089"/>
</kw>
<kw name="Click Element" library="SeleniumLibrary">
<arg>xpath=//div[contains(@class,'image-grid-container')]//div[1]//div[1]//img[1]</arg>
<doc>Click the element identified by ``locator``.</doc>
<msg timestamp="20211013 18:44:47.089" level="INFO">Clicking element 'xpath=//div[contains(@class,'image-grid-container')]//div[1]//div[1]//img[1]'.</msg>
<kw name="Capture Page Screenshot" library="SeleniumLibrary">
<doc>Takes a screenshot of the current page and embeds it into a log file.</doc>
<msg timestamp="20211013 18:44:48.694" level="INFO" html="true">&lt;/td&gt;&lt;/tr&gt;&lt;tr&gt;&lt;td colspan="3"&gt;&lt;a href="selenium-screenshot-2.png"&gt;&lt;img src="selenium-screenshot-2.png" width="800px"&gt;&lt;/a&gt;</msg>
<status status="PASS" starttime="20211013 18:44:48.200" endtime="20211013 18:44:48.695"/>
</kw>
<msg timestamp="20211013 18:44:48.699" level="FAIL">ElementClickInterceptedException: Message: element click intercepted: Element &lt;img class="img-icon hover " alt="Profile" src="https://clarovideocdn5.clarovideo.net/pregeneracion/cms/apa/uat_531eed34tvfy7b73a818a234/avatar11.png?1574450664" style="opacity: 1;"&gt; is not clickable at point (397, 286). Other element would receive the click: &lt;div class="modal-body"&gt;...&lt;/div&gt;
  (Session info: chrome=94.0.4606.81)
</msg>
<status status="FAIL" starttime="20211013 18:44:47.089" endtime="20211013 18:44:48.699"/>
</kw>
<status status="FAIL" starttime="20211013 18:44:38.814" endtime="20211013 18:44:48.700"/>
</kw>
<kw name="Wait Until Page Contains Element" library="SeleniumLibrary">
<arg>xpath=//i[@name='search']</arg>
<doc>Waits until the element ``locator`` appears on the current page.</doc>
<status status="NOT RUN" starttime="20211013 18:44:48.700" endtime="20211013 18:44:48.700"/>
</kw>
<status status="FAIL" starttime="20211013 18:44:31.852" endtime="20211013 18:44:48.701"/>
</kw>
<kw name="-LOGOUT HOME CV-" library="common_functionalities">
<status status="NOT RUN" starttime="20211013 18:44:48.701" endtime="20211013 18:44:48.701"/>
</kw>
<status status="FAIL" starttime="20211013 18:44:31.851" endtime="20211013 18:44:48.701">ElementClickInterceptedException: Message: element click intercepted: Element &lt;img class="img-icon hover " alt="Profile" src="https://clarovideocdn5.clarovideo.net/pregeneracion/cms/apa/uat_531eed34tvfy7b73a818a234/avatar11.png?1574450664" style="opacity: 1;"&gt; is not clickable at point (397, 286). Other element would receive the click: &lt;div class="modal-body"&gt;...&lt;/div&gt;
  (Session info: chrome=94.0.4606.81)
</status>
</test>
<test id="s1-s1-t4" name="CV-MX-WEB-ACCESO-VALIDAR REGISTRO CON CUENTA NUEVA">
<kw name="-ABRIR REGISTER PAGE-" library="common_functionalities">
<kw name="Open Browser" library="SeleniumLibrary">
<arg>https://www.clarovideo.com/mexico/register</arg>
<arg>${browser}</arg>
<doc>Opens a new browser instance to the optional ``url``.</doc>
<msg timestamp="20211013 18:44:48.703" level="INFO">Opening browser 'chrome' to base url 'https://www.clarovideo.com/mexico/register'.</msg>
<status status="PASS" starttime="20211013 18:44:48.703" endtime="20211013 18:44:53.492"/>
</kw>
<status status="PASS" starttime="20211013 18:44:48.702" endtime="20211013 18:44:53.492"/>
</kw>
<kw name="-INGRESAR EMAIL PARA REGISTRO-" library="common_functionalities">
<arg>${email_random1}</arg>
<kw name="Wait Until Element Is Visible" library="SeleniumLibrary">
<arg>${elementos_register_page['reg_emailtextbox']}</arg>
<doc>Waits until the element ``locator`` is visible.</doc>
<status status="PASS" starttime="20211013 18:44:53.493" endtime="20211013 18:44:56.379"/>
</kw>
<kw name="Input Text" library="SeleniumLibrary">
<arg>${elementos_register_page['reg_emailtextbox']}</arg>
<arg>${email}</arg>
<doc>Types the given ``text`` into the text field identified by ``locator``.</doc>
<msg timestamp="20211013 18:44:56.380" level="INFO">Typing text '2_1_s_tamezaa@globalhitss.com' into text field 'xpath=//input[@id='emailRegister']'.</msg>
<status status="PASS" starttime="20211013 18:44:56.379" endtime="20211013 18:44:56.536"/>
</kw>
<kw name="Click Element" library="SeleniumLibrary">
<arg>${elementos_register_page['reg_terms_check']}</arg>
<doc>Click the element identified by ``locator``.</doc>
<msg timestamp="20211013 18:44:56.537" level="INFO">Clicking element 'xpath=//span[@class='_3i1FC']'.</msg>
<status status="PASS" starttime="20211013 18:44:56.536" endtime="20211013 18:44:56.618"/>
</kw>
<kw name="Click Button" library="SeleniumLibrary">
<arg>${elementos_register_page['reg_siguiente']}</arg>
<doc>Clicks the button identified by ``locator``.</doc>
<msg timestamp="20211013 18:44:56.619" level="INFO">Clicking button 'xpath=/html/body/div[2]/div/div[1]/div/div[2]/div/div/div[4]/div/button'.</msg>
<status status="PASS" starttime="20211013 18:44:56.618" endtime="20211013 18:44:56.710"/>
</kw>
<status status="PASS" starttime="20211013 18:44:53.493" endtime="20211013 18:44:56.710"/>
</kw>
<kw name="-INGRESAR PASSWORD PARA REGISTRO-" library="common_functionalities">
<arg>${pass_valido_registro}</arg>
<kw name="Wait Until Element Is Visible" library="SeleniumLibrary">
<arg>${elementos_register_page_pass['reg_passfield']}</arg>
<doc>Waits until the element ``locator`` is visible.</doc>
<status status="PASS" starttime="20211013 18:44:56.711" endtime="20211013 18:44:57.074"/>
</kw>
<kw name="Input Text" library="SeleniumLibrary">
<arg>${elementos_register_page_pass['reg_passfield']}</arg>
<arg>${pass_valido}</arg>
<doc>Types the given ``text`` into the text field identified by ``locator``.</doc>
<msg timestamp="20211013 18:44:57.075" level="INFO">Typing text 'Claro123' into text field 'xpath=//input[@id='password']'.</msg>
<status status="PASS" starttime="20211013 18:44:57.074" endtime="20211013 18:44:57.171"/>
</kw>
<kw name="Click Button" library="SeleniumLibrary">
<arg>${elementos_register_page_pass['reg_siguiente']}</arg>
<doc>Clicks the button identified by ``locator``.</doc>
<msg timestamp="20211013 18:44:57.172" level="INFO">Clicking button 'xpath=//button[normalize-space()='SIGUIENTE']'.</msg>
<status status="PASS" starttime="20211013 18:44:57.171" endtime="20211013 18:44:57.281"/>
</kw>
<kw name="Wait Until Page Contains Element" library="SeleniumLibrary">
<arg>xpath=//i[@name='search']</arg>
<doc>Waits until the element ``locator`` appears on the current page.</doc>
<status status="PASS" starttime="20211013 18:44:57.281" endtime="20211013 18:45:03.420"/>
</kw>
<status status="PASS" starttime="20211013 18:44:56.710" endtime="20211013 18:45:03.420"/>
</kw>
<status status="PASS" starttime="20211013 18:44:48.702" endtime="20211013 18:45:03.421"/>
</test>
<kw name="-TERMINAR CONFIGURACIÓN SUITETEST-" library="common_functionalities" type="TEARDOWN">
<kw name="-CERRAR TODOS LOS NAVEGADORES-" library="common_functionalities">
<kw name="Close All Browsers" library="SeleniumLibrary">
<doc>Closes all open browsers and resets the browser cache.</doc>
<status status="PASS" starttime="20211013 18:45:03.423" endtime="20211013 18:45:03.642"/>
</kw>
<status status="PASS" starttime="20211013 18:45:03.423" endtime="20211013 18:45:03.643"/>
</kw>
<status status="PASS" starttime="20211013 18:45:03.423" endtime="20211013 18:45:03.643"/>
</kw>
<doc>validar funcionalidades ACCESO (NA_QC)</doc>
<status status="FAIL" starttime="20211013 18:43:50.349" endtime="20211013 18:45:03.643"/>
</suite>
<suite id="s1-s2" name="CV-MX-WEB-NAVEGACION" source="/Users/at/Desktop/AT-auto/robotFramework/auto_py/QC-WEB-MX/testCases/CV-MX-WEB-NAVEGACION.robot">
<test id="s1-s2-t1" name="CV-MX-WEB-ACCESO-VALIDAR ELEMENTOS LANDING PAGE">
<kw name="-ABRIR LANDIND PAGE-" library="common_functionalities">
<kw name="Open Browser" library="SeleniumLibrary">
<arg>https://www.clarovideo.com/mexico/landing</arg>
<arg>${browser}</arg>
<doc>Opens a new browser instance to the optional ``url``.</doc>
<msg timestamp="20211013 18:45:03.665" level="INFO">Opening browser 'chrome' to base url 'https://www.clarovideo.com/mexico/landing'.</msg>
<status status="PASS" starttime="20211013 18:45:03.664" endtime="20211013 18:45:13.046"/>
</kw>
<status status="PASS" starttime="20211013 18:45:03.664" endtime="20211013 18:45:13.047"/>
</kw>
<kw name="-VALIDAR TEXTOS Y ELEMENTOS-" library="common_functionalities">
<arg>${elementos_landing_anonimo}</arg>
<arg>${textos_landing_anonimo}</arg>
<for flavor="IN">
<var>${element}</var>
<value>@{a1}</value>
<iter>
<var name="${element}">as_t1</var>
<kw name="Run Keyword And Continue On Failure" library="BuiltIn">
<arg>Wait Until Element is Visible</arg>
<arg>${a1['${element}']}</arg>
<doc>Runs the keyword and continues execution even if a failure occurs.</doc>
<kw name="Wait Until Element Is Visible" library="SeleniumLibrary">
<arg>${a1['${element}']}</arg>
<doc>Waits until the element ``locator`` is visible.</doc>
<status status="PASS" starttime="20211013 18:45:13.049" endtime="20211013 18:45:13.069"/>
</kw>
<status status="PASS" starttime="20211013 18:45:13.048" endtime="20211013 18:45:13.069"/>
</kw>
<kw name="Run Keyword And Continue On Failure" library="BuiltIn">
<arg>element text should be</arg>
<arg>${a1['${element}']}</arg>
<arg>${a2['${element}']}</arg>
<doc>Runs the keyword and continues execution even if a failure occurs.</doc>
<kw name="Element Text Should Be" library="SeleniumLibrary">
<arg>${a1['${element}']}</arg>
<arg>${a2['${element}']}</arg>
<doc>Verifies that element ``locator`` contains exact the text ``expected``.</doc>
<msg timestamp="20211013 18:45:13.071" level="INFO">Verifying element 'xpath=/html/body/div[2]/div/div[1]/div/div[2]/div/div/div[2]' contains exact text '¡Todo lo que te gusta en un sólo lugar!'.</msg>
<status status="PASS" starttime="20211013 18:45:13.070" endtime="20211013 18:45:13.086"/>
</kw>
<status status="PASS" starttime="20211013 18:45:13.069" endtime="20211013 18:45:13.086"/>
</kw>
<kw name="Run Keyword And Continue On Failure" library="BuiltIn">
<arg>capture element screenshot</arg>
<arg>${a1['${element}']}</arg>
<doc>Runs the keyword and continues execution even if a failure occurs.</doc>
<kw name="Capture Element Screenshot" library="SeleniumLibrary">
<arg>${a1['${element}']}</arg>
<doc>Captures a screenshot from the element identified by ``locator`` and embeds it into log file.</doc>
<msg timestamp="20211013 18:45:13.250" level="INFO" html="true">&lt;/td&gt;&lt;/tr&gt;&lt;tr&gt;&lt;td colspan="3"&gt;&lt;a href="selenium-element-screenshot-1.png"&gt;&lt;img src="selenium-element-screenshot-1.png" width="400px"&gt;&lt;/a&gt;</msg>
<status status="PASS" starttime="20211013 18:45:13.087" endtime="20211013 18:45:13.250"/>
</kw>
<status status="PASS" starttime="20211013 18:45:13.086" endtime="20211013 18:45:13.250"/>
</kw>
<status status="PASS" starttime="20211013 18:45:13.048" endtime="20211013 18:45:13.250"/>
</iter>
<iter>
<var name="${element}">as_t2</var>
<kw name="Run Keyword And Continue On Failure" library="BuiltIn">
<arg>Wait Until Element is Visible</arg>
<arg>${a1['${element}']}</arg>
<doc>Runs the keyword and continues execution even if a failure occurs.</doc>
<kw name="Wait Until Element Is Visible" library="SeleniumLibrary">
<arg>${a1['${element}']}</arg>
<doc>Waits until the element ``locator`` is visible.</doc>
<status status="PASS" starttime="20211013 18:45:13.250" endtime="20211013 18:45:13.272"/>
</kw>
<status status="PASS" starttime="20211013 18:45:13.250" endtime="20211013 18:45:13.272"/>
</kw>
<kw name="Run Keyword And Continue On Failure" library="BuiltIn">
<arg>element text should be</arg>
<arg>${a1['${element}']}</arg>
<arg>${a2['${element}']}</arg>
<doc>Runs the keyword and continues execution even if a failure occurs.</doc>
<kw name="Element Text Should Be" library="SeleniumLibrary">
<arg>${a1['${element}']}</arg>
<arg>${a2['${element}']}</arg>
<doc>Verifies that element ``locator`` contains exact the text ``expected``.</doc>
<msg timestamp="20211013 18:45:13.274" level="INFO">Verifying element 'xpath=/html/body/div[2]/div/div[1]/div/div[2]/div/div/div[3]' contains exact text 'El mejor contenido, canales de TV, películas y series.'.</msg>
<status status="PASS" starttime="20211013 18:45:13.272" endtime="20211013 18:45:13.300"/>
</kw>
<status status="PASS" starttime="20211013 18:45:13.272" endtime="20211013 18:45:13.300"/>
</kw>
<kw name="Run Keyword And Continue On Failure" library="BuiltIn">
<arg>capture element screenshot</arg>
<arg>${a1['${element}']}</arg>
<doc>Runs the keyword and continues execution even if a failure occurs.</doc>
<kw name="Capture Element Screenshot" library="SeleniumLibrary">
<arg>${a1['${element}']}</arg>
<doc>Captures a screenshot from the element identified by ``locator`` and embeds it into log file.</doc>
<msg timestamp="20211013 18:45:13.338" level="INFO" html="true">&lt;/td&gt;&lt;/tr&gt;&lt;tr&gt;&lt;td colspan="3"&gt;&lt;a href="selenium-element-screenshot-2.png"&gt;&lt;img src="selenium-element-screenshot-2.png" width="400px"&gt;&lt;/a&gt;</msg>
<status status="PASS" starttime="20211013 18:45:13.300" endtime="20211013 18:45:13.338"/>
</kw>
<status status="PASS" starttime="20211013 18:45:13.300" endtime="20211013 18:45:13.338"/>
</kw>
<status status="PASS" starttime="20211013 18:45:13.250" endtime="20211013 18:45:13.338"/>
</iter>
<iter>
<var name="${element}">as_reg</var>
<kw name="Run Keyword And Continue On Failure" library="BuiltIn">
<arg>Wait Until Element is Visible</arg>
<arg>${a1['${element}']}</arg>
<doc>Runs the keyword and continues execution even if a failure occurs.</doc>
<kw name="Wait Until Element Is Visible" library="SeleniumLibrary">
<arg>${a1['${element}']}</arg>
<doc>Waits until the element ``locator`` is visible.</doc>
<status status="PASS" starttime="20211013 18:45:13.338" endtime="20211013 18:45:13.355"/>
</kw>
<status status="PASS" starttime="20211013 18:45:13.338" endtime="20211013 18:45:13.355"/>
</kw>
<kw name="Run Keyword And Continue On Failure" library="BuiltIn">
<arg>element text should be</arg>
<arg>${a1['${element}']}</arg>
<arg>${a2['${element}']}</arg>
<doc>Runs the keyword and continues execution even if a failure occurs.</doc>
<kw name="Element Text Should Be" library="SeleniumLibrary">
<arg>${a1['${element}']}</arg>
<arg>${a2['${element}']}</arg>
<doc>Verifies that element ``locator`` contains exact the text ``expected``.</doc>
<msg timestamp="20211013 18:45:13.357" level="INFO">Verifying element 'xpath=/html/body/div[2]/div/div[1]/div/div[2]/div/div/div[4]/div/button' contains exact text 'REGÍSTRATE'.</msg>
<status status="PASS" starttime="20211013 18:45:13.355" endtime="20211013 18:45:13.371"/>
</kw>
<status status="PASS" starttime="20211013 18:45:13.355" endtime="20211013 18:45:13.371"/>
</kw>
<kw name="Run Keyword And Continue On Failure" library="BuiltIn">
<arg>capture element screenshot</arg>
<arg>${a1['${element}']}</arg>
<doc>Runs the keyword and continues execution even if a failure occurs.</doc>
<kw name="Capture Element Screenshot" library="SeleniumLibrary">
<arg>${a1['${element}']}</arg>
<doc>Captures a screenshot from the element identified by ``locator`` and embeds it into log file.</doc>
<msg timestamp="20211013 18:45:13.402" level="INFO" html="true">&lt;/td&gt;&lt;/tr&gt;&lt;tr&gt;&lt;td colspan="3"&gt;&lt;a href="selenium-element-screenshot-3.png"&gt;&lt;img src="selenium-element-screenshot-3.png" width="400px"&gt;&lt;/a&gt;</msg>
<status status="PASS" starttime="20211013 18:45:13.371" endtime="20211013 18:45:13.402"/>
</kw>
<status status="PASS" starttime="20211013 18:45:13.371" endtime="20211013 18:45:13.403"/>
</kw>
<status status="PASS" starttime="20211013 18:45:13.338" endtime="20211013 18:45:13.403"/>
</iter>
<iter>
<var name="${element}">as_sesion</var>
<kw name="Run Keyword And Continue On Failure" library="BuiltIn">
<arg>Wait Until Element is Visible</arg>
<arg>${a1['${element}']}</arg>
<doc>Runs the keyword and continues execution even if a failure occurs.</doc>
<kw name="Wait Until Element Is Visible" library="SeleniumLibrary">
<arg>${a1['${element}']}</arg>
<doc>Waits until the element ``locator`` is visible.</doc>
<status status="PASS" starttime="20211013 18:45:13.403" endtime="20211013 18:45:13.422"/>
</kw>
<status status="PASS" starttime="20211013 18:45:13.403" endtime="20211013 18:45:13.422"/>
</kw>
<kw name="Run Keyword And Continue On Failure" library="BuiltIn">
<arg>element text should be</arg>
<arg>${a1['${element}']}</arg>
<arg>${a2['${element}']}</arg>
<doc>Runs the keyword and continues execution even if a failure occurs.</doc>
<kw name="Element Text Should Be" library="SeleniumLibrary">
<arg>${a1['${element}']}</arg>
<arg>${a2['${element}']}</arg>
<doc>Verifies that element ``locator`` contains exact the text ``expected``.</doc>
<msg timestamp="20211013 18:45:13.425" level="INFO">Verifying element 'xpath=/html/body/div[2]/div/div[1]/div/div[2]/div/div/div[5]/div/button' contains exact text 'INICIA SESIÓN'.</msg>
<status status="PASS" starttime="20211013 18:45:13.423" endtime="20211013 18:45:13.439"/>
</kw>
<status status="PASS" starttime="20211013 18:45:13.422" endtime="20211013 18:45:13.439"/>
</kw>
<kw name="Run Keyword And Continue On Failure" library="BuiltIn">
<arg>capture element screenshot</arg>
<arg>${a1['${element}']}</arg>
<doc>Runs the keyword and continues execution even if a failure occurs.</doc>
<kw name="Capture Element Screenshot" library="SeleniumLibrary">
<arg>${a1['${element}']}</arg>
<doc>Captures a screenshot from the element identified by ``locator`` and embeds it into log file.</doc>
<msg timestamp="20211013 18:45:13.468" level="INFO" html="true">&lt;/td&gt;&lt;/tr&gt;&lt;tr&gt;&lt;td colspan="3"&gt;&lt;a href="selenium-element-screenshot-4.png"&gt;&lt;img src="selenium-element-screenshot-4.png" width="400px"&gt;&lt;/a&gt;</msg>
<status status="PASS" starttime="20211013 18:45:13.440" endtime="20211013 18:45:13.468"/>
</kw>
<status status="PASS" starttime="20211013 18:45:13.439" endtime="20211013 18:45:13.468"/>
</kw>
<status status="PASS" starttime="20211013 18:45:13.403" endtime="20211013 18:45:13.468"/>
</iter>
<iter>
<var name="${element}">as_gratis</var>
<kw name="Run Keyword And Continue On Failure" library="BuiltIn">
<arg>Wait Until Element is Visible</arg>
<arg>${a1['${element}']}</arg>
<doc>Runs the keyword and continues execution even if a failure occurs.</doc>
<kw name="Wait Until Element Is Visible" library="SeleniumLibrary">
<arg>${a1['${element}']}</arg>
<doc>Waits until the element ``locator`` is visible.</doc>
<status status="PASS" starttime="20211013 18:45:13.469" endtime="20211013 18:45:13.486"/>
</kw>
<status status="PASS" starttime="20211013 18:45:13.468" endtime="20211013 18:45:13.487"/>
</kw>
<kw name="Run Keyword And Continue On Failure" library="BuiltIn">
<arg>element text should be</arg>
<arg>${a1['${element}']}</arg>
<arg>${a2['${element}']}</arg>
<doc>Runs the keyword and continues execution even if a failure occurs.</doc>
<kw name="Element Text Should Be" library="SeleniumLibrary">
<arg>${a1['${element}']}</arg>
<arg>${a2['${element}']}</arg>
<doc>Verifies that element ``locator`` contains exact the text ``expected``.</doc>
<msg timestamp="20211013 18:45:13.489" level="INFO">Verifying element 'xpath=/html/body/div[2]/div/div[1]/div/div[2]/div/div/div[6]/div/button' contains exact text 'VER GRATIS'.</msg>
<status status="PASS" starttime="20211013 18:45:13.487" endtime="20211013 18:45:13.503"/>
</kw>
<status status="PASS" starttime="20211013 18:45:13.487" endtime="20211013 18:45:13.503"/>
</kw>
<kw name="Run Keyword And Continue On Failure" library="BuiltIn">
<arg>capture element screenshot</arg>
<arg>${a1['${element}']}</arg>
<doc>Runs the keyword and continues execution even if a failure occurs.</doc>
<kw name="Capture Element Screenshot" library="SeleniumLibrary">
<arg>${a1['${element}']}</arg>
<doc>Captures a screenshot from the element identified by ``locator`` and embeds it into log file.</doc>
<msg timestamp="20211013 18:45:13.569" level="INFO" html="true">&lt;/td&gt;&lt;/tr&gt;&lt;tr&gt;&lt;td colspan="3"&gt;&lt;a href="selenium-element-screenshot-5.png"&gt;&lt;img src="selenium-element-screenshot-5.png" width="400px"&gt;&lt;/a&gt;</msg>
<status status="PASS" starttime="20211013 18:45:13.504" endtime="20211013 18:45:13.569"/>
</kw>
<status status="PASS" starttime="20211013 18:45:13.503" endtime="20211013 18:45:13.569"/>
</kw>
<status status="PASS" starttime="20211013 18:45:13.468" endtime="20211013 18:45:13.569"/>
</iter>
<status status="PASS" starttime="20211013 18:45:13.048" endtime="20211013 18:45:13.569"/>
</for>
<status status="PASS" starttime="20211013 18:45:13.047" endtime="20211013 18:45:13.570"/>
</kw>
<kw name="-CERRAR TODOS LOS NAVEGADORES-" library="common_functionalities">
<kw name="Close All Browsers" library="SeleniumLibrary">
<doc>Closes all open browsers and resets the browser cache.</doc>
<status status="PASS" starttime="20211013 18:45:13.570" endtime="20211013 18:45:13.667"/>
</kw>
<status status="PASS" starttime="20211013 18:45:13.570" endtime="20211013 18:45:13.667"/>
</kw>
<status status="PASS" starttime="20211013 18:45:03.663" endtime="20211013 18:45:13.667"/>
</test>
<test id="s1-s2-t2" name="CV-MX-WEB-ACCESO-VALIDAR ELEMENTOS LOGIN PAGE">
<kw name="-ABRIR LOGIN PAGE-" library="common_functionalities">
<kw name="Open Browser" library="SeleniumLibrary">
<arg>https://www.clarovideo.com/mexico/login</arg>
<arg>${browser}</arg>
<doc>Opens a new browser instance to the optional ``url``.</doc>
<msg timestamp="20211013 18:45:13.670" level="INFO">Opening browser 'chrome' to base url 'https://www.clarovideo.com/mexico/login'.</msg>
<status status="PASS" starttime="20211013 18:45:13.670" endtime="20211013 18:45:17.753"/>
</kw>
<status status="PASS" starttime="20211013 18:45:13.669" endtime="20211013 18:45:17.754"/>
</kw>
<kw name="-VALIDAR TEXTOS Y ELEMENTOS-" library="common_functionalities">
<arg>${elementos_login_email}</arg>
<arg>${textos_elementos_login_email}</arg>
<for flavor="IN">
<var>${element}</var>
<value>@{a1}</value>
<iter>
<var name="${element}">log_title</var>
<kw name="Run Keyword And Continue On Failure" library="BuiltIn">
<arg>Wait Until Element is Visible</arg>
<arg>${a1['${element}']}</arg>
<doc>Runs the keyword and continues execution even if a failure occurs.</doc>
<kw name="Wait Until Element Is Visible" library="SeleniumLibrary">
<arg>${a1['${element}']}</arg>
<doc>Waits until the element ``locator`` is visible.</doc>
<status status="PASS" starttime="20211013 18:45:17.755" endtime="20211013 18:45:19.615"/>
</kw>
<status status="PASS" starttime="20211013 18:45:17.755" endtime="20211013 18:45:19.615"/>
</kw>
<kw name="Run Keyword And Continue On Failure" library="BuiltIn">
<arg>element text should be</arg>
<arg>${a1['${element}']}</arg>
<arg>${a2['${element}']}</arg>
<doc>Runs the keyword and continues execution even if a failure occurs.</doc>
<kw name="Element Text Should Be" library="SeleniumLibrary">
<arg>${a1['${element}']}</arg>
<arg>${a2['${element}']}</arg>
<doc>Verifies that element ``locator`` contains exact the text ``expected``.</doc>
<msg timestamp="20211013 18:45:19.617" level="INFO">Verifying element 'xpath=/html/body/div[2]/div/div[1]/div/div[2]/div/div/div[1]' contains exact text 'Inicia sesión'.</msg>
<status status="PASS" starttime="20211013 18:45:19.615" endtime="20211013 18:45:19.651"/>
</kw>
<status status="PASS" starttime="20211013 18:45:19.615" endtime="20211013 18:45:19.651"/>
</kw>
<kw name="Run Keyword And Continue On Failure" library="BuiltIn">
<arg>capture element screenshot</arg>
<arg>${a1['${element}']}</arg>
<doc>Runs the keyword and continues execution even if a failure occurs.</doc>
<kw name="Capture Element Screenshot" library="SeleniumLibrary">
<arg>${a1['${element}']}</arg>
<doc>Captures a screenshot from the element identified by ``locator`` and embeds it into log file.</doc>
<msg timestamp="20211013 18:45:19.698" level="INFO" html="true">&lt;/td&gt;&lt;/tr&gt;&lt;tr&gt;&lt;td colspan="3"&gt;&lt;a href="selenium-element-screenshot-6.png"&gt;&lt;img src="selenium-element-screenshot-6.png" width="400px"&gt;&lt;/a&gt;</msg>
<status status="PASS" starttime="20211013 18:45:19.652" endtime="20211013 18:45:19.698"/>
</kw>
<status status="PASS" starttime="20211013 18:45:19.652" endtime="20211013 18:45:19.698"/>
</kw>
<status status="PASS" starttime="20211013 18:45:17.755" endtime="20211013 18:45:19.698"/>
</iter>
<iter>
<var name="${element}">log_correoText</var>
<kw name="Run Keyword And Continue On Failure" library="BuiltIn">
<arg>Wait Until Element is Visible</arg>
<arg>${a1['${element}']}</arg>
<doc>Runs the keyword and continues execution even if a failure occurs.</doc>
<kw name="Wait Until Element Is Visible" library="SeleniumLibrary">
<arg>${a1['${element}']}</arg>
<doc>Waits until the element ``locator`` is visible.</doc>
<status status="PASS" starttime="20211013 18:45:19.699" endtime="20211013 18:45:19.719"/>
</kw>
<status status="PASS" starttime="20211013 18:45:19.698" endtime="20211013 18:45:19.719"/>
</kw>
<kw name="Run Keyword And Continue On Failure" library="BuiltIn">
<arg>element text should be</arg>
<arg>${a1['${element}']}</arg>
<arg>${a2['${element}']}</arg>
<doc>Runs the keyword and continues execution even if a failure occurs.</doc>
<kw name="Element Text Should Be" library="SeleniumLibrary">
<arg>${a1['${element}']}</arg>
<arg>${a2['${element}']}</arg>
<doc>Verifies that element ``locator`` contains exact the text ``expected``.</doc>
<msg timestamp="20211013 18:45:19.721" level="INFO">Verifying element 'xpath=/html/body/div[2]/div/div[1]/div/div[2]/div/div/div[2]/div[1]/span' contains exact text '¿Cuál es tu correo electrónico?'.</msg>
<status status="PASS" starttime="20211013 18:45:19.720" endtime="20211013 18:45:19.735"/>
</kw>
<status status="PASS" starttime="20211013 18:45:19.720" endtime="20211013 18:45:19.735"/>
</kw>
<kw name="Run Keyword And Continue On Failure" library="BuiltIn">
<arg>capture element screenshot</arg>
<arg>${a1['${element}']}</arg>
<doc>Runs the keyword and continues execution even if a failure occurs.</doc>
<kw name="Capture Element Screenshot" library="SeleniumLibrary">
<arg>${a1['${element}']}</arg>
<doc>Captures a screenshot from the element identified by ``locator`` and embeds it into log file.</doc>
<msg timestamp="20211013 18:45:19.773" level="INFO" html="true">&lt;/td&gt;&lt;/tr&gt;&lt;tr&gt;&lt;td colspan="3"&gt;&lt;a href="selenium-element-screenshot-7.png"&gt;&lt;img src="selenium-element-screenshot-7.png" width="400px"&gt;&lt;/a&gt;</msg>
<status status="PASS" starttime="20211013 18:45:19.736" endtime="20211013 18:45:19.773"/>
</kw>
<status status="PASS" starttime="20211013 18:45:19.736" endtime="20211013 18:45:19.773"/>
</kw>
<status status="PASS" starttime="20211013 18:45:19.698" endtime="20211013 18:45:19.773"/>
</iter>
<iter>
<var name="${element}">reg_emailtextbox</var>
<kw name="Run Keyword And Continue On Failure" library="BuiltIn">
<arg>Wait Until Element is Visible</arg>
<arg>${a1['${element}']}</arg>
<doc>Runs the keyword and continues execution even if a failure occurs.</doc>
<kw name="Wait Until Element Is Visible" library="SeleniumLibrary">
<arg>${a1['${element}']}</arg>
<doc>Waits until the element ``locator`` is visible.</doc>
<status status="PASS" starttime="20211013 18:45:19.774" endtime="20211013 18:45:19.831"/>
</kw>
<status status="PASS" starttime="20211013 18:45:19.774" endtime="20211013 18:45:19.831"/>
</kw>
<kw name="Run Keyword And Continue On Failure" library="BuiltIn">
<arg>element text should be</arg>
<arg>${a1['${element}']}</arg>
<arg>${a2['${element}']}</arg>
<doc>Runs the keyword and continues execution even if a failure occurs.</doc>
<kw name="Element Text Should Be" library="SeleniumLibrary">
<arg>${a1['${element}']}</arg>
<arg>${a2['${element}']}</arg>
<doc>Verifies that element ``locator`` contains exact the text ``expected``.</doc>
<msg timestamp="20211013 18:45:19.833" level="INFO">Verifying element 'xpath=//*[@id="emailLogin"]' contains exact text ''.</msg>
<status status="PASS" starttime="20211013 18:45:19.832" endtime="20211013 18:45:19.847"/>
</kw>
<status status="PASS" starttime="20211013 18:45:19.831" endtime="20211013 18:45:19.847"/>
</kw>
<kw name="Run Keyword And Continue On Failure" library="BuiltIn">
<arg>capture element screenshot</arg>
<arg>${a1['${element}']}</arg>
<doc>Runs the keyword and continues execution even if a failure occurs.</doc>
<kw name="Capture Element Screenshot" library="SeleniumLibrary">
<arg>${a1['${element}']}</arg>
<doc>Captures a screenshot from the element identified by ``locator`` and embeds it into log file.</doc>
<msg timestamp="20211013 18:45:19.922" level="INFO" html="true">&lt;/td&gt;&lt;/tr&gt;&lt;tr&gt;&lt;td colspan="3"&gt;&lt;a href="selenium-element-screenshot-8.png"&gt;&lt;img src="selenium-element-screenshot-8.png" width="400px"&gt;&lt;/a&gt;</msg>
<status status="PASS" starttime="20211013 18:45:19.848" endtime="20211013 18:45:19.922"/>
</kw>
<status status="PASS" starttime="20211013 18:45:19.848" endtime="20211013 18:45:19.922"/>
</kw>
<status status="PASS" starttime="20211013 18:45:19.773" endtime="20211013 18:45:19.922"/>
</iter>
<iter>
<var name="${element}">log_siguiente</var>
<kw name="Run Keyword And Continue On Failure" library="BuiltIn">
<arg>Wait Until Element is Visible</arg>
<arg>${a1['${element}']}</arg>
<doc>Runs the keyword and continues execution even if a failure occurs.</doc>
<kw name="Wait Until Element Is Visible" library="SeleniumLibrary">
<arg>${a1['${element}']}</arg>
<doc>Waits until the element ``locator`` is visible.</doc>
<status status="PASS" starttime="20211013 18:45:19.922" endtime="20211013 18:45:19.939"/>
</kw>
<status status="PASS" starttime="20211013 18:45:19.922" endtime="20211013 18:45:19.939"/>
</kw>
<kw name="Run Keyword And Continue On Failure" library="BuiltIn">
<arg>element text should be</arg>
<arg>${a1['${element}']}</arg>
<arg>${a2['${element}']}</arg>
<doc>Runs the keyword and continues execution even if a failure occurs.</doc>
<kw name="Element Text Should Be" library="SeleniumLibrary">
<arg>${a1['${element}']}</arg>
<arg>${a2['${element}']}</arg>
<doc>Verifies that element ``locator`` contains exact the text ``expected``.</doc>
<msg timestamp="20211013 18:45:19.941" level="INFO">Verifying element 'xpath=/html/body/div[2]/div/div[1]/div/div[2]/div/div/div[3]/div/button' contains exact text 'SIGUIENTE'.</msg>
<status status="PASS" starttime="20211013 18:45:19.940" endtime="20211013 18:45:19.956"/>
</kw>
<status status="PASS" starttime="20211013 18:45:19.939" endtime="20211013 18:45:19.956"/>
</kw>
<kw name="Run Keyword And Continue On Failure" library="BuiltIn">
<arg>capture element screenshot</arg>
<arg>${a1['${element}']}</arg>
<doc>Runs the keyword and continues execution even if a failure occurs.</doc>
<kw name="Capture Element Screenshot" library="SeleniumLibrary">
<arg>${a1['${element}']}</arg>
<doc>Captures a screenshot from the element identified by ``locator`` and embeds it into log file.</doc>
<msg timestamp="20211013 18:45:20.044" level="INFO" html="true">&lt;/td&gt;&lt;/tr&gt;&lt;tr&gt;&lt;td colspan="3"&gt;&lt;a href="selenium-element-screenshot-9.png"&gt;&lt;img src="selenium-element-screenshot-9.png" width="400px"&gt;&lt;/a&gt;</msg>
<status status="PASS" starttime="20211013 18:45:19.957" endtime="20211013 18:45:20.044"/>
</kw>
<status status="PASS" starttime="20211013 18:45:19.956" endtime="20211013 18:45:20.044"/>
</kw>
<status status="PASS" starttime="20211013 18:45:19.922" endtime="20211013 18:45:20.044"/>
</iter>
<iter>
<var name="${element}">log_cancelar</var>
<kw name="Run Keyword And Continue On Failure" library="BuiltIn">
<arg>Wait Until Element is Visible</arg>
<arg>${a1['${element}']}</arg>
<doc>Runs the keyword and continues execution even if a failure occurs.</doc>
<kw name="Wait Until Element Is Visible" library="SeleniumLibrary">
<arg>${a1['${element}']}</arg>
<doc>Waits until the element ``locator`` is visible.</doc>
<status status="PASS" starttime="20211013 18:45:20.044" endtime="20211013 18:45:20.062"/>
</kw>
<status status="PASS" starttime="20211013 18:45:20.044" endtime="20211013 18:45:20.062"/>
</kw>
<kw name="Run Keyword And Continue On Failure" library="BuiltIn">
<arg>element text should be</arg>
<arg>${a1['${element}']}</arg>
<arg>${a2['${element}']}</arg>
<doc>Runs the keyword and continues execution even if a failure occurs.</doc>
<kw name="Element Text Should Be" library="SeleniumLibrary">
<arg>${a1['${element}']}</arg>
<arg>${a2['${element}']}</arg>
<doc>Verifies that element ``locator`` contains exact the text ``expected``.</doc>
<msg timestamp="20211013 18:45:20.064" level="INFO">Verifying element 'xpath=/html/body/div[2]/div/div[1]/div/div[2]/div/div/div[4]/div/button' contains exact text 'CANCELAR'.</msg>
<status status="PASS" starttime="20211013 18:45:20.062" endtime="20211013 18:45:20.079"/>
</kw>
<status status="PASS" starttime="20211013 18:45:20.062" endtime="20211013 18:45:20.079"/>
</kw>
<kw name="Run Keyword And Continue On Failure" library="BuiltIn">
<arg>capture element screenshot</arg>
<arg>${a1['${element}']}</arg>
<doc>Runs the keyword and continues execution even if a failure occurs.</doc>
<kw name="Capture Element Screenshot" library="SeleniumLibrary">
<arg>${a1['${element}']}</arg>
<doc>Captures a screenshot from the element identified by ``locator`` and embeds it into log file.</doc>
<msg timestamp="20211013 18:45:20.137" level="INFO" html="true">&lt;/td&gt;&lt;/tr&gt;&lt;tr&gt;&lt;td colspan="3"&gt;&lt;a href="selenium-element-screenshot-10.png"&gt;&lt;img src="selenium-element-screenshot-10.png" width="400px"&gt;&lt;/a&gt;</msg>
<status status="PASS" starttime="20211013 18:45:20.080" endtime="20211013 18:45:20.137"/>
</kw>
<status status="PASS" starttime="20211013 18:45:20.080" endtime="20211013 18:45:20.137"/>
</kw>
<status status="PASS" starttime="20211013 18:45:20.044" endtime="20211013 18:45:20.137"/>
</iter>
<iter>
<var name="${element}">log_continuaFB</var>
<kw name="Run Keyword And Continue On Failure" library="BuiltIn">
<arg>Wait Until Element is Visible</arg>
<arg>${a1['${element}']}</arg>
<doc>Runs the keyword and continues execution even if a failure occurs.</doc>
<kw name="Wait Until Element Is Visible" library="SeleniumLibrary">
<arg>${a1['${element}']}</arg>
<doc>Waits until the element ``locator`` is visible.</doc>
<status status="PASS" starttime="20211013 18:45:20.138" endtime="20211013 18:45:20.155"/>
</kw>
<status status="PASS" starttime="20211013 18:45:20.138" endtime="20211013 18:45:20.155"/>
</kw>
<kw name="Run Keyword And Continue On Failure" library="BuiltIn">
<arg>element text should be</arg>
<arg>${a1['${element}']}</arg>
<arg>${a2['${element}']}</arg>
<doc>Runs the keyword and continues execution even if a failure occurs.</doc>
<kw name="Element Text Should Be" library="SeleniumLibrary">
<arg>${a1['${element}']}</arg>
<arg>${a2['${element}']}</arg>
<doc>Verifies that element ``locator`` contains exact the text ``expected``.</doc>
<msg timestamp="20211013 18:45:20.157" level="INFO">Verifying element 'xpath=/html/body/div[2]/div/div[1]/div/div[2]/div/div/div[5]/div/button' contains exact text 'CONTINÚA CON FACEBOOK'.</msg>
<status status="PASS" starttime="20211013 18:45:20.155" endtime="20211013 18:45:20.170"/>
</kw>
<status status="PASS" starttime="20211013 18:45:20.155" endtime="20211013 18:45:20.170"/>
</kw>
<kw name="Run Keyword And Continue On Failure" library="BuiltIn">
<arg>capture element screenshot</arg>
<arg>${a1['${element}']}</arg>
<doc>Runs the keyword and continues execution even if a failure occurs.</doc>
<kw name="Capture Element Screenshot" library="SeleniumLibrary">
<arg>${a1['${element}']}</arg>
<doc>Captures a screenshot from the element identified by ``locator`` and embeds it into log file.</doc>
<msg timestamp="20211013 18:45:20.221" level="INFO" html="true">&lt;/td&gt;&lt;/tr&gt;&lt;tr&gt;&lt;td colspan="3"&gt;&lt;a href="selenium-element-screenshot-11.png"&gt;&lt;img src="selenium-element-screenshot-11.png" width="400px"&gt;&lt;/a&gt;</msg>
<status status="PASS" starttime="20211013 18:45:20.171" endtime="20211013 18:45:20.221"/>
</kw>
<status status="PASS" starttime="20211013 18:45:20.170" endtime="20211013 18:45:20.221"/>
</kw>
<status status="PASS" starttime="20211013 18:45:20.138" endtime="20211013 18:45:20.221"/>
</iter>
<iter>
<var name="${element}">log_sesionAPPLE</var>
<kw name="Run Keyword And Continue On Failure" library="BuiltIn">
<arg>Wait Until Element is Visible</arg>
<arg>${a1['${element}']}</arg>
<doc>Runs the keyword and continues execution even if a failure occurs.</doc>
<kw name="Wait Until Element Is Visible" library="SeleniumLibrary">
<arg>${a1['${element}']}</arg>
<doc>Waits until the element ``locator`` is visible.</doc>
<status status="PASS" starttime="20211013 18:45:20.221" endtime="20211013 18:45:20.241"/>
</kw>
<status status="PASS" starttime="20211013 18:45:20.221" endtime="20211013 18:45:20.241"/>
</kw>
<kw name="Run Keyword And Continue On Failure" library="BuiltIn">
<arg>element text should be</arg>
<arg>${a1['${element}']}</arg>
<arg>${a2['${element}']}</arg>
<doc>Runs the keyword and continues execution even if a failure occurs.</doc>
<kw name="Element Text Should Be" library="SeleniumLibrary">
<arg>${a1['${element}']}</arg>
<arg>${a2['${element}']}</arg>
<doc>Verifies that element ``locator`` contains exact the text ``expected``.</doc>
<msg timestamp="20211013 18:45:20.244" level="INFO">Verifying element 'xpath=/html/body/div[2]/div/div[1]/div/div[2]/div/div/div[6]/div/button' contains exact text 'INICIAR SESIÓN CON APPLE'.</msg>
<status status="PASS" starttime="20211013 18:45:20.242" endtime="20211013 18:45:20.261"/>
</kw>
<status status="PASS" starttime="20211013 18:45:20.242" endtime="20211013 18:45:20.261"/>
</kw>
<kw name="Run Keyword And Continue On Failure" library="BuiltIn">
<arg>capture element screenshot</arg>
<arg>${a1['${element}']}</arg>
<doc>Runs the keyword and continues execution even if a failure occurs.</doc>
<kw name="Capture Element Screenshot" library="SeleniumLibrary">
<arg>${a1['${element}']}</arg>
<doc>Captures a screenshot from the element identified by ``locator`` and embeds it into log file.</doc>
<msg timestamp="20211013 18:45:20.341" level="INFO" html="true">&lt;/td&gt;&lt;/tr&gt;&lt;tr&gt;&lt;td colspan="3"&gt;&lt;a href="selenium-element-screenshot-12.png"&gt;&lt;img src="selenium-element-screenshot-12.png" width="400px"&gt;&lt;/a&gt;</msg>
<status status="PASS" starttime="20211013 18:45:20.262" endtime="20211013 18:45:20.341"/>
</kw>
<status status="PASS" starttime="20211013 18:45:20.261" endtime="20211013 18:45:20.341"/>
</kw>
<status status="PASS" starttime="20211013 18:45:20.221" endtime="20211013 18:45:20.341"/>
</iter>
<iter>
<var name="${element}">log_nuevo?</var>
<kw name="Run Keyword And Continue On Failure" library="BuiltIn">
<arg>Wait Until Element is Visible</arg>
<arg>${a1['${element}']}</arg>
<doc>Runs the keyword and continues execution even if a failure occurs.</doc>
<kw name="Wait Until Element Is Visible" library="SeleniumLibrary">
<arg>${a1['${element}']}</arg>
<doc>Waits until the element ``locator`` is visible.</doc>
<status status="PASS" starttime="20211013 18:45:20.342" endtime="20211013 18:45:20.362"/>
</kw>
<status status="PASS" starttime="20211013 18:45:20.342" endtime="20211013 18:45:20.362"/>
</kw>
<kw name="Run Keyword And Continue On Failure" library="BuiltIn">
<arg>element text should be</arg>
<arg>${a1['${element}']}</arg>
<arg>${a2['${element}']}</arg>
<doc>Runs the keyword and continues execution even if a failure occurs.</doc>
<kw name="Element Text Should Be" library="SeleniumLibrary">
<arg>${a1['${element}']}</arg>
<arg>${a2['${element}']}</arg>
<doc>Verifies that element ``locator`` contains exact the text ``expected``.</doc>
<msg timestamp="20211013 18:45:20.365" level="INFO">Verifying element 'xpath=/html/body/div[2]/div/div[1]/div/div[2]/div/div/div[7]/span' contains exact text '¿Nuevo en Claro video? Registrate'.</msg>
<status status="PASS" starttime="20211013 18:45:20.362" endtime="20211013 18:45:20.380"/>
</kw>
<status status="PASS" starttime="20211013 18:45:20.362" endtime="20211013 18:45:20.380"/>
</kw>
<kw name="Run Keyword And Continue On Failure" library="BuiltIn">
<arg>capture element screenshot</arg>
<arg>${a1['${element}']}</arg>
<doc>Runs the keyword and continues execution even if a failure occurs.</doc>
<kw name="Capture Element Screenshot" library="SeleniumLibrary">
<arg>${a1['${element}']}</arg>
<doc>Captures a screenshot from the element identified by ``locator`` and embeds it into log file.</doc>
<msg timestamp="20211013 18:45:20.421" level="INFO" html="true">&lt;/td&gt;&lt;/tr&gt;&lt;tr&gt;&lt;td colspan="3"&gt;&lt;a href="selenium-element-screenshot-13.png"&gt;&lt;img src="selenium-element-screenshot-13.png" width="400px"&gt;&lt;/a&gt;</msg>
<status status="PASS" starttime="20211013 18:45:20.380" endtime="20211013 18:45:20.421"/>
</kw>
<status status="PASS" starttime="20211013 18:45:20.380" endtime="20211013 18:45:20.421"/>
</kw>
<status status="PASS" starttime="20211013 18:45:20.341" endtime="20211013 18:45:20.421"/>
</iter>
<iter>
<var name="${element}">log_RegLink</var>
<kw name="Run Keyword And Continue On Failure" library="BuiltIn">
<arg>Wait Until Element is Visible</arg>
<arg>${a1['${element}']}</arg>
<doc>Runs the keyword and continues execution even if a failure occurs.</doc>
<kw name="Wait Until Element Is Visible" library="SeleniumLibrary">
<arg>${a1['${element}']}</arg>
<doc>Waits until the element ``locator`` is visible.</doc>
<status status="PASS" starttime="20211013 18:45:20.422" endtime="20211013 18:45:20.441"/>
</kw>
<status status="PASS" starttime="20211013 18:45:20.421" endtime="20211013 18:45:20.441"/>
</kw>
<kw name="Run Keyword And Continue On Failure" library="BuiltIn">
<arg>element text should be</arg>
<arg>${a1['${element}']}</arg>
<arg>${a2['${element}']}</arg>
<doc>Runs the keyword and continues execution even if a failure occurs.</doc>
<kw name="Element Text Should Be" library="SeleniumLibrary">
<arg>${a1['${element}']}</arg>
<arg>${a2['${element}']}</arg>
<doc>Verifies that element ``locator`` contains exact the text ``expected``.</doc>
<msg timestamp="20211013 18:45:20.443" level="INFO">Verifying element 'xpath=//*[@id="app"]/div/div[1]/div/div[2]/div/div/div[7]/span/a' contains exact text 'Registrate'.</msg>
<status status="PASS" starttime="20211013 18:45:20.441" endtime="20211013 18:45:20.456"/>
</kw>
<status status="PASS" starttime="20211013 18:45:20.441" endtime="20211013 18:45:20.456"/>
</kw>
<kw name="Run Keyword And Continue On Failure" library="BuiltIn">
<arg>capture element screenshot</arg>
<arg>${a1['${element}']}</arg>
<doc>Runs the keyword and continues execution even if a failure occurs.</doc>
<kw name="Capture Element Screenshot" library="SeleniumLibrary">
<arg>${a1['${element}']}</arg>
<doc>Captures a screenshot from the element identified by ``locator`` and embeds it into log file.</doc>
<msg timestamp="20211013 18:45:20.503" level="INFO" html="true">&lt;/td&gt;&lt;/tr&gt;&lt;tr&gt;&lt;td colspan="3"&gt;&lt;a href="selenium-element-screenshot-14.png"&gt;&lt;img src="selenium-element-screenshot-14.png" width="400px"&gt;&lt;/a&gt;</msg>
<status status="PASS" starttime="20211013 18:45:20.457" endtime="20211013 18:45:20.503"/>
</kw>
<status status="PASS" starttime="20211013 18:45:20.457" endtime="20211013 18:45:20.503"/>
</kw>
<status status="PASS" starttime="20211013 18:45:20.421" endtime="20211013 18:45:20.503"/>
</iter>
<status status="PASS" starttime="20211013 18:45:17.755" endtime="20211013 18:45:20.503"/>
</for>
<status status="PASS" starttime="20211013 18:45:17.754" endtime="20211013 18:45:20.504"/>
</kw>
<kw name="-INGRESAR EMAIL PARA LOGIN-" library="common_functionalities">
<arg>${email_valido}</arg>
<kw name="Wait Until Element Is Visible" library="SeleniumLibrary">
<arg>${elementos_login_email['reg_emailtextbox']}</arg>
<doc>Waits until the element ``locator`` is visible.</doc>
<status status="PASS" starttime="20211013 18:45:20.504" endtime="20211013 18:45:20.519"/>
</kw>
<kw name="Input Text" library="SeleniumLibrary">
<arg>${elementos_login_email['reg_emailtextbox']}</arg>
<arg>${email}</arg>
<doc>Types the given ``text`` into the text field identified by ``locator``.</doc>
<msg timestamp="20211013 18:45:20.520" level="INFO">Typing text 's_tamezaa@globalhitss.com' into text field 'xpath=//*[@id="emailLogin"]'.</msg>
<status status="PASS" starttime="20211013 18:45:20.519" endtime="20211013 18:45:20.685"/>
</kw>
<kw name="Click Button" library="SeleniumLibrary">
<arg>${elementos_login_email['log_siguiente']}</arg>
<doc>Clicks the button identified by ``locator``.</doc>
<msg timestamp="20211013 18:45:20.687" level="INFO">Clicking button 'xpath=/html/body/div[2]/div/div[1]/div/div[2]/div/div/div[3]/div/button'.</msg>
<status status="PASS" starttime="20211013 18:45:20.685" endtime="20211013 18:45:20.797"/>
</kw>
<status status="PASS" starttime="20211013 18:45:20.504" endtime="20211013 18:45:20.797"/>
</kw>
<kw name="-VALIDAR TEXTOS Y ELEMENTOS-" library="common_functionalities">
<arg>${elementos_login_pass}</arg>
<arg>${textos_elementos_login_pass}</arg>
<for flavor="IN">
<var>${element}</var>
<value>@{a1}</value>
<iter>
<var name="${element}">log_pass_title</var>
<kw name="Run Keyword And Continue On Failure" library="BuiltIn">
<arg>Wait Until Element is Visible</arg>
<arg>${a1['${element}']}</arg>
<doc>Runs the keyword and continues execution even if a failure occurs.</doc>
<kw name="Wait Until Element Is Visible" library="SeleniumLibrary">
<arg>${a1['${element}']}</arg>
<doc>Waits until the element ``locator`` is visible.</doc>
<status status="PASS" starttime="20211013 18:45:20.799" endtime="20211013 18:45:20.816"/>
</kw>
<status status="PASS" starttime="20211013 18:45:20.799" endtime="20211013 18:45:20.816"/>
</kw>
<kw name="Run Keyword And Continue On Failure" library="BuiltIn">
<arg>element text should be</arg>
<arg>${a1['${element}']}</arg>
<arg>${a2['${element}']}</arg>
<doc>Runs the keyword and continues execution even if a failure occurs.</doc>
<kw name="Element Text Should Be" library="SeleniumLibrary">
<arg>${a1['${element}']}</arg>
<arg>${a2['${element}']}</arg>
<doc>Verifies that element ``locator`` contains exact the text ``expected``.</doc>
<msg timestamp="20211013 18:45:20.818" level="INFO">Verifying element 'xpath=/html/body/div[2]/div/div[1]/div/div[2]/div/div/div[1]/span' contains exact text 'Inicia sesión'.</msg>
<status status="PASS" starttime="20211013 18:45:20.817" endtime="20211013 18:45:20.834"/>
</kw>
<status status="PASS" starttime="20211013 18:45:20.816" endtime="20211013 18:45:20.834"/>
</kw>
<kw name="Run Keyword And Continue On Failure" library="BuiltIn">
<arg>capture element screenshot</arg>
<arg>${a1['${element}']}</arg>
<doc>Runs the keyword and continues execution even if a failure occurs.</doc>
<kw name="Capture Element Screenshot" library="SeleniumLibrary">
<arg>${a1['${element}']}</arg>
<doc>Captures a screenshot from the element identified by ``locator`` and embeds it into log file.</doc>
<msg timestamp="20211013 18:45:20.885" level="INFO" html="true">&lt;/td&gt;&lt;/tr&gt;&lt;tr&gt;&lt;td colspan="3"&gt;&lt;a href="selenium-element-screenshot-15.png"&gt;&lt;img src="selenium-element-screenshot-15.png" width="400px"&gt;&lt;/a&gt;</msg>
<status status="PASS" starttime="20211013 18:45:20.835" endtime="20211013 18:45:20.885"/>
</kw>
<status status="PASS" starttime="20211013 18:45:20.834" endtime="20211013 18:45:20.885"/>
</kw>
<status status="PASS" starttime="20211013 18:45:20.799" endtime="20211013 18:45:20.885"/>
</iter>
<iter>
<var name="${element}">log_pass_passText</var>
<kw name="Run Keyword And Continue On Failure" library="BuiltIn">
<arg>Wait Until Element is Visible</arg>
<arg>${a1['${element}']}</arg>
<doc>Runs the keyword and continues execution even if a failure occurs.</doc>
<kw name="Wait Until Element Is Visible" library="SeleniumLibrary">
<arg>${a1['${element}']}</arg>
<doc>Waits until the element ``locator`` is visible.</doc>
<status status="PASS" starttime="20211013 18:45:20.885" endtime="20211013 18:45:21.117"/>
</kw>
<status status="PASS" starttime="20211013 18:45:20.885" endtime="20211013 18:45:21.118"/>
</kw>
<kw name="Run Keyword And Continue On Failure" library="BuiltIn">
<arg>element text should be</arg>
<arg>${a1['${element}']}</arg>
<arg>${a2['${element}']}</arg>
<doc>Runs the keyword and continues execution even if a failure occurs.</doc>
<kw name="Element Text Should Be" library="SeleniumLibrary">
<arg>${a1['${element}']}</arg>
<arg>${a2['${element}']}</arg>
<doc>Verifies that element ``locator`` contains exact the text ``expected``.</doc>
<msg timestamp="20211013 18:45:21.120" level="INFO">Verifying element 'xpath=/html/body/div[2]/div/div[1]/div/div[2]/div/div/div[2]/span' contains exact text 'Contraseña'.</msg>
<status status="PASS" starttime="20211013 18:45:21.118" endtime="20211013 18:45:21.134"/>
</kw>
<status status="PASS" starttime="20211013 18:45:21.118" endtime="20211013 18:45:21.134"/>
</kw>
<kw name="Run Keyword And Continue On Failure" library="BuiltIn">
<arg>capture element screenshot</arg>
<arg>${a1['${element}']}</arg>
<doc>Runs the keyword and continues execution even if a failure occurs.</doc>
<kw name="Capture Element Screenshot" library="SeleniumLibrary">
<arg>${a1['${element}']}</arg>
<doc>Captures a screenshot from the element identified by ``locator`` and embeds it into log file.</doc>
<msg timestamp="20211013 18:45:21.168" level="INFO" html="true">&lt;/td&gt;&lt;/tr&gt;&lt;tr&gt;&lt;td colspan="3"&gt;&lt;a href="selenium-element-screenshot-16.png"&gt;&lt;img src="selenium-element-screenshot-16.png" width="400px"&gt;&lt;/a&gt;</msg>
<status status="PASS" starttime="20211013 18:45:21.135" endtime="20211013 18:45:21.168"/>
</kw>
<status status="PASS" starttime="20211013 18:45:21.134" endtime="20211013 18:45:21.168"/>
</kw>
<status status="PASS" starttime="20211013 18:45:20.885" endtime="20211013 18:45:21.169"/>
</iter>
<iter>
<var name="${element}">reg_pass_passtextbox</var>
<kw name="Run Keyword And Continue On Failure" library="BuiltIn">
<arg>Wait Until Element is Visible</arg>
<arg>${a1['${element}']}</arg>
<doc>Runs the keyword and continues execution even if a failure occurs.</doc>
<kw name="Wait Until Element Is Visible" library="SeleniumLibrary">
<arg>${a1['${element}']}</arg>
<doc>Waits until the element ``locator`` is visible.</doc>
<status status="PASS" starttime="20211013 18:45:21.169" endtime="20211013 18:45:21.186"/>
</kw>
<status status="PASS" starttime="20211013 18:45:21.169" endtime="20211013 18:45:21.186"/>
</kw>
<kw name="Run Keyword And Continue On Failure" library="BuiltIn">
<arg>element text should be</arg>
<arg>${a1['${element}']}</arg>
<arg>${a2['${element}']}</arg>
<doc>Runs the keyword and continues execution even if a failure occurs.</doc>
<kw name="Element Text Should Be" library="SeleniumLibrary">
<arg>${a1['${element}']}</arg>
<arg>${a2['${element}']}</arg>
<doc>Verifies that element ``locator`` contains exact the text ``expected``.</doc>
<msg timestamp="20211013 18:45:21.188" level="INFO">Verifying element 'xpath=//*[@id="password"]' contains exact text ''.</msg>
<status status="PASS" starttime="20211013 18:45:21.187" endtime="20211013 18:45:21.203"/>
</kw>
<status status="PASS" starttime="20211013 18:45:21.186" endtime="20211013 18:45:21.203"/>
</kw>
<kw name="Run Keyword And Continue On Failure" library="BuiltIn">
<arg>capture element screenshot</arg>
<arg>${a1['${element}']}</arg>
<doc>Runs the keyword and continues execution even if a failure occurs.</doc>
<kw name="Capture Element Screenshot" library="SeleniumLibrary">
<arg>${a1['${element}']}</arg>
<doc>Captures a screenshot from the element identified by ``locator`` and embeds it into log file.</doc>
<msg timestamp="20211013 18:45:21.235" level="INFO" html="true">&lt;/td&gt;&lt;/tr&gt;&lt;tr&gt;&lt;td colspan="3"&gt;&lt;a href="selenium-element-screenshot-17.png"&gt;&lt;img src="selenium-element-screenshot-17.png" width="400px"&gt;&lt;/a&gt;</msg>
<status status="PASS" starttime="20211013 18:45:21.203" endtime="20211013 18:45:21.235"/>
</kw>
<status status="PASS" starttime="20211013 18:45:21.203" endtime="20211013 18:45:21.235"/>
</kw>
<status status="PASS" starttime="20211013 18:45:21.169" endtime="20211013 18:45:21.235"/>
</iter>
<iter>
<var name="${element}">log_pass_siguiente</var>
<kw name="Run Keyword And Continue On Failure" library="BuiltIn">
<arg>Wait Until Element is Visible</arg>
<arg>${a1['${element}']}</arg>
<doc>Runs the keyword and continues execution even if a failure occurs.</doc>
<kw name="Wait Until Element Is Visible" library="SeleniumLibrary">
<arg>${a1['${element}']}</arg>
<doc>Waits until the element ``locator`` is visible.</doc>
<status status="PASS" starttime="20211013 18:45:21.236" endtime="20211013 18:45:21.250"/>
</kw>
<status status="PASS" starttime="20211013 18:45:21.236" endtime="20211013 18:45:21.250"/>
</kw>
<kw name="Run Keyword And Continue On Failure" library="BuiltIn">
<arg>element text should be</arg>
<arg>${a1['${element}']}</arg>
<arg>${a2['${element}']}</arg>
<doc>Runs the keyword and continues execution even if a failure occurs.</doc>
<kw name="Element Text Should Be" library="SeleniumLibrary">
<arg>${a1['${element}']}</arg>
<arg>${a2['${element}']}</arg>
<doc>Verifies that element ``locator`` contains exact the text ``expected``.</doc>
<msg timestamp="20211013 18:45:21.252" level="INFO">Verifying element 'xpath=/html/body/div[2]/div/div[1]/div/div[2]/div/div/div[4]/div/button' contains exact text 'SIGUIENTE'.</msg>
<status status="PASS" starttime="20211013 18:45:21.251" endtime="20211013 18:45:21.267"/>
</kw>
<status status="PASS" starttime="20211013 18:45:21.251" endtime="20211013 18:45:21.267"/>
</kw>
<kw name="Run Keyword And Continue On Failure" library="BuiltIn">
<arg>capture element screenshot</arg>
<arg>${a1['${element}']}</arg>
<doc>Runs the keyword and continues execution even if a failure occurs.</doc>
<kw name="Capture Element Screenshot" library="SeleniumLibrary">
<arg>${a1['${element}']}</arg>
<doc>Captures a screenshot from the element identified by ``locator`` and embeds it into log file.</doc>
<msg timestamp="20211013 18:45:21.328" level="INFO" html="true">&lt;/td&gt;&lt;/tr&gt;&lt;tr&gt;&lt;td colspan="3"&gt;&lt;a href="selenium-element-screenshot-18.png"&gt;&lt;img src="selenium-element-screenshot-18.png" width="400px"&gt;&lt;/a&gt;</msg>
<status status="PASS" starttime="20211013 18:45:21.268" endtime="20211013 18:45:21.328"/>
</kw>
<status status="PASS" starttime="20211013 18:45:21.268" endtime="20211013 18:45:21.328"/>
</kw>
<status status="PASS" starttime="20211013 18:45:21.236" endtime="20211013 18:45:21.328"/>
</iter>
<iter>
<var name="${element}">log_pass_cancelar</var>
<kw name="Run Keyword And Continue On Failure" library="BuiltIn">
<arg>Wait Until Element is Visible</arg>
<arg>${a1['${element}']}</arg>
<doc>Runs the keyword and continues execution even if a failure occurs.</doc>
<kw name="Wait Until Element Is Visible" library="SeleniumLibrary">
<arg>${a1['${element}']}</arg>
<doc>Waits until the element ``locator`` is visible.</doc>
<status status="PASS" starttime="20211013 18:45:21.329" endtime="20211013 18:45:21.344"/>
</kw>
<status status="PASS" starttime="20211013 18:45:21.328" endtime="20211013 18:45:21.344"/>
</kw>
<kw name="Run Keyword And Continue On Failure" library="BuiltIn">
<arg>element text should be</arg>
<arg>${a1['${element}']}</arg>
<arg>${a2['${element}']}</arg>
<doc>Runs the keyword and continues execution even if a failure occurs.</doc>
<kw name="Element Text Should Be" library="SeleniumLibrary">
<arg>${a1['${element}']}</arg>
<arg>${a2['${element}']}</arg>
<doc>Verifies that element ``locator`` contains exact the text ``expected``.</doc>
<msg timestamp="20211013 18:45:21.346" level="INFO">Verifying element 'xpath=/html/body/div[2]/div/div[1]/div/div[2]/div/div/div[5]/div/button' contains exact text 'CANCELAR'.</msg>
<status status="PASS" starttime="20211013 18:45:21.345" endtime="20211013 18:45:21.361"/>
</kw>
<status status="PASS" starttime="20211013 18:45:21.344" endtime="20211013 18:45:21.361"/>
</kw>
<kw name="Run Keyword And Continue On Failure" library="BuiltIn">
<arg>capture element screenshot</arg>
<arg>${a1['${element}']}</arg>
<doc>Runs the keyword and continues execution even if a failure occurs.</doc>
<kw name="Capture Element Screenshot" library="SeleniumLibrary">
<arg>${a1['${element}']}</arg>
<doc>Captures a screenshot from the element identified by ``locator`` and embeds it into log file.</doc>
<msg timestamp="20211013 18:45:21.421" level="INFO" html="true">&lt;/td&gt;&lt;/tr&gt;&lt;tr&gt;&lt;td colspan="3"&gt;&lt;a href="selenium-element-screenshot-19.png"&gt;&lt;img src="selenium-element-screenshot-19.png" width="400px"&gt;&lt;/a&gt;</msg>
<status status="PASS" starttime="20211013 18:45:21.361" endtime="20211013 18:45:21.421"/>
</kw>
<status status="PASS" starttime="20211013 18:45:21.361" endtime="20211013 18:45:21.422"/>
</kw>
<status status="PASS" starttime="20211013 18:45:21.328" endtime="20211013 18:45:21.422"/>
</iter>
<iter>
<var name="${element}">log_pass_olvidoPass</var>
<kw name="Run Keyword And Continue On Failure" library="BuiltIn">
<arg>Wait Until Element is Visible</arg>
<arg>${a1['${element}']}</arg>
<doc>Runs the keyword and continues execution even if a failure occurs.</doc>
<kw name="Wait Until Element Is Visible" library="SeleniumLibrary">
<arg>${a1['${element}']}</arg>
<doc>Waits until the element ``locator`` is visible.</doc>
<status status="PASS" starttime="20211013 18:45:21.422" endtime="20211013 18:45:21.439"/>
</kw>
<status status="PASS" starttime="20211013 18:45:21.422" endtime="20211013 18:45:21.439"/>
</kw>
<kw name="Run Keyword And Continue On Failure" library="BuiltIn">
<arg>element text should be</arg>
<arg>${a1['${element}']}</arg>
<arg>${a2['${element}']}</arg>
<doc>Runs the keyword and continues execution even if a failure occurs.</doc>
<kw name="Element Text Should Be" library="SeleniumLibrary">
<arg>${a1['${element}']}</arg>
<arg>${a2['${element}']}</arg>
<doc>Verifies that element ``locator`` contains exact the text ``expected``.</doc>
<msg timestamp="20211013 18:45:21.441" level="INFO">Verifying element 'xpath=/html/body/div[2]/div/div[1]/div/div[2]/div/div/div[6]/div/button' contains exact text '¿OLVIDASTE TU CONTRASEÑA?'.</msg>
<status status="PASS" starttime="20211013 18:45:21.439" endtime="20211013 18:45:21.455"/>
</kw>
<status status="PASS" starttime="20211013 18:45:21.439" endtime="20211013 18:45:21.455"/>
</kw>
<kw name="Run Keyword And Continue On Failure" library="BuiltIn">
<arg>capture element screenshot</arg>
<arg>${a1['${element}']}</arg>
<doc>Runs the keyword and continues execution even if a failure occurs.</doc>
<kw name="Capture Element Screenshot" library="SeleniumLibrary">
<arg>${a1['${element}']}</arg>
<doc>Captures a screenshot from the element identified by ``locator`` and embeds it into log file.</doc>
<msg timestamp="20211013 18:45:21.485" level="INFO" html="true">&lt;/td&gt;&lt;/tr&gt;&lt;tr&gt;&lt;td colspan="3"&gt;&lt;a href="selenium-element-screenshot-20.png"&gt;&lt;img src="selenium-element-screenshot-20.png" width="400px"&gt;&lt;/a&gt;</msg>
<status status="PASS" starttime="20211013 18:45:21.456" endtime="20211013 18:45:21.485"/>
</kw>
<status status="PASS" starttime="20211013 18:45:21.455" endtime="20211013 18:45:21.485"/>
</kw>
<status status="PASS" starttime="20211013 18:45:21.422" endtime="20211013 18:45:21.485"/>
</iter>
<status status="PASS" starttime="20211013 18:45:20.798" endtime="20211013 18:45:21.485"/>
</for>
<status status="PASS" starttime="20211013 18:45:20.797" endtime="20211013 18:45:21.485"/>
</kw>
<kw name="-INGRESAR PASSWORD PARA LOGIN-" library="common_functionalities">
<arg>${pass_valido}</arg>
<kw name="Wait Until Element Is Visible" library="SeleniumLibrary">
<arg>${elementos_login_pass['reg_pass_passtextbox']}</arg>
<doc>Waits until the element ``locator`` is visible.</doc>
<status status="PASS" starttime="20211013 18:45:21.486" endtime="20211013 18:45:21.497"/>
</kw>
<kw name="Input Text" library="SeleniumLibrary">
<arg>${elementos_login_pass['reg_pass_passtextbox']}</arg>
<arg>${password}</arg>
<doc>Types the given ``text`` into the text field identified by ``locator``.</doc>
<msg timestamp="20211013 18:45:21.499" level="INFO">Typing text 'Claro123!' into text field 'xpath=//*[@id="password"]'.</msg>
<status status="PASS" starttime="20211013 18:45:21.497" endtime="20211013 18:45:21.563"/>
</kw>
<kw name="Click Button" library="SeleniumLibrary">
<arg>${elementos_login_pass['log_pass_siguiente']}</arg>
<doc>Clicks the button identified by ``locator``.</doc>
<msg timestamp="20211013 18:45:21.565" level="INFO">Clicking button 'xpath=/html/body/div[2]/div/div[1]/div/div[2]/div/div/div[4]/div/button'.</msg>
<status status="PASS" starttime="20211013 18:45:21.564" endtime="20211013 18:45:21.650"/>
</kw>
<status status="PASS" starttime="20211013 18:45:21.485" endtime="20211013 18:45:21.650"/>
</kw>
<kw name="-CERRAR TODOS LOS NAVEGADORES-" library="common_functionalities">
<kw name="Close All Browsers" library="SeleniumLibrary">
<doc>Closes all open browsers and resets the browser cache.</doc>
<status status="PASS" starttime="20211013 18:45:21.651" endtime="20211013 18:45:21.737"/>
</kw>
<status status="PASS" starttime="20211013 18:45:21.650" endtime="20211013 18:45:21.737"/>
</kw>
<status status="PASS" starttime="20211013 18:45:13.668" endtime="20211013 18:45:21.737"/>
</test>
<test id="s1-s2-t3" name="CV-MX-WEB-ACCESO-VALIDAR ELEMENTOS REGISTER PAGE">
<kw name="-ABRIR REGISTER PAGE-" library="common_functionalities">
<kw name="Open Browser" library="SeleniumLibrary">
<arg>https://www.clarovideo.com/mexico/register</arg>
<arg>${browser}</arg>
<doc>Opens a new browser instance to the optional ``url``.</doc>
<msg timestamp="20211013 18:45:21.739" level="INFO">Opening browser 'chrome' to base url 'https://www.clarovideo.com/mexico/register'.</msg>
<status status="PASS" starttime="20211013 18:45:21.739" endtime="20211013 18:45:26.240"/>
</kw>
<status status="PASS" starttime="20211013 18:45:21.738" endtime="20211013 18:45:26.240"/>
</kw>
<kw name="-VALIDAR TEXTOS Y ELEMENTOS-" library="common_functionalities">
<arg>${elementos_register_page}</arg>
<arg>${textos_register_page}</arg>
<for flavor="IN">
<var>${element}</var>
<value>@{a1}</value>
<iter>
<var name="${element}">reg_registrate</var>
<kw name="Run Keyword And Continue On Failure" library="BuiltIn">
<arg>Wait Until Element is Visible</arg>
<arg>${a1['${element}']}</arg>
<doc>Runs the keyword and continues execution even if a failure occurs.</doc>
<kw name="Wait Until Element Is Visible" library="SeleniumLibrary">
<arg>${a1['${element}']}</arg>
<doc>Waits until the element ``locator`` is visible.</doc>
<status status="PASS" starttime="20211013 18:45:26.241" endtime="20211013 18:45:29.042"/>
</kw>
<status status="PASS" starttime="20211013 18:45:26.241" endtime="20211013 18:45:29.042"/>
</kw>
<kw name="Run Keyword And Continue On Failure" library="BuiltIn">
<arg>element text should be</arg>
<arg>${a1['${element}']}</arg>
<arg>${a2['${element}']}</arg>
<doc>Runs the keyword and continues execution even if a failure occurs.</doc>
<kw name="Element Text Should Be" library="SeleniumLibrary">
<arg>${a1['${element}']}</arg>
<arg>${a2['${element}']}</arg>
<doc>Verifies that element ``locator`` contains exact the text ``expected``.</doc>
<msg timestamp="20211013 18:45:29.044" level="INFO">Verifying element 'xpath=/html/body/div[2]/div/div[1]/div/div[2]/div/div/div[1]' contains exact text 'Regístrate'.</msg>
<status status="PASS" starttime="20211013 18:45:29.043" endtime="20211013 18:45:29.059"/>
</kw>
<status status="PASS" starttime="20211013 18:45:29.042" endtime="20211013 18:45:29.059"/>
</kw>
<kw name="Run Keyword And Continue On Failure" library="BuiltIn">
<arg>capture element screenshot</arg>
<arg>${a1['${element}']}</arg>
<doc>Runs the keyword and continues execution even if a failure occurs.</doc>
<kw name="Capture Element Screenshot" library="SeleniumLibrary">
<arg>${a1['${element}']}</arg>
<doc>Captures a screenshot from the element identified by ``locator`` and embeds it into log file.</doc>
<msg timestamp="20211013 18:45:29.202" level="INFO" html="true">&lt;/td&gt;&lt;/tr&gt;&lt;tr&gt;&lt;td colspan="3"&gt;&lt;a href="selenium-element-screenshot-21.png"&gt;&lt;img src="selenium-element-screenshot-21.png" width="400px"&gt;&lt;/a&gt;</msg>
<status status="PASS" starttime="20211013 18:45:29.059" endtime="20211013 18:45:29.202"/>
</kw>
<status status="PASS" starttime="20211013 18:45:29.059" endtime="20211013 18:45:29.202"/>
</kw>
<status status="PASS" starttime="20211013 18:45:26.241" endtime="20211013 18:45:29.202"/>
</iter>
<iter>
<var name="${element}">reg_cualemail?</var>
<kw name="Run Keyword And Continue On Failure" library="BuiltIn">
<arg>Wait Until Element is Visible</arg>
<arg>${a1['${element}']}</arg>
<doc>Runs the keyword and continues execution even if a failure occurs.</doc>
<kw name="Wait Until Element Is Visible" library="SeleniumLibrary">
<arg>${a1['${element}']}</arg>
<doc>Waits until the element ``locator`` is visible.</doc>
<status status="PASS" starttime="20211013 18:45:29.203" endtime="20211013 18:45:29.270"/>
</kw>
[...]
<arg>capture element screenshot</arg>
<arg>${a1['${element}']}</arg>
<doc>Runs the keyword and continues execution even if a failure occurs.</doc>
<kw name="Capture Element Screenshot" library="SeleniumLibrary">
<arg>${a1['${element}']}</arg>
<doc>Captures a screenshot from the element identified by ``locator`` and embeds it into log file.</doc>
<msg timestamp="20211013 18:45:30.271" level="INFO" html="true">&lt;/td&gt;&lt;/tr&gt;&lt;tr&gt;&lt;td colspan="3"&gt;&lt;a href="selenium-element-screenshot-31.png"&gt;&lt;img src="selenium-element-screenshot-31.png" width="400px"&gt;&lt;/a&gt;</msg>
<status status="PASS" starttime="20211013 18:45:30.226" endtime="20211013 18:45:30.271"/>
</kw>
<status status="PASS" starttime="20211013 18:45:30.225" endtime="20211013 18:45:30.271"/>
</kw>
<status status="PASS" starttime="20211013 18:45:30.186" endtime="20211013 18:45:30.271"/>
</iter>
<iter>
<var name="${element}">reg_sesion</var>
<kw name="Run Keyword And Continue On Failure" library="BuiltIn">
<arg>Wait Until Element is Visible</arg>
<arg>${a1['${element}']}</arg>
<doc>Runs the keyword and continues execution even if a failure occurs.</doc>
<kw name="Wait Until Element Is Visible" library="SeleniumLibrary">
<arg>${a1['${element}']}</arg>
<doc>Waits until the element ``locator`` is visible.</doc>
<status status="PASS" starttime="20211013 18:45:30.271" endtime="20211013 18:45:30.289"/>
</kw>
<status status="PASS" starttime="20211013 18:45:30.271" endtime="20211013 18:45:30.289"/>
</kw>
<kw name="Run Keyword And Continue On Failure" library="BuiltIn">
<arg>element text should be</arg>
<arg>${a1['${element}']}</arg>
<arg>${a2['${element}']}</arg>
<doc>Runs the keyword and continues execution even if a failure occurs.</doc>
<kw name="Element Text Should Be" library="SeleniumLibrary">
<arg>${a1['${element}']}</arg>
<arg>${a2['${element}']}</arg>
<doc>Verifies that element ``locator`` contains exact the text ``expected``.</doc>
<msg timestamp="20211013 18:45:30.291" level="INFO">Verifying element 'xpath=/html/body/div[2]/div/div[1]/div/div[2]/div/div/div[7]/span/a' contains exact text 'Inicia sesión'.</msg>
<status status="PASS" starttime="20211013 18:45:30.289" endtime="20211013 18:45:30.305"/>
</kw>
<status status="PASS" starttime="20211013 18:45:30.289" endtime="20211013 18:45:30.305"/>
</kw>
<kw name="Run Keyword And Continue On Failure" library="BuiltIn">
<arg>capture element screenshot</arg>
<arg>${a1['${element}']}</arg>
<doc>Runs the keyword and continues execution even if a failure occurs.</doc>
<kw name="Capture Element Screenshot" library="SeleniumLibrary">
<arg>${a1['${element}']}</arg>
<doc>Captures a screenshot from the element identified by ``locator`` and embeds it into log file.</doc>
<msg timestamp="20211013 18:45:30.334" level="INFO" html="true">&lt;/td&gt;&lt;/tr&gt;&lt;tr&gt;&lt;td colspan="3"&gt;&lt;a href="selenium-element-screenshot-32.png"&gt;&lt;img src="selenium-element-screenshot-32.png" width="400px"&gt;&lt;/a&gt;</msg>
<status status="PASS" starttime="20211013 18:45:30.305" endtime="20211013 18:45:30.334"/>
</kw>
<status status="PASS" starttime="20211013 18:45:30.305" endtime="20211013 18:45:30.334"/>
</kw>
<status status="PASS" starttime="20211013 18:45:30.271" endtime="20211013 18:45:30.334"/>
</iter>
<status status="PASS" starttime="20211013 18:45:26.241" endtime="20211013 18:45:30.334"/>
</for>
<status status="PASS" starttime="20211013 18:45:26.240" endtime="20211013 18:45:30.334"/>
</kw>
<kw name="-INGRESAR EMAIL PARA REGISTRO-" library="common_functionalities">
<arg>${email_random}</arg>
<kw name="Wait Until Element Is Visible" library="SeleniumLibrary">
<arg>${elementos_register_page['reg_emailtextbox']}</arg>
<doc>Waits until the element ``locator`` is visible.</doc>
<status status="PASS" starttime="20211013 18:45:30.335" endtime="20211013 18:45:30.347"/>
</kw>
<kw name="Input Text" library="SeleniumLibrary">
<arg>${elementos_register_page['reg_emailtextbox']}</arg>
<arg>${email}</arg>
<doc>Types the given ``text`` into the text field identified by ``locator``.</doc>
<msg timestamp="20211013 18:45:30.348" level="INFO">Typing text '2_0_s_tamezaa@globalhitss.com' into text field 'xpath=//input[@id='emailRegister']'.</msg>
<status status="PASS" starttime="20211013 18:45:30.347" endtime="20211013 18:45:30.490"/>
</kw>
<kw name="Click Element" library="SeleniumLibrary">
<arg>${elementos_register_page['reg_terms_check']}</arg>
<doc>Click the element identified by ``locator``.</doc>
<msg timestamp="20211013 18:45:30.492" level="INFO">Clicking element 'xpath=//span[@class='_3i1FC']'.</msg>
<status status="PASS" starttime="20211013 18:45:30.491" endtime="20211013 18:45:30.570"/>
</kw>
<kw name="Click Button" library="SeleniumLibrary">
<arg>${elementos_register_page['reg_siguiente']}</arg>
<doc>Clicks the button identified by ``locator``.</doc>
<msg timestamp="20211013 18:45:30.571" level="INFO">Clicking button 'xpath=/html/body/div[2]/div/div[1]/div/div[2]/div/div/div[4]/div/button'.</msg>
<status status="PASS" starttime="20211013 18:45:30.570" endtime="20211013 18:45:30.653"/>
</kw>
<status status="PASS" starttime="20211013 18:45:30.334" endtime="20211013 18:45:30.653"/>
</kw>
<kw name="-VALIDAR TEXTOS Y ELEMENTOS-" library="common_functionalities">
<arg>${elementos_register_page_pass}</arg>
<arg>${textos_elementos_register_page_pass}</arg>
<for flavor="IN">
<var>${element}</var>
<value>@{a1}</value>
<iter>
<var name="${element}">reg_registrate</var>
<kw name="Run Keyword And Continue On Failure" library="BuiltIn">
<arg>Wait Until Element is Visible</arg>
<arg>${a1['${element}']}</arg>
<doc>Runs the keyword and continues execution even if a failure occurs.</doc>
<kw name="Wait Until Element Is Visible" library="SeleniumLibrary">
<arg>${a1['${element}']}</arg>
<doc>Waits until the element ``locator`` is visible.</doc>
<status status="PASS" starttime="20211013 18:45:30.654" endtime="20211013 18:45:30.670"/>
</kw>
<status status="PASS" starttime="20211013 18:45:30.654" endtime="20211013 18:45:30.670"/>
</kw>
<kw name="Run Keyword And Continue On Failure" library="BuiltIn">
<arg>element text should be</arg>
<arg>${a1['${element}']}</arg>
<arg>${a2['${element}']}</arg>
<doc>Runs the keyword and continues execution even if a failure occurs.</doc>
<kw name="Element Text Should Be" library="SeleniumLibrary">
<arg>${a1['${element}']}</arg>
<arg>${a2['${element}']}</arg>
<doc>Verifies that element ``locator`` contains exact the text ``expected``.</doc>
<msg timestamp="20211013 18:45:30.673" level="INFO">Verifying element 'xpath=//span[normalize-space()='Regístrate']' contains exact text 'Regístrate'.</msg>
<status status="PASS" starttime="20211013 18:45:30.671" endtime="20211013 18:45:30.687"/>
</kw>
<status status="PASS" starttime="20211013 18:45:30.671" endtime="20211013 18:45:30.687"/>
</kw>
<kw name="Run Keyword And Continue On Failure" library="BuiltIn">
<arg>capture element screenshot</arg>
<arg>${a1['${element}']}</arg>
<doc>Runs the keyword and continues execution even if a failure occurs.</doc>
<kw name="Capture Element Screenshot" library="SeleniumLibrary">
<arg>${a1['${element}']}</arg>
<doc>Captures a screenshot from the element identified by ``locator`` and embeds it into log file.</doc>
<msg timestamp="20211013 18:45:30.736" level="INFO" html="true">&lt;/td&gt;&lt;/tr&gt;&lt;tr&gt;&lt;td colspan="3"&gt;&lt;a href="selenium-element-screenshot-33.png"&gt;&lt;img src="selenium-element-screenshot-33.png" width="400px"&gt;&lt;/a&gt;</msg>
<status status="PASS" starttime="20211013 18:45:30.687" endtime="20211013 18:45:30.736"/>
</kw>
<status status="PASS" starttime="20211013 18:45:30.687" endtime="20211013 18:45:30.736"/>
</kw>
<status status="PASS" starttime="20211013 18:45:30.654" endtime="20211013 18:45:30.736"/>
</iter>
<iter>
<var name="${element}">reg_passtext?</var>
<kw name="Run Keyword And Continue On Failure" library="BuiltIn">
<arg>Wait Until Element is Visible</arg>
<arg>${a1['${element}']}</arg>
<doc>Runs the keyword and continues execution even if a failure occurs.</doc>
<kw name="Wait Until Element Is Visible" library="SeleniumLibrary">
<arg>${a1['${element}']}</arg>
<doc>Waits until the element ``locator`` is visible.</doc>
<status status="PASS" starttime="20211013 18:45:30.736" endtime="20211013 18:45:31.018"/>
</kw>
<status status="PASS" starttime="20211013 18:45:30.736" endtime="20211013 18:45:31.018"/>
</kw>
<kw name="Run Keyword And Continue On Failure" library="BuiltIn">
<arg>element text should be</arg>
<arg>${a1['${element}']}</arg>
<arg>${a2['${element}']}</arg>
<doc>Runs the keyword and continues execution even if a failure occurs.</doc>
<kw name="Element Text Should Be" library="SeleniumLibrary">
<arg>${a1['${element}']}</arg>
<arg>${a2['${element}']}</arg>
<doc>Verifies that element ``locator`` contains exact the text ``expected``.</doc>
<msg timestamp="20211013 18:45:31.020" level="INFO">Verifying element 'xpath=//span[normalize-space()='Elige una contraseña.']' contains exact text 'Elige una contraseña.'.</msg>
<status status="PASS" starttime="20211013 18:45:31.019" endtime="20211013 18:45:31.036"/>
</kw>
<status status="PASS" starttime="20211013 18:45:31.018" endtime="20211013 18:45:31.036"/>
</kw>
<kw name="Run Keyword And Continue On Failure" library="BuiltIn">
<arg>capture element screenshot</arg>
<arg>${a1['${element}']}</arg>
<doc>Runs the keyword and continues execution even if a failure occurs.</doc>
<kw name="Capture Element Screenshot" library="SeleniumLibrary">
<arg>${a1['${element}']}</arg>
<doc>Captures a screenshot from the element identified by ``locator`` and embeds it into log file.</doc>
<msg timestamp="20211013 18:45:31.120" level="INFO" html="true">&lt;/td&gt;&lt;/tr&gt;&lt;tr&gt;&lt;td colspan="3"&gt;&lt;a href="selenium-element-screenshot-34.png"&gt;&lt;img src="selenium-element-screenshot-34.png" width="400px"&gt;&lt;/a&gt;</msg>
<status status="PASS" starttime="20211013 18:45:31.036" endtime="20211013 18:45:31.120"/>
</kw>
<status status="PASS" starttime="20211013 18:45:31.036" endtime="20211013 18:45:31.120"/>
</kw>
<status status="PASS" starttime="20211013 18:45:30.736" endtime="20211013 18:45:31.120"/>
</iter>
<iter>
<var name="${element}">reg_passfield</var>
<kw name="Run Keyword And Continue On Failure" library="BuiltIn">
<arg>Wait Until Element is Visible</arg>
<arg>${a1['${element}']}</arg>
<doc>Runs the keyword and continues execution even if a failure occurs.</doc>
<kw name="Wait Until Element Is Visible" library="SeleniumLibrary">
<arg>${a1['${element}']}</arg>
<doc>Waits until the element ``locator`` is visible.</doc>
<status status="PASS" starttime="20211013 18:45:31.120" endtime="20211013 18:45:31.138"/>
</kw>
<status status="PASS" starttime="20211013 18:45:31.120" endtime="20211013 18:45:31.138"/>
</kw>
<kw name="Run Keyword And Continue On Failure" library="BuiltIn">
<arg>element text should be</arg>
<arg>${a1['${element}']}</arg>
<arg>${a2['${element}']}</arg>
<doc>Runs the keyword and continues execution even if a failure occurs.</doc>
<kw name="Element Text Should Be" library="SeleniumLibrary">
<arg>${a1['${element}']}</arg>
<arg>${a2['${element}']}</arg>
<doc>Verifies that element ``locator`` contains exact the text ``expected``.</doc>
<msg timestamp="20211013 18:45:31.140" level="INFO">Verifying element 'xpath=//input[@id='password']' contains exact text ''.</msg>
<status status="PASS" starttime="20211013 18:45:31.139" endtime="20211013 18:45:31.155"/>
</kw>
<status status="PASS" starttime="20211013 18:45:31.138" endtime="20211013 18:45:31.155"/>
</kw>
<kw name="Run Keyword And Continue On Failure" library="BuiltIn">
<arg>capture element screenshot</arg>
<arg>${a1['${element}']}</arg>
<doc>Runs the keyword and continues execution even if a failure occurs.</doc>
<kw name="Capture Element Screenshot" library="SeleniumLibrary">
<arg>${a1['${element}']}</arg>
<doc>Captures a screenshot from the element identified by ``locator`` and embeds it into log file.</doc>
<msg timestamp="20211013 18:45:31.204" level="INFO" html="true">&lt;/td&gt;&lt;/tr&gt;&lt;tr&gt;&lt;td colspan="3"&gt;&lt;a href="selenium-element-screenshot-35.png"&gt;&lt;img src="selenium-element-screenshot-35.png" width="400px"&gt;&lt;/a&gt;</msg>
<status status="PASS" starttime="20211013 18:45:31.155" endtime="20211013 18:45:31.204"/>
</kw>
<status status="PASS" starttime="20211013 18:45:31.155" endtime="20211013 18:45:31.204"/>
</kw>
<status status="PASS" starttime="20211013 18:45:31.120" endtime="20211013 18:45:31.204"/>
</iter>
<iter>
<var name="${element}">reg_siguiente</var>
<kw name="Run Keyword And Continue On Failure" library="BuiltIn">
<arg>Wait Until Element is Visible</arg>
<arg>${a1['${element}']}</arg>
<doc>Runs the keyword and continues execution even if a failure occurs.</doc>
<kw name="Wait Until Element Is Visible" library="SeleniumLibrary">
<arg>${a1['${element}']}</arg>
<doc>Waits until the element ``locator`` is visible.</doc>
<status status="PASS" starttime="20211013 18:45:31.205" endtime="20211013 18:45:31.222"/>
</kw>
<status status="PASS" starttime="20211013 18:45:31.204" endtime="20211013 18:45:31.222"/>
</kw>
<kw name="Run Keyword And Continue On Failure" library="BuiltIn">
<arg>element text should be</arg>
<arg>${a1['${element}']}</arg>
<arg>${a2['${element}']}</arg>
<doc>Runs the keyword and continues execution even if a failure occurs.</doc>
<kw name="Element Text Should Be" library="SeleniumLibrary">
<arg>${a1['${element}']}</arg>
<arg>${a2['${element}']}</arg>
<doc>Verifies that element ``locator`` contains exact the text ``expected``.</doc>
<msg timestamp="20211013 18:45:31.224" level="INFO">Verifying element 'xpath=//button[normalize-space()='SIGUIENTE']' contains exact text 'SIGUIENTE'.</msg>
<status status="PASS" starttime="20211013 18:45:31.222" endtime="20211013 18:45:31.240"/>
</kw>
<status status="PASS" starttime="20211013 18:45:31.222" endtime="20211013 18:45:31.240"/>
</kw>
<kw name="Run Keyword And Continue On Failure" library="BuiltIn">
<arg>capture element screenshot</arg>
<arg>${a1['${element}']}</arg>
<doc>Runs the keyword and continues execution even if a failure occurs.</doc>
<kw name="Capture Element Screenshot" library="SeleniumLibrary">
<arg>${a1['${element}']}</arg>
<doc>Captures a screenshot from the element identified by ``locator`` and embeds it into log file.</doc>
<msg timestamp="20211013 18:45:31.300" level="INFO" html="true">&lt;/td&gt;&lt;/tr&gt;&lt;tr&gt;&lt;td colspan="3"&gt;&lt;a href="selenium-element-screenshot-36.png"&gt;&lt;img src="selenium-element-screenshot-36.png" width="400px"&gt;&lt;/a&gt;</msg>
<status status="PASS" starttime="20211013 18:45:31.241" endtime="20211013 18:45:31.300"/>
</kw>
<status status="PASS" starttime="20211013 18:45:31.240" endtime="20211013 18:45:31.300"/>
</kw>
<status status="PASS" starttime="20211013 18:45:31.204" endtime="20211013 18:45:31.300"/>
</iter>
<iter>
<var name="${element}">reg_cancelar</var>
<kw name="Run Keyword And Continue On Failure" library="BuiltIn">
<arg>Wait Until Element is Visible</arg>
<arg>${a1['${element}']}</arg>
<doc>Runs the keyword and continues execution even if a failure occurs.</doc>
<kw name="Wait Until Element Is Visible" library="SeleniumLibrary">
<arg>${a1['${element}']}</arg>
<doc>Waits until the element ``locator`` is visible.</doc>
<status status="PASS" starttime="20211013 18:45:31.300" endtime="20211013 18:45:31.319"/>
</kw>
<status status="PASS" starttime="20211013 18:45:31.300" endtime="20211013 18:45:31.319"/>
</kw>
<kw name="Run Keyword And Continue On Failure" library="BuiltIn">
<arg>element text should be</arg>
<arg>${a1['${element}']}</arg>
<arg>${a2['${element}']}</arg>
<doc>Runs the keyword and continues execution even if a failure occurs.</doc>
<kw name="Element Text Should Be" library="SeleniumLibrary">
<arg>${a1['${element}']}</arg>
<arg>${a2['${element}']}</arg>
<doc>Verifies that element ``locator`` contains exact the text ``expected``.</doc>
<msg timestamp="20211013 18:45:31.321" level="INFO">Verifying element 'xpath=//button[normalize-space()='CANCELAR']' contains exact text 'CANCELAR'.</msg>
<status status="PASS" starttime="20211013 18:45:31.319" endtime="20211013 18:45:31.335"/>
</kw>
<status status="PASS" starttime="20211013 18:45:31.319" endtime="20211013 18:45:31.335"/>
</kw>
<kw name="Run Keyword And Continue On Failure" library="BuiltIn">
<arg>capture element screenshot</arg>
<arg>${a1['${element}']}</arg>
<doc>Runs the keyword and continues execution even if a failure occurs.</doc>
<kw name="Capture Element Screenshot" library="SeleniumLibrary">
<arg>${a1['${element}']}</arg>
<doc>Captures a screenshot from the element identified by ``locator`` and embeds it into log file.</doc>
<msg timestamp="20211013 18:45:31.397" level="INFO" html="true">&lt;/td&gt;&lt;/tr&gt;&lt;tr&gt;&lt;td colspan="3"&gt;&lt;a href="selenium-element-screenshot-37.png"&gt;&lt;img src="selenium-element-screenshot-37.png" width="400px"&gt;&lt;/a&gt;</msg>
<status status="PASS" starttime="20211013 18:45:31.335" endtime="20211013 18:45:31.397"/>
</kw>
<status status="PASS" starttime="20211013 18:45:31.335" endtime="20211013 18:45:31.397"/>
</kw>
<status status="PASS" starttime="20211013 18:45:31.300" endtime="20211013 18:45:31.397"/>
</iter>
<status status="PASS" starttime="20211013 18:45:30.654" endtime="20211013 18:45:31.397"/>
</for>
<status status="PASS" starttime="20211013 18:45:30.653" endtime="20211013 18:45:31.397"/>
</kw>
<kw name="-INGRESAR PASSWORD PARA REGISTRO-" library="common_functionalities">
<arg>${pass_valido_registro}</arg>
<kw name="Wait Until Element Is Visible" library="SeleniumLibrary">
<arg>${elementos_register_page_pass['reg_passfield']}</arg>
<doc>Waits until the element ``locator`` is visible.</doc>
<status status="PASS" starttime="20211013 18:45:31.398" endtime="20211013 18:45:31.412"/>
</kw>
<kw name="Input Text" library="SeleniumLibrary">
<arg>${elementos_register_page_pass['reg_passfield']}</arg>
<arg>${pass_valido}</arg>
<doc>Types the given ``text`` into the text field identified by ``locator``.</doc>
<msg timestamp="20211013 18:45:31.414" level="INFO">Typing text 'Claro123' into text field 'xpath=//input[@id='password']'.</msg>
<status status="PASS" starttime="20211013 18:45:31.412" endtime="20211013 18:45:31.496"/>
</kw>
<kw name="Click Button" library="SeleniumLibrary">
<arg>${elementos_register_page_pass['reg_siguiente']}</arg>
<doc>Clicks the button identified by ``locator``.</doc>
<msg timestamp="20211013 18:45:31.497" level="INFO">Clicking button 'xpath=//button[normalize-space()='SIGUIENTE']'.</msg>
<status status="PASS" starttime="20211013 18:45:31.496" endtime="20211013 18:45:31.592"/>
</kw>
<kw name="Wait Until Page Contains Element" library="SeleniumLibrary">
<arg>xpath=//i[@name='search']</arg>
<doc>Waits until the element ``locator`` appears on the current page.</doc>
<status status="PASS" starttime="20211013 18:45:31.593" endtime="20211013 18:45:36.168"/>
</kw>
<status status="PASS" starttime="20211013 18:45:31.398" endtime="20211013 18:45:36.168"/>
</kw>
<status status="PASS" starttime="20211013 18:45:21.738" endtime="20211013 18:45:36.169"/>
</test>
<doc>validar funcionalidades NAVEGACION (NA_QC)</doc>
<status status="PASS" starttime="20211013 18:45:03.646" endtime="20211013 18:45:36.170"/>
</suite>
<status status="FAIL" starttime="20211013 18:43:50.328" endtime="20211013 18:45:36.172"/>
</suite>
<statistics>
<total>
<stat pass="5" fail="2" skip="0">All Tests</stat>
</total>
<tag>
</tag>
<suite>
<stat pass="5" fail="2" skip="0" id="s1" name="CV-MX-WEB-ACCESO &amp; CV-MX-WEB-NAVEGACION">CV-MX-WEB-ACCESO &amp; CV-MX-WEB-NAVEGACION</stat>
<stat pass="2" fail="2" skip="0" id="s1-s1" name="CV-MX-WEB-ACCESO">CV-MX-WEB-ACCESO &amp; CV-MX-WEB-NAVEGACION.CV-MX-WEB-ACCESO</stat>
<stat pass="3" fail="0" skip="0" id="s1-s2" name="CV-MX-WEB-NAVEGACION">CV-MX-WEB-ACCESO &amp; CV-MX-WEB-NAVEGACION.CV-MX-WEB-NAVEGACION</stat>
</suite>
</statistics>
<errors>
</errors>
</robot>
